This file contains any messages produced by compilers while
running configure, to aid debugging if configure makes a mistake.

It was created by configure, which was
generated by GNU Autoconf 2.68.  Invocation command line was

  $ ./configure --disable-option-checking --prefix=/sdcard/opt/nmap --host=arm-linux-androideabi --without-zenmap --without-nping --without-ncat --without-ndiff --with-liblua=included --with-libpcap=internal --with-pcap=linux --enable-static --with-openssl=/home/mogi/nmap/openssl host_alias=arm-linux-androideabi CC=arm-linux-androideabi-gcc LDFLAGS=-static CXX=arm-linux-androideabi-g++ --cache-file=/dev/null --srcdir=.

## --------- ##
## Platform. ##
## --------- ##

hostname = nomad
uname -m = x86_64
uname -r = 3.3.6-1-ARCH
uname -s = Linux
uname -v = #1 SMP PREEMPT Sun May 13 10:52:32 CEST 2012

/usr/bin/uname -p = unknown
/bin/uname -X     = unknown

/bin/arch              = unknown
/usr/bin/arch -k       = unknown
/usr/convex/getsysinfo = unknown
/usr/bin/hostinfo      = unknown
/bin/machine           = unknown
/usr/bin/oslevel       = unknown
/bin/universe          = unknown

PATH: /tmp/ndk/bin
PATH: /usr/local/bin
PATH: /usr/bin
PATH: /bin
PATH: /usr/local/sbin
PATH: /usr/sbin
PATH: /sbin
PATH: /opt/jdk1.5.0_22/bin
PATH: /opt/jdk1.5.0_22/jre/bin
PATH: /usr/bin/vendor_perl
PATH: /usr/bin/core_perl
PATH: /home/mogi/android-sdks/tools
PATH: /home/mogi/android-sdks/platform-tools
PATH: /home/mogi/android-ndk-r8
PATH: /usr/share/java/apache-ant/bin
PATH: /opt/idea-IC-117.117/bin


## ----------- ##
## Core tests. ##
## ----------- ##

configure:2081: checking build system type
configure:2095: result: x86_64-unknown-linux-gnu
configure:2115: checking host system type
configure:2128: result: arm-unknown-linux-androideabi
configure:2276: checking for arm-linux-androideabi-gcc
configure:2303: result: arm-linux-androideabi-gcc
configure:2572: checking for C compiler version
configure:2581: arm-linux-androideabi-gcc --version >&5
arm-linux-androideabi-gcc (GCC) 4.4.3
Copyright (C) 2009 Free Software Foundation, Inc.
This is free software; see the source for copying conditions.  There is NO
warranty; not even for MERCHANTABILITY or FITNESS FOR A PARTICULAR PURPOSE.

configure:2592: $? = 0
configure:2581: arm-linux-androideabi-gcc -v >&5
Using built-in specs.
Target: arm-linux-androideabi
Configured with: /tmp/ndk-digit/src/build/../gcc/gcc-4.4.3/configure --prefix=/opt/digit/repo/opensource/ndk/toolchains/arm-linux-androideabi-4.4.3/prebuilt/linux-x86 --target=arm-linux-androideabi --host=x86_64-linux-gnu --build=x86_64-linux-gnu --with-gnu-as --with-gnu-ld --enable-languages=c,c++ --with-gmp=/tmp/ndk-digit/build/toolchain/temp-install --with-mpfr=/tmp/ndk-digit/build/toolchain/temp-install --disable-libssp --enable-threads --disable-nls --disable-libmudflap --disable-libgomp --disable-libstdc__-v3 --disable-sjlj-exceptions --disable-shared --disable-tls --with-float=soft --with-fpu=vfp --with-arch=armv5te --enable-target-optspace --enable-initfini-array --disable-nls --prefix=/opt/digit/repo/opensource/ndk/toolchains/arm-linux-androideabi-4.4.3/prebuilt/linux-x86 --with-sysroot=/opt/digit/repo/opensource/ndk/toolchains/arm-linux-androideabi-4.4.3/prebuilt/linux-x86/sysroot --with-binutils-version=2.19 --with-mpfr-version=2.4.1 --with-gmp-version=4.2.4 --with-gcc-version=4.4.3 --with-gdb-version=6.6 --with-arch=armv5te --program-transform-name='s,^,arm-linux-androideabi-,'
Thread model: posix
gcc version 4.4.3 (GCC) 
configure:2592: $? = 0
configure:2581: arm-linux-androideabi-gcc -V >&5
arm-linux-androideabi-gcc: '-V' option must have argument
configure:2592: $? = 1
configure:2581: arm-linux-androideabi-gcc -qversion >&5
arm-linux-androideabi-gcc: unrecognized option '-qversion'
arm-linux-androideabi-gcc: no input files
configure:2592: $? = 1
configure:2612: checking whether the C compiler works
configure:2634: arm-linux-androideabi-gcc   -static conftest.c  >&5
configure:2638: $? = 0
configure:2686: result: yes
configure:2689: checking for C compiler default output file name
configure:2691: result: a.out
configure:2697: checking for suffix of executables
configure:2704: arm-linux-androideabi-gcc -o conftest   -static conftest.c  >&5
configure:2708: $? = 0
configure:2730: result: 
configure:2752: checking whether we are cross compiling
configure:2760: arm-linux-androideabi-gcc -o conftest   -static conftest.c  >&5
configure:2764: $? = 0
configure:2771: ./conftest
./configure: line 2773: ./conftest: cannot execute binary file
configure:2775: $? = 126
configure:2790: result: yes
configure:2795: checking for suffix of object files
configure:2817: arm-linux-androideabi-gcc -c   conftest.c >&5
configure:2821: $? = 0
configure:2842: result: o
configure:2846: checking whether we are using the GNU C compiler
configure:2865: arm-linux-androideabi-gcc -c   conftest.c >&5
configure:2865: $? = 0
configure:2874: result: yes
configure:2883: checking whether arm-linux-androideabi-gcc accepts -g
configure:2903: arm-linux-androideabi-gcc -c -g  conftest.c >&5
configure:2903: $? = 0
configure:2944: result: yes
configure:2961: checking for arm-linux-androideabi-gcc option to accept ISO C89
configure:3025: arm-linux-androideabi-gcc  -c -g -O2  conftest.c >&5
configure:3025: $? = 0
configure:3038: result: none needed
configure:3064: checking for arm-linux-androideabi-ranlib
configure:3091: result: arm-linux-androideabi-ranlib
configure:3158: checking for gethostent
configure:3158: result: no
configure:3162: checking for gethostent in -lnsl
configure:3234: arm-linux-androideabi-gcc -o conftest -g -O2 -Wall   -static conftest.c -lnsl   >&5
/tmp/ndk/bin/../lib/gcc/arm-linux-androideabi/4.4.3/../../../../arm-linux-androideabi/bin/ld: cannot find -lnsl
collect2: ld returned 1 exit status
configure:3234: $? = 1
configure: failed program was:
| /* confdefs.h */
| #define PACKAGE_NAME ""
| #define PACKAGE_TARNAME ""
| #define PACKAGE_VERSION ""
| #define PACKAGE_STRING ""
| #define PACKAGE_BUGREPORT ""
| #define PACKAGE_URL ""
| #define LINUX 1
| #define HAVE_PCAP 1
| /* end confdefs.h.  */
| 
| /* Override any GCC internal prototype to avoid an error.
|    Use char because int might match the return type of a GCC
|    builtin and then its argument prototype would still apply.  */
| #ifdef __cplusplus
| extern "C"
| #endif
| char gethostent ();
| int
| main ()
| {
| return gethostent ();
|   ;
|   return 0;
| }
configure:3243: result: no
configure:3256: checking for setsockopt
configure:3256: arm-linux-androideabi-gcc -o conftest -g -O2 -Wall   -static conftest.c  >&5
configure:3256: $? = 0
configure:3256: result: yes
configure:3308: checking for nanosleep
configure:3308: arm-linux-androideabi-gcc -o conftest -g -O2 -Wall   -static conftest.c  >&5
configure:3308: $? = 0
configure:3308: result: yes
configure:3365: checking how to run the C preprocessor
configure:3396: arm-linux-androideabi-gcc -E  conftest.c
configure:3396: $? = 0
configure:3410: arm-linux-androideabi-gcc -E  conftest.c
conftest.c:11:28: error: ac_nonexistent.h: No such file or directory
configure:3410: $? = 1
configure: failed program was:
| /* confdefs.h */
| #define PACKAGE_NAME ""
| #define PACKAGE_TARNAME ""
| #define PACKAGE_VERSION ""
| #define PACKAGE_STRING ""
| #define PACKAGE_BUGREPORT ""
| #define PACKAGE_URL ""
| #define LINUX 1
| #define HAVE_PCAP 1
| /* end confdefs.h.  */
| #include <ac_nonexistent.h>
configure:3435: result: arm-linux-androideabi-gcc -E
configure:3455: arm-linux-androideabi-gcc -E  conftest.c
configure:3455: $? = 0
configure:3469: arm-linux-androideabi-gcc -E  conftest.c
conftest.c:11:28: error: ac_nonexistent.h: No such file or directory
configure:3469: $? = 1
configure: failed program was:
| /* confdefs.h */
| #define PACKAGE_NAME ""
| #define PACKAGE_TARNAME ""
| #define PACKAGE_VERSION ""
| #define PACKAGE_STRING ""
| #define PACKAGE_BUGREPORT ""
| #define PACKAGE_URL ""
| #define LINUX 1
| #define HAVE_PCAP 1
| /* end confdefs.h.  */
| #include <ac_nonexistent.h>
configure:3498: checking for grep that handles long lines and -e
configure:3556: result: /usr/bin/grep
configure:3561: checking for egrep
configure:3623: result: /usr/bin/grep -E
configure:3628: checking for ANSI C header files
configure:3648: arm-linux-androideabi-gcc -c -g -O2 -Wall   conftest.c >&5
configure:3648: $? = 0
configure:3732: result: yes
configure:3745: checking for sys/types.h
configure:3745: arm-linux-androideabi-gcc -c -g -O2 -Wall   conftest.c >&5
configure:3745: $? = 0
configure:3745: result: yes
configure:3745: checking for sys/stat.h
configure:3745: arm-linux-androideabi-gcc -c -g -O2 -Wall   conftest.c >&5
configure:3745: $? = 0
configure:3745: result: yes
configure:3745: checking for stdlib.h
configure:3745: arm-linux-androideabi-gcc -c -g -O2 -Wall   conftest.c >&5
configure:3745: $? = 0
configure:3745: result: yes
configure:3745: checking for string.h
configure:3745: arm-linux-androideabi-gcc -c -g -O2 -Wall   conftest.c >&5
configure:3745: $? = 0
configure:3745: result: yes
configure:3745: checking for memory.h
configure:3745: arm-linux-androideabi-gcc -c -g -O2 -Wall   conftest.c >&5
configure:3745: $? = 0
configure:3745: result: yes
configure:3745: checking for strings.h
configure:3745: arm-linux-androideabi-gcc -c -g -O2 -Wall   conftest.c >&5
configure:3745: $? = 0
configure:3745: result: yes
configure:3745: checking for inttypes.h
configure:3745: arm-linux-androideabi-gcc -c -g -O2 -Wall   conftest.c >&5
configure:3745: $? = 0
configure:3745: result: yes
configure:3745: checking for stdint.h
configure:3745: arm-linux-androideabi-gcc -c -g -O2 -Wall   conftest.c >&5
configure:3745: $? = 0
configure:3745: result: yes
configure:3745: checking for unistd.h
configure:3745: arm-linux-androideabi-gcc -c -g -O2 -Wall   conftest.c >&5
configure:3745: $? = 0
configure:3745: result: yes
configure:3760: checking net/bpf.h usability
configure:3760: arm-linux-androideabi-gcc -c -g -O2 -Wall   conftest.c >&5
conftest.c:54:21: error: net/bpf.h: No such file or directory
configure:3760: $? = 1
configure: failed program was:
| /* confdefs.h */
| #define PACKAGE_NAME ""
| #define PACKAGE_TARNAME ""
| #define PACKAGE_VERSION ""
| #define PACKAGE_STRING ""
| #define PACKAGE_BUGREPORT ""
| #define PACKAGE_URL ""
| #define LINUX 1
| #define HAVE_PCAP 1
| #define STDC_HEADERS 1
| #define HAVE_SYS_TYPES_H 1
| #define HAVE_SYS_STAT_H 1
| #define HAVE_STDLIB_H 1
| #define HAVE_STRING_H 1
| #define HAVE_MEMORY_H 1
| #define HAVE_STRINGS_H 1
| #define HAVE_INTTYPES_H 1
| #define HAVE_STDINT_H 1
| #define HAVE_UNISTD_H 1
| /* end confdefs.h.  */
| #include <stdio.h>
| #ifdef HAVE_SYS_TYPES_H
| # include <sys/types.h>
| #endif
| #ifdef HAVE_SYS_STAT_H
| # include <sys/stat.h>
| #endif
| #ifdef STDC_HEADERS
| # include <stdlib.h>
| # include <stddef.h>
| #else
| # ifdef HAVE_STDLIB_H
| #  include <stdlib.h>
| # endif
| #endif
| #ifdef HAVE_STRING_H
| # if !defined STDC_HEADERS && defined HAVE_MEMORY_H
| #  include <memory.h>
| # endif
| # include <string.h>
| #endif
| #ifdef HAVE_STRINGS_H
| # include <strings.h>
| #endif
| #ifdef HAVE_INTTYPES_H
| # include <inttypes.h>
| #endif
| #ifdef HAVE_STDINT_H
| # include <stdint.h>
| #endif
| #ifdef HAVE_UNISTD_H
| # include <unistd.h>
| #endif
| #include <net/bpf.h>
configure:3760: result: no
configure:3760: checking net/bpf.h presence
configure:3760: arm-linux-androideabi-gcc -E  conftest.c
conftest.c:21:21: error: net/bpf.h: No such file or directory
configure:3760: $? = 1
configure: failed program was:
| /* confdefs.h */
| #define PACKAGE_NAME ""
| #define PACKAGE_TARNAME ""
| #define PACKAGE_VERSION ""
| #define PACKAGE_STRING ""
| #define PACKAGE_BUGREPORT ""
| #define PACKAGE_URL ""
| #define LINUX 1
| #define HAVE_PCAP 1
| #define STDC_HEADERS 1
| #define HAVE_SYS_TYPES_H 1
| #define HAVE_SYS_STAT_H 1
| #define HAVE_STDLIB_H 1
| #define HAVE_STRING_H 1
| #define HAVE_MEMORY_H 1
| #define HAVE_STRINGS_H 1
| #define HAVE_INTTYPES_H 1
| #define HAVE_STDINT_H 1
| #define HAVE_UNISTD_H 1
| /* end confdefs.h.  */
| #include <net/bpf.h>
configure:3760: result: no
configure:3760: checking for net/bpf.h
configure:3760: result: no
configure:3760: checking sys/ioctl.h usability
configure:3760: arm-linux-androideabi-gcc -c -g -O2 -Wall   conftest.c >&5
configure:3760: $? = 0
configure:3760: result: yes
configure:3760: checking sys/ioctl.h presence
configure:3760: arm-linux-androideabi-gcc -E  conftest.c
configure:3760: $? = 0
configure:3760: result: yes
configure:3760: checking for sys/ioctl.h
configure:3760: result: yes
configure:3914: checking for library containing dlopen
configure:3945: arm-linux-androideabi-gcc -o conftest -g -O2 -Wall   -I/home/mogi/nmap/openssl/include -static -L/home/mogi/nmap/openssl/lib conftest.c  >&5
/tmp/ccTcV6i6.o: In function `main':
/home/mogi/nmap/nsock/src/conftest.c:33: undefined reference to `dlopen'
collect2: ld returned 1 exit status
configure:3945: $? = 1
configure: failed program was:
| /* confdefs.h */
| #define PACKAGE_NAME ""
| #define PACKAGE_TARNAME ""
| #define PACKAGE_VERSION ""
| #define PACKAGE_STRING ""
| #define PACKAGE_BUGREPORT ""
| #define PACKAGE_URL ""
| #define LINUX 1
| #define HAVE_PCAP 1
| #define STDC_HEADERS 1
| #define HAVE_SYS_TYPES_H 1
| #define HAVE_SYS_STAT_H 1
| #define HAVE_STDLIB_H 1
| #define HAVE_STRING_H 1
| #define HAVE_MEMORY_H 1
| #define HAVE_STRINGS_H 1
| #define HAVE_INTTYPES_H 1
| #define HAVE_STDINT_H 1
| #define HAVE_UNISTD_H 1
| #define HAVE_SYS_IOCTL_H 1
| /* end confdefs.h.  */
| 
| /* Override any GCC internal prototype to avoid an error.
|    Use char because int might match the return type of a GCC
|    builtin and then its argument prototype would still apply.  */
| #ifdef __cplusplus
| extern "C"
| #endif
| char dlopen ();
| int
| main ()
| {
| return dlopen ();
|   ;
|   return 0;
| }
configure:3945: arm-linux-androideabi-gcc -o conftest -g -O2 -Wall   -I/home/mogi/nmap/openssl/include -static -L/home/mogi/nmap/openssl/lib conftest.c -ldl   >&5
configure:3945: $? = 0
configure:3962: result: -ldl
configure:3981: checking for SSL_set_tlsext_host_name
configure:3994: arm-linux-androideabi-gcc -o conftest -g -O2 -Wall   -I/home/mogi/nmap/openssl/include -static -L/home/mogi/nmap/openssl/lib conftest.c -ldl  -lssl -lcrypto >&5
conftest.c: In function 'main':
conftest.c:27: warning: implicit declaration of function 'SSL_set_tlsext_host_name'
/tmp/ccpfZSYj.o: In function `main':
/home/mogi/nmap/nsock/src/conftest.c:27: undefined reference to `SSL_set_tlsext_host_name'
collect2: ld returned 1 exit status
configure:3994: $? = 1
configure: failed program was:
| /* confdefs.h */
| #define PACKAGE_NAME ""
| #define PACKAGE_TARNAME ""
| #define PACKAGE_VERSION ""
| #define PACKAGE_STRING ""
| #define PACKAGE_BUGREPORT ""
| #define PACKAGE_URL ""
| #define LINUX 1
| #define HAVE_PCAP 1
| #define STDC_HEADERS 1
| #define HAVE_SYS_TYPES_H 1
| #define HAVE_SYS_STAT_H 1
| #define HAVE_STDLIB_H 1
| #define HAVE_STRING_H 1
| #define HAVE_MEMORY_H 1
| #define HAVE_STRINGS_H 1
| #define HAVE_INTTYPES_H 1
| #define HAVE_STDINT_H 1
| #define HAVE_UNISTD_H 1
| #define HAVE_SYS_IOCTL_H 1
| #define HAVE_OPENSSL 1
| /* end confdefs.h.  */
| #include <openssl/ssl.h>
| int
| main ()
| {
| SSL_set_tlsext_host_name(NULL, NULL)
|   ;
|   return 0;
| }
configure:3999: result: no
configure:4147: creating ./config.status

## ---------------------- ##
## Running config.status. ##
## ---------------------- ##

This file was extended by config.status, which was
generated by GNU Autoconf 2.68.  Invocation command line was

  CONFIG_FILES    = 
  CONFIG_HEADERS  = 
  CONFIG_LINKS    = 
  CONFIG_COMMANDS = 
  $ ./config.status 

on nomad

config.status:827: creating Makefile
config.status:827: creating ../include/nsock_config.h
config.status:997: ../include/nsock_config.h is unchanged

## ---------------- ##
## Cache variables. ##
## ---------------- ##

ac_cv_build=x86_64-unknown-linux-gnu
ac_cv_c_compiler_gnu=yes
ac_cv_env_CC_set=set
ac_cv_env_CC_value=arm-linux-androideabi-gcc
ac_cv_env_CFLAGS_set=
ac_cv_env_CFLAGS_value=
ac_cv_env_CPPFLAGS_set=
ac_cv_env_CPPFLAGS_value=
ac_cv_env_CPP_set=
ac_cv_env_CPP_value=
ac_cv_env_LDFLAGS_set=set
ac_cv_env_LDFLAGS_value=-static
ac_cv_env_LIBS_set=
ac_cv_env_LIBS_value=
ac_cv_env_build_alias_set=
ac_cv_env_build_alias_value=
ac_cv_env_host_alias_set=set
ac_cv_env_host_alias_value=arm-linux-androideabi
ac_cv_env_target_alias_set=
ac_cv_env_target_alias_value=
ac_cv_func_gethostent=no
ac_cv_func_nanosleep=yes
ac_cv_func_setsockopt=yes
ac_cv_header_inttypes_h=yes
ac_cv_header_memory_h=yes
ac_cv_header_net_bpf_h=no
ac_cv_header_stdc=yes
ac_cv_header_stdint_h=yes
ac_cv_header_stdlib_h=yes
ac_cv_header_string_h=yes
ac_cv_header_strings_h=yes
ac_cv_header_sys_ioctl_h=yes
ac_cv_header_sys_stat_h=yes
ac_cv_header_sys_types_h=yes
ac_cv_header_unistd_h=yes
ac_cv_host=arm-unknown-linux-androideabi
ac_cv_lib_nsl_gethostent=no
ac_cv_linux_vers=2
ac_cv_objext=o
ac_cv_path_EGREP='/usr/bin/grep -E'
ac_cv_path_GREP=/usr/bin/grep
ac_cv_prog_CC=arm-linux-androideabi-gcc
ac_cv_prog_CPP='arm-linux-androideabi-gcc -E'
ac_cv_prog_RANLIB=arm-linux-androideabi-ranlib
ac_cv_prog_cc_c89=
ac_cv_prog_cc_g=yes
ac_cv_search_dlopen=-ldl

## ----------------- ##
## Output variables. ##
## ----------------- ##

CC='arm-linux-androideabi-gcc'
CFLAGS='-g -O2 -Wall '
COMPAT_OBJS=''
COMPAT_SRCS=''
CPP='arm-linux-androideabi-gcc -E'
CPPFLAGS=' -I/home/mogi/nmap/openssl/include -I../../nbase'
DEFS='-DHAVE_CONFIG_H'
ECHO_C=''
ECHO_N='-n'
ECHO_T=''
EGREP='/usr/bin/grep -E'
EXEEXT=''
GREP='/usr/bin/grep'
LDFLAGS='-static -L/home/mogi/nmap/openssl/lib -L../../nbase'
LIBNBASE_LIBS='-ldl  -lssl -lcrypto -lnbase'
LIBOBJS=''
LIBS='-ldl  -lssl -lcrypto'
LTLIBOBJS=''
NBASEDIR='../../nbase'
OBJEXT='o'
OPENSSL_LIBS='-lssl -lcrypto'
PACKAGE_BUGREPORT=''
PACKAGE_NAME=''
PACKAGE_STRING=''
PACKAGE_TARNAME=''
PACKAGE_URL=''
PACKAGE_VERSION=''
PATH_SEPARATOR=':'
RANLIB='arm-linux-androideabi-ranlib'
SHELL='/bin/sh'
ac_ct_CC=''
bindir='${exec_prefix}/bin'
build='x86_64-unknown-linux-gnu'
build_alias=''
build_cpu='x86_64'
build_os='linux-gnu'
build_vendor='unknown'
datadir='${datarootdir}'
datarootdir='${prefix}/share'
docdir='${datarootdir}/doc/${PACKAGE}'
dvidir='${docdir}'
exec_prefix='${prefix}'
host='arm-unknown-linux-androideabi'
host_alias='arm-linux-androideabi'
host_cpu='arm'
host_os='linux-androideabi'
host_vendor='unknown'
htmldir='${docdir}'
includedir='${prefix}/include'
infodir='${datarootdir}/info'
libdir='${exec_prefix}/lib'
libexecdir='${exec_prefix}/libexec'
localedir='${datarootdir}/locale'
localstatedir='${prefix}/var'
mandir='${datarootdir}/man'
oldincludedir='/usr/include'
pdfdir='${docdir}'
prefix='/sdcard/opt/nmap'
program_transform_name='s,x,x,'
psdir='${docdir}'
sbindir='${exec_prefix}/sbin'
sharedstatedir='${prefix}/com'
sysconfdir='${prefix}/etc'
target_alias=''

## ----------- ##
## confdefs.h. ##
## ----------- ##

/* confdefs.h */
#define PACKAGE_NAME ""
#define PACKAGE_TARNAME ""
#define PACKAGE_VERSION ""
#define PACKAGE_STRING ""
#define PACKAGE_BUGREPORT ""
#define PACKAGE_URL ""
#define LINUX 1
#define HAVE_PCAP 1
#define STDC_HEADERS 1
#define HAVE_SYS_TYPES_H 1
#define HAVE_SYS_STAT_H 1
#define HAVE_STDLIB_H 1
#define HAVE_STRING_H 1
#define HAVE_MEMORY_H 1
#define HAVE_STRINGS_H 1
#define HAVE_INTTYPES_H 1
#define HAVE_STDINT_H 1
#define HAVE_UNISTD_H 1
#define HAVE_SYS_IOCTL_H 1
#define HAVE_OPENSSL 1

configure: exit 0
