This file contains any messages produced by compilers while
running configure, to aid debugging if configure makes a mistake.

It was created by configure, which was
generated by GNU Autoconf 2.68.  Invocation command line was

  $ ./configure --disable-option-checking --prefix=/sdcard/opt/nmap --host=arm-linux-androideabi --without-zenmap --without-nping --without-ncat --without-ndiff --with-liblua=included --with-libpcap=internal --with-pcap=linux --enable-static --with-openssl=/home/mogi/nmap/openssl host_alias=arm-linux-androideabi CC=arm-linux-androideabi-gcc LDFLAGS=-static CXX=arm-linux-androideabi-g++ --cache-file=/dev/null --srcdir=.

## --------- ##
## Platform. ##
## --------- ##

hostname = nomad
uname -m = x86_64
uname -r = 3.3.6-1-ARCH
uname -s = Linux
uname -v = #1 SMP PREEMPT Sun May 13 10:52:32 CEST 2012

/usr/bin/uname -p = unknown
/bin/uname -X     = unknown

/bin/arch              = unknown
/usr/bin/arch -k       = unknown
/usr/convex/getsysinfo = unknown
/usr/bin/hostinfo      = unknown
/bin/machine           = unknown
/usr/bin/oslevel       = unknown
/bin/universe          = unknown

PATH: /tmp/ndk/bin
PATH: /usr/local/bin
PATH: /usr/bin
PATH: /bin
PATH: /usr/local/sbin
PATH: /usr/sbin
PATH: /sbin
PATH: /opt/jdk1.5.0_22/bin
PATH: /opt/jdk1.5.0_22/jre/bin
PATH: /usr/bin/vendor_perl
PATH: /usr/bin/core_perl
PATH: /home/mogi/android-sdks/tools
PATH: /home/mogi/android-sdks/platform-tools
PATH: /home/mogi/android-ndk-r8
PATH: /usr/share/java/apache-ant/bin
PATH: /opt/idea-IC-117.117/bin


## ----------- ##
## Core tests. ##
## ----------- ##

configure:2255: checking for arm-linux-androideabi-gcc
configure:2282: result: arm-linux-androideabi-gcc
configure:2551: checking for C compiler version
configure:2560: arm-linux-androideabi-gcc --version >&5
arm-linux-androideabi-gcc (GCC) 4.4.3
Copyright (C) 2009 Free Software Foundation, Inc.
This is free software; see the source for copying conditions.  There is NO
warranty; not even for MERCHANTABILITY or FITNESS FOR A PARTICULAR PURPOSE.

configure:2571: $? = 0
configure:2560: arm-linux-androideabi-gcc -v >&5
Using built-in specs.
Target: arm-linux-androideabi
Configured with: /tmp/ndk-digit/src/build/../gcc/gcc-4.4.3/configure --prefix=/opt/digit/repo/opensource/ndk/toolchains/arm-linux-androideabi-4.4.3/prebuilt/linux-x86 --target=arm-linux-androideabi --host=x86_64-linux-gnu --build=x86_64-linux-gnu --with-gnu-as --with-gnu-ld --enable-languages=c,c++ --with-gmp=/tmp/ndk-digit/build/toolchain/temp-install --with-mpfr=/tmp/ndk-digit/build/toolchain/temp-install --disable-libssp --enable-threads --disable-nls --disable-libmudflap --disable-libgomp --disable-libstdc__-v3 --disable-sjlj-exceptions --disable-shared --disable-tls --with-float=soft --with-fpu=vfp --with-arch=armv5te --enable-target-optspace --enable-initfini-array --disable-nls --prefix=/opt/digit/repo/opensource/ndk/toolchains/arm-linux-androideabi-4.4.3/prebuilt/linux-x86 --with-sysroot=/opt/digit/repo/opensource/ndk/toolchains/arm-linux-androideabi-4.4.3/prebuilt/linux-x86/sysroot --with-binutils-version=2.19 --with-mpfr-version=2.4.1 --with-gmp-version=4.2.4 --with-gcc-version=4.4.3 --with-gdb-version=6.6 --with-arch=armv5te --program-transform-name='s,^,arm-linux-androideabi-,'
Thread model: posix
gcc version 4.4.3 (GCC) 
configure:2571: $? = 0
configure:2560: arm-linux-androideabi-gcc -V >&5
arm-linux-androideabi-gcc: '-V' option must have argument
configure:2571: $? = 1
configure:2560: arm-linux-androideabi-gcc -qversion >&5
arm-linux-androideabi-gcc: unrecognized option '-qversion'
arm-linux-androideabi-gcc: no input files
configure:2571: $? = 1
configure:2591: checking whether the C compiler works
configure:2613: arm-linux-androideabi-gcc   -static conftest.c  >&5
configure:2617: $? = 0
configure:2665: result: yes
configure:2668: checking for C compiler default output file name
configure:2670: result: a.out
configure:2676: checking for suffix of executables
configure:2683: arm-linux-androideabi-gcc -o conftest   -static conftest.c  >&5
configure:2687: $? = 0
configure:2709: result: 
configure:2731: checking whether we are cross compiling
configure:2739: arm-linux-androideabi-gcc -o conftest   -static conftest.c  >&5
configure:2743: $? = 0
configure:2750: ./conftest
./configure: line 2752: ./conftest: cannot execute binary file
configure:2754: $? = 126
configure:2769: result: yes
configure:2774: checking for suffix of object files
configure:2796: arm-linux-androideabi-gcc -c   conftest.c >&5
configure:2800: $? = 0
configure:2821: result: o
configure:2825: checking whether we are using the GNU C compiler
configure:2844: arm-linux-androideabi-gcc -c   conftest.c >&5
configure:2844: $? = 0
configure:2853: result: yes
configure:2862: checking whether arm-linux-androideabi-gcc accepts -g
configure:2882: arm-linux-androideabi-gcc -c -g  conftest.c >&5
configure:2882: $? = 0
configure:2923: result: yes
configure:2940: checking for arm-linux-androideabi-gcc option to accept ISO C89
configure:3004: arm-linux-androideabi-gcc  -c -g -O2  conftest.c >&5
configure:3004: $? = 0
configure:3017: result: none needed
configure:3044: checking for arm-linux-androideabi-ranlib
configure:3071: result: arm-linux-androideabi-ranlib
configure:3170: checking build system type
configure:3184: result: x86_64-unknown-linux-gnu
configure:3204: checking host system type
configure:3217: result: arm-unknown-linux-androideabi
configure:3239: checking for inline
configure:3255: arm-linux-androideabi-gcc -c -g -O2 -Wall   conftest.c >&5
configure:3255: $? = 0
configure:3263: result: inline
configure:3296: checking how to run the C preprocessor
configure:3327: arm-linux-androideabi-gcc -E  conftest.c
configure:3327: $? = 0
configure:3341: arm-linux-androideabi-gcc -E  conftest.c
conftest.c:9:28: error: ac_nonexistent.h: No such file or directory
configure:3341: $? = 1
configure: failed program was:
| /* confdefs.h */
| #define PACKAGE_NAME ""
| #define PACKAGE_TARNAME ""
| #define PACKAGE_VERSION ""
| #define PACKAGE_STRING ""
| #define PACKAGE_BUGREPORT ""
| #define PACKAGE_URL ""
| /* end confdefs.h.  */
| #include <ac_nonexistent.h>
configure:3366: result: arm-linux-androideabi-gcc -E
configure:3386: arm-linux-androideabi-gcc -E  conftest.c
configure:3386: $? = 0
configure:3400: arm-linux-androideabi-gcc -E  conftest.c
conftest.c:9:28: error: ac_nonexistent.h: No such file or directory
configure:3400: $? = 1
configure: failed program was:
| /* confdefs.h */
| #define PACKAGE_NAME ""
| #define PACKAGE_TARNAME ""
| #define PACKAGE_VERSION ""
| #define PACKAGE_STRING ""
| #define PACKAGE_BUGREPORT ""
| #define PACKAGE_URL ""
| /* end confdefs.h.  */
| #include <ac_nonexistent.h>
configure:3429: checking for grep that handles long lines and -e
configure:3487: result: /usr/bin/grep
configure:3492: checking for egrep
configure:3554: result: /usr/bin/grep -E
configure:3559: checking for ANSI C header files
configure:3579: arm-linux-androideabi-gcc -c -g -O2 -Wall   conftest.c >&5
configure:3579: $? = 0
configure:3663: result: yes
configure:3676: checking for sys/types.h
configure:3676: arm-linux-androideabi-gcc -c -g -O2 -Wall   conftest.c >&5
configure:3676: $? = 0
configure:3676: result: yes
configure:3676: checking for sys/stat.h
configure:3676: arm-linux-androideabi-gcc -c -g -O2 -Wall   conftest.c >&5
configure:3676: $? = 0
configure:3676: result: yes
configure:3676: checking for stdlib.h
configure:3676: arm-linux-androideabi-gcc -c -g -O2 -Wall   conftest.c >&5
configure:3676: $? = 0
configure:3676: result: yes
configure:3676: checking for string.h
configure:3676: arm-linux-androideabi-gcc -c -g -O2 -Wall   conftest.c >&5
configure:3676: $? = 0
configure:3676: result: yes
configure:3676: checking for memory.h
configure:3676: arm-linux-androideabi-gcc -c -g -O2 -Wall   conftest.c >&5
configure:3676: $? = 0
configure:3676: result: yes
configure:3676: checking for strings.h
configure:3676: arm-linux-androideabi-gcc -c -g -O2 -Wall   conftest.c >&5
configure:3676: $? = 0
configure:3676: result: yes
configure:3676: checking for inttypes.h
configure:3676: arm-linux-androideabi-gcc -c -g -O2 -Wall   conftest.c >&5
configure:3676: $? = 0
configure:3676: result: yes
configure:3676: checking for stdint.h
configure:3676: arm-linux-androideabi-gcc -c -g -O2 -Wall   conftest.c >&5
configure:3676: $? = 0
configure:3676: result: yes
configure:3676: checking for unistd.h
configure:3676: arm-linux-androideabi-gcc -c -g -O2 -Wall   conftest.c >&5
configure:3676: $? = 0
configure:3676: result: yes
configure:3691: checking for string.h
configure:3691: result: yes
configure:3691: checking getopt.h usability
configure:3691: arm-linux-androideabi-gcc -c -g -O2 -Wall   conftest.c >&5
configure:3691: $? = 0
configure:3691: result: yes
configure:3691: checking getopt.h presence
configure:3691: arm-linux-androideabi-gcc -E  conftest.c
configure:3691: $? = 0
configure:3691: result: yes
configure:3691: checking for getopt.h
configure:3691: result: yes
configure:3691: checking for strings.h
configure:3691: result: yes
configure:3691: checking sys/param.h usability
configure:3691: arm-linux-androideabi-gcc -c -g -O2 -Wall   conftest.c >&5
configure:3691: $? = 0
configure:3691: result: yes
configure:3691: checking sys/param.h presence
configure:3691: arm-linux-androideabi-gcc -E  conftest.c
configure:3691: $? = 0
configure:3691: result: yes
configure:3691: checking for sys/param.h
configure:3691: result: yes
configure:3691: checking sys/time.h usability
configure:3691: arm-linux-androideabi-gcc -c -g -O2 -Wall   conftest.c >&5
configure:3691: $? = 0
configure:3691: result: yes
configure:3691: checking sys/time.h presence
configure:3691: arm-linux-androideabi-gcc -E  conftest.c
configure:3691: $? = 0
configure:3691: result: yes
configure:3691: checking for sys/time.h
configure:3691: result: yes
configure:3691: checking for unistd.h
configure:3691: result: yes
configure:3691: checking errno.h usability
configure:3691: arm-linux-androideabi-gcc -c -g -O2 -Wall   conftest.c >&5
configure:3691: $? = 0
configure:3691: result: yes
configure:3691: checking errno.h presence
configure:3691: arm-linux-androideabi-gcc -E  conftest.c
configure:3691: $? = 0
configure:3691: result: yes
configure:3691: checking for errno.h
configure:3691: result: yes
configure:3691: checking for sys/types.h
configure:3691: result: yes
configure:3691: checking sys/socket.h usability
configure:3691: arm-linux-androideabi-gcc -c -g -O2 -Wall   conftest.c >&5
configure:3691: $? = 0
configure:3691: result: yes
configure:3691: checking sys/socket.h presence
configure:3691: arm-linux-androideabi-gcc -E  conftest.c
configure:3691: $? = 0
configure:3691: result: yes
configure:3691: checking for sys/socket.h
configure:3691: result: yes
configure:3691: checking netinet/in.h usability
configure:3691: arm-linux-androideabi-gcc -c -g -O2 -Wall   conftest.c >&5
configure:3691: $? = 0
configure:3691: result: yes
configure:3691: checking netinet/in.h presence
configure:3691: arm-linux-androideabi-gcc -E  conftest.c
configure:3691: $? = 0
configure:3691: result: yes
configure:3691: checking for netinet/in.h
configure:3691: result: yes
configure:3691: checking arpa/inet.h usability
configure:3691: arm-linux-androideabi-gcc -c -g -O2 -Wall   conftest.c >&5
configure:3691: $? = 0
configure:3691: result: yes
configure:3691: checking arpa/inet.h presence
configure:3691: arm-linux-androideabi-gcc -E  conftest.c
configure:3691: $? = 0
configure:3691: result: yes
configure:3691: checking for arpa/inet.h
configure:3691: result: yes
configure:3691: checking for sys/stat.h
configure:3691: result: yes
configure:3691: checking netdb.h usability
configure:3691: arm-linux-androideabi-gcc -c -g -O2 -Wall   conftest.c >&5
configure:3691: $? = 0
configure:3691: result: yes
configure:3691: checking netdb.h presence
configure:3691: arm-linux-androideabi-gcc -E  conftest.c
configure:3691: $? = 0
configure:3691: result: yes
configure:3691: checking for netdb.h
configure:3691: result: yes
configure:3691: checking sys/wait.h usability
configure:3691: arm-linux-androideabi-gcc -c -g -O2 -Wall   conftest.c >&5
configure:3691: $? = 0
configure:3691: result: yes
configure:3691: checking sys/wait.h presence
configure:3691: arm-linux-androideabi-gcc -E  conftest.c
configure:3691: $? = 0
configure:3691: result: yes
configure:3691: checking for sys/wait.h
configure:3691: result: yes
configure:3691: checking fcntl.h usability
configure:3691: arm-linux-androideabi-gcc -c -g -O2 -Wall   conftest.c >&5
configure:3691: $? = 0
configure:3691: result: yes
configure:3691: checking fcntl.h presence
configure:3691: arm-linux-androideabi-gcc -E  conftest.c
configure:3691: $? = 0
configure:3691: result: yes
configure:3691: checking for fcntl.h
configure:3691: result: yes
configure:3691: checking sys/resource.h usability
configure:3691: arm-linux-androideabi-gcc -c -g -O2 -Wall   conftest.c >&5
configure:3691: $? = 0
configure:3691: result: yes
configure:3691: checking sys/resource.h presence
configure:3691: arm-linux-androideabi-gcc -E  conftest.c
configure:3691: $? = 0
configure:3691: result: yes
configure:3691: checking for sys/resource.h
configure:3691: result: yes
configure:3691: checking for inttypes.h
configure:3691: result: yes
configure:3691: checking mach-o/dyld.h usability
configure:3691: arm-linux-androideabi-gcc -c -g -O2 -Wall   conftest.c >&5
conftest.c:69:25: error: mach-o/dyld.h: No such file or directory
configure:3691: $? = 1
configure: failed program was:
| /* confdefs.h */
| #define PACKAGE_NAME ""
| #define PACKAGE_TARNAME ""
| #define PACKAGE_VERSION ""
| #define PACKAGE_STRING ""
| #define PACKAGE_BUGREPORT ""
| #define PACKAGE_URL ""
| #define STDC_HEADERS 1
| #define HAVE_SYS_TYPES_H 1
| #define HAVE_SYS_STAT_H 1
| #define HAVE_STDLIB_H 1
| #define HAVE_STRING_H 1
| #define HAVE_MEMORY_H 1
| #define HAVE_STRINGS_H 1
| #define HAVE_INTTYPES_H 1
| #define HAVE_STDINT_H 1
| #define HAVE_UNISTD_H 1
| #define HAVE_STRING_H 1
| #define HAVE_GETOPT_H 1
| #define HAVE_STRINGS_H 1
| #define HAVE_SYS_PARAM_H 1
| #define HAVE_SYS_TIME_H 1
| #define HAVE_UNISTD_H 1
| #define HAVE_ERRNO_H 1
| #define HAVE_SYS_TYPES_H 1
| #define HAVE_SYS_SOCKET_H 1
| #define HAVE_NETINET_IN_H 1
| #define HAVE_ARPA_INET_H 1
| #define HAVE_SYS_STAT_H 1
| #define HAVE_NETDB_H 1
| #define HAVE_SYS_WAIT_H 1
| #define HAVE_FCNTL_H 1
| #define HAVE_SYS_RESOURCE_H 1
| #define HAVE_INTTYPES_H 1
| /* end confdefs.h.  */
| #include <stdio.h>
| #ifdef HAVE_SYS_TYPES_H
| # include <sys/types.h>
| #endif
| #ifdef HAVE_SYS_STAT_H
| # include <sys/stat.h>
| #endif
| #ifdef STDC_HEADERS
| # include <stdlib.h>
| # include <stddef.h>
| #else
| # ifdef HAVE_STDLIB_H
| #  include <stdlib.h>
| # endif
| #endif
| #ifdef HAVE_STRING_H
| # if !defined STDC_HEADERS && defined HAVE_MEMORY_H
| #  include <memory.h>
| # endif
| # include <string.h>
| #endif
| #ifdef HAVE_STRINGS_H
| # include <strings.h>
| #endif
| #ifdef HAVE_INTTYPES_H
| # include <inttypes.h>
| #endif
| #ifdef HAVE_STDINT_H
| # include <stdint.h>
| #endif
| #ifdef HAVE_UNISTD_H
| # include <unistd.h>
| #endif
| #include <mach-o/dyld.h>
configure:3691: result: no
configure:3691: checking mach-o/dyld.h presence
configure:3691: arm-linux-androideabi-gcc -E  conftest.c
conftest.c:36:25: error: mach-o/dyld.h: No such file or directory
configure:3691: $? = 1
configure: failed program was:
| /* confdefs.h */
| #define PACKAGE_NAME ""
| #define PACKAGE_TARNAME ""
| #define PACKAGE_VERSION ""
| #define PACKAGE_STRING ""
| #define PACKAGE_BUGREPORT ""
| #define PACKAGE_URL ""
| #define STDC_HEADERS 1
| #define HAVE_SYS_TYPES_H 1
| #define HAVE_SYS_STAT_H 1
| #define HAVE_STDLIB_H 1
| #define HAVE_STRING_H 1
| #define HAVE_MEMORY_H 1
| #define HAVE_STRINGS_H 1
| #define HAVE_INTTYPES_H 1
| #define HAVE_STDINT_H 1
| #define HAVE_UNISTD_H 1
| #define HAVE_STRING_H 1
| #define HAVE_GETOPT_H 1
| #define HAVE_STRINGS_H 1
| #define HAVE_SYS_PARAM_H 1
| #define HAVE_SYS_TIME_H 1
| #define HAVE_UNISTD_H 1
| #define HAVE_ERRNO_H 1
| #define HAVE_SYS_TYPES_H 1
| #define HAVE_SYS_SOCKET_H 1
| #define HAVE_NETINET_IN_H 1
| #define HAVE_ARPA_INET_H 1
| #define HAVE_SYS_STAT_H 1
| #define HAVE_NETDB_H 1
| #define HAVE_SYS_WAIT_H 1
| #define HAVE_FCNTL_H 1
| #define HAVE_SYS_RESOURCE_H 1
| #define HAVE_INTTYPES_H 1
| /* end confdefs.h.  */
| #include <mach-o/dyld.h>
configure:3691: result: no
configure:3691: checking for mach-o/dyld.h
configure:3691: result: no
configure:3701: checking whether time.h and sys/time.h may both be included
configure:3721: arm-linux-androideabi-gcc -c -g -O2 -Wall   conftest.c >&5
configure:3721: $? = 0
configure:3728: result: yes
configure:3738: checking for sys/socket.h
configure:3738: result: yes
configure:3750: checking for net/if.h
configure:3750: arm-linux-androideabi-gcc -c -g -O2 -Wall   conftest.c >&5
configure:3750: $? = 0
configure:3750: result: yes
configure:3774: checking for __attribute__
configure:3803: arm-linux-androideabi-gcc -c -g -O2 -Wall   conftest.c >&5
configure:3803: $? = 0
configure:3818: result: yes
configure:3824: checking if sockaddr{} has sa_len member
configure:3842: arm-linux-androideabi-gcc -c -g -O2 -Wall   conftest.c >&5
conftest.c: In function 'main':
conftest.c:46: error: 'struct sockaddr' has no member named 'sa_len'
conftest.c:46: warning: unused variable 'i'
configure:3842: $? = 1
configure: failed program was:
| /* confdefs.h */
| #define PACKAGE_NAME ""
| #define PACKAGE_TARNAME ""
| #define PACKAGE_VERSION ""
| #define PACKAGE_STRING ""
| #define PACKAGE_BUGREPORT ""
| #define PACKAGE_URL ""
| #define STDC_HEADERS 1
| #define HAVE_SYS_TYPES_H 1
| #define HAVE_SYS_STAT_H 1
| #define HAVE_STDLIB_H 1
| #define HAVE_STRING_H 1
| #define HAVE_MEMORY_H 1
| #define HAVE_STRINGS_H 1
| #define HAVE_INTTYPES_H 1
| #define HAVE_STDINT_H 1
| #define HAVE_UNISTD_H 1
| #define HAVE_STRING_H 1
| #define HAVE_GETOPT_H 1
| #define HAVE_STRINGS_H 1
| #define HAVE_SYS_PARAM_H 1
| #define HAVE_SYS_TIME_H 1
| #define HAVE_UNISTD_H 1
| #define HAVE_ERRNO_H 1
| #define HAVE_SYS_TYPES_H 1
| #define HAVE_SYS_SOCKET_H 1
| #define HAVE_NETINET_IN_H 1
| #define HAVE_ARPA_INET_H 1
| #define HAVE_SYS_STAT_H 1
| #define HAVE_NETDB_H 1
| #define HAVE_SYS_WAIT_H 1
| #define HAVE_FCNTL_H 1
| #define HAVE_SYS_RESOURCE_H 1
| #define HAVE_INTTYPES_H 1
| #define TIME_WITH_SYS_TIME 1
| #define HAVE_SYS_SOCKET_H 1
| #define HAVE_NET_IF_H 1
| #define HAVE___ATTRIBUTE__ 1
| /* end confdefs.h.  */
| 
|                #include <sys/types.h>
|                #include <sys/socket.h>
| int
| main ()
| {
| unsigned int i = sizeof(((struct sockaddr *)0)->sa_len)
|   ;
|   return 0;
| }
configure:3849: result: no
configure:3856: checking whether byte ordering is bigendian
configure:3871: arm-linux-androideabi-gcc -c -g -O2 -Wall   conftest.c >&5
conftest.c:41: error: expected '=', ',', ';', 'asm' or '__attribute__' before 'a'
configure:3871: $? = 1
configure: failed program was:
| /* confdefs.h */
| #define PACKAGE_NAME ""
| #define PACKAGE_TARNAME ""
| #define PACKAGE_VERSION ""
| #define PACKAGE_STRING ""
| #define PACKAGE_BUGREPORT ""
| #define PACKAGE_URL ""
| #define STDC_HEADERS 1
| #define HAVE_SYS_TYPES_H 1
| #define HAVE_SYS_STAT_H 1
| #define HAVE_STDLIB_H 1
| #define HAVE_STRING_H 1
| #define HAVE_MEMORY_H 1
| #define HAVE_STRINGS_H 1
| #define HAVE_INTTYPES_H 1
| #define HAVE_STDINT_H 1
| #define HAVE_UNISTD_H 1
| #define HAVE_STRING_H 1
| #define HAVE_GETOPT_H 1
| #define HAVE_STRINGS_H 1
| #define HAVE_SYS_PARAM_H 1
| #define HAVE_SYS_TIME_H 1
| #define HAVE_UNISTD_H 1
| #define HAVE_ERRNO_H 1
| #define HAVE_SYS_TYPES_H 1
| #define HAVE_SYS_SOCKET_H 1
| #define HAVE_NETINET_IN_H 1
| #define HAVE_ARPA_INET_H 1
| #define HAVE_SYS_STAT_H 1
| #define HAVE_NETDB_H 1
| #define HAVE_SYS_WAIT_H 1
| #define HAVE_FCNTL_H 1
| #define HAVE_SYS_RESOURCE_H 1
| #define HAVE_INTTYPES_H 1
| #define TIME_WITH_SYS_TIME 1
| #define HAVE_SYS_SOCKET_H 1
| #define HAVE_NET_IF_H 1
| #define HAVE___ATTRIBUTE__ 1
| /* end confdefs.h.  */
| #ifndef __APPLE_CC__
| 	       not a universal capable compiler
| 	     #endif
| 	     typedef int dummy;
| 
configure:3916: arm-linux-androideabi-gcc -c -g -O2 -Wall   conftest.c >&5
conftest.c: In function 'main':
conftest.c:47: error: 'bogus' undeclared (first use in this function)
conftest.c:47: error: (Each undeclared identifier is reported only once
conftest.c:47: error: for each function it appears in.)
conftest.c:47: error: expected ';' before 'endian'
configure:3916: $? = 1
configure: failed program was:
| /* confdefs.h */
| #define PACKAGE_NAME ""
| #define PACKAGE_TARNAME ""
| #define PACKAGE_VERSION ""
| #define PACKAGE_STRING ""
| #define PACKAGE_BUGREPORT ""
| #define PACKAGE_URL ""
| #define STDC_HEADERS 1
| #define HAVE_SYS_TYPES_H 1
| #define HAVE_SYS_STAT_H 1
| #define HAVE_STDLIB_H 1
| #define HAVE_STRING_H 1
| #define HAVE_MEMORY_H 1
| #define HAVE_STRINGS_H 1
| #define HAVE_INTTYPES_H 1
| #define HAVE_STDINT_H 1
| #define HAVE_UNISTD_H 1
| #define HAVE_STRING_H 1
| #define HAVE_GETOPT_H 1
| #define HAVE_STRINGS_H 1
| #define HAVE_SYS_PARAM_H 1
| #define HAVE_SYS_TIME_H 1
| #define HAVE_UNISTD_H 1
| #define HAVE_ERRNO_H 1
| #define HAVE_SYS_TYPES_H 1
| #define HAVE_SYS_SOCKET_H 1
| #define HAVE_NETINET_IN_H 1
| #define HAVE_ARPA_INET_H 1
| #define HAVE_SYS_STAT_H 1
| #define HAVE_NETDB_H 1
| #define HAVE_SYS_WAIT_H 1
| #define HAVE_FCNTL_H 1
| #define HAVE_SYS_RESOURCE_H 1
| #define HAVE_INTTYPES_H 1
| #define TIME_WITH_SYS_TIME 1
| #define HAVE_SYS_SOCKET_H 1
| #define HAVE_NET_IF_H 1
| #define HAVE___ATTRIBUTE__ 1
| /* end confdefs.h.  */
| #include <sys/types.h>
| 	     #include <sys/param.h>
| 
| int
| main ()
| {
| #if ! (defined BYTE_ORDER && defined BIG_ENDIAN 		     && defined LITTLE_ENDIAN && BYTE_ORDER && BIG_ENDIAN 		     && LITTLE_ENDIAN)
| 	      bogus endian macros
| 	     #endif
| 
|   ;
|   return 0;
| }
configure:3960: arm-linux-androideabi-gcc -c -g -O2 -Wall   conftest.c >&5
conftest.c: In function 'main':
conftest.c:46: error: 'bogus' undeclared (first use in this function)
conftest.c:46: error: (Each undeclared identifier is reported only once
conftest.c:46: error: for each function it appears in.)
conftest.c:46: error: expected ';' before 'endian'
configure:3960: $? = 1
configure: failed program was:
| /* confdefs.h */
| #define PACKAGE_NAME ""
| #define PACKAGE_TARNAME ""
| #define PACKAGE_VERSION ""
| #define PACKAGE_STRING ""
| #define PACKAGE_BUGREPORT ""
| #define PACKAGE_URL ""
| #define STDC_HEADERS 1
| #define HAVE_SYS_TYPES_H 1
| #define HAVE_SYS_STAT_H 1
| #define HAVE_STDLIB_H 1
| #define HAVE_STRING_H 1
| #define HAVE_MEMORY_H 1
| #define HAVE_STRINGS_H 1
| #define HAVE_INTTYPES_H 1
| #define HAVE_STDINT_H 1
| #define HAVE_UNISTD_H 1
| #define HAVE_STRING_H 1
| #define HAVE_GETOPT_H 1
| #define HAVE_STRINGS_H 1
| #define HAVE_SYS_PARAM_H 1
| #define HAVE_SYS_TIME_H 1
| #define HAVE_UNISTD_H 1
| #define HAVE_ERRNO_H 1
| #define HAVE_SYS_TYPES_H 1
| #define HAVE_SYS_SOCKET_H 1
| #define HAVE_NETINET_IN_H 1
| #define HAVE_ARPA_INET_H 1
| #define HAVE_SYS_STAT_H 1
| #define HAVE_NETDB_H 1
| #define HAVE_SYS_WAIT_H 1
| #define HAVE_FCNTL_H 1
| #define HAVE_SYS_RESOURCE_H 1
| #define HAVE_INTTYPES_H 1
| #define TIME_WITH_SYS_TIME 1
| #define HAVE_SYS_SOCKET_H 1
| #define HAVE_NET_IF_H 1
| #define HAVE___ATTRIBUTE__ 1
| /* end confdefs.h.  */
| #include <limits.h>
| 
| int
| main ()
| {
| #if ! (defined _LITTLE_ENDIAN || defined _BIG_ENDIAN)
| 	      bogus endian macros
| 	     #endif
| 
|   ;
|   return 0;
| }
configure:4016: arm-linux-androideabi-gcc -c -g -O2 -Wall   conftest.c >&5
configure:4016: $? = 0
configure:4062: result: no
configure:4081: checking for int8_t
configure:4081: arm-linux-androideabi-gcc -c -g -O2 -Wall   conftest.c >&5
configure:4081: $? = 0
configure:4081: arm-linux-androideabi-gcc -c -g -O2 -Wall   conftest.c >&5
conftest.c: In function 'main':
conftest.c:78: error: size of array 'test_array' is negative
configure:4081: $? = 1
configure: failed program was:
| /* confdefs.h */
| #define PACKAGE_NAME ""
| #define PACKAGE_TARNAME ""
| #define PACKAGE_VERSION ""
| #define PACKAGE_STRING ""
| #define PACKAGE_BUGREPORT ""
| #define PACKAGE_URL ""
| #define STDC_HEADERS 1
| #define HAVE_SYS_TYPES_H 1
| #define HAVE_SYS_STAT_H 1
| #define HAVE_STDLIB_H 1
| #define HAVE_STRING_H 1
| #define HAVE_MEMORY_H 1
| #define HAVE_STRINGS_H 1
| #define HAVE_INTTYPES_H 1
| #define HAVE_STDINT_H 1
| #define HAVE_UNISTD_H 1
| #define HAVE_STRING_H 1
| #define HAVE_GETOPT_H 1
| #define HAVE_STRINGS_H 1
| #define HAVE_SYS_PARAM_H 1
| #define HAVE_SYS_TIME_H 1
| #define HAVE_UNISTD_H 1
| #define HAVE_ERRNO_H 1
| #define HAVE_SYS_TYPES_H 1
| #define HAVE_SYS_SOCKET_H 1
| #define HAVE_NETINET_IN_H 1
| #define HAVE_ARPA_INET_H 1
| #define HAVE_SYS_STAT_H 1
| #define HAVE_NETDB_H 1
| #define HAVE_SYS_WAIT_H 1
| #define HAVE_FCNTL_H 1
| #define HAVE_SYS_RESOURCE_H 1
| #define HAVE_INTTYPES_H 1
| #define TIME_WITH_SYS_TIME 1
| #define HAVE_SYS_SOCKET_H 1
| #define HAVE_NET_IF_H 1
| #define HAVE___ATTRIBUTE__ 1
| /* end confdefs.h.  */
| #include <stdio.h>
| #ifdef HAVE_SYS_TYPES_H
| # include <sys/types.h>
| #endif
| #ifdef HAVE_SYS_STAT_H
| # include <sys/stat.h>
| #endif
| #ifdef STDC_HEADERS
| # include <stdlib.h>
| # include <stddef.h>
| #else
| # ifdef HAVE_STDLIB_H
| #  include <stdlib.h>
| # endif
| #endif
| #ifdef HAVE_STRING_H
| # if !defined STDC_HEADERS && defined HAVE_MEMORY_H
| #  include <memory.h>
| # endif
| # include <string.h>
| #endif
| #ifdef HAVE_STRINGS_H
| # include <strings.h>
| #endif
| #ifdef HAVE_INTTYPES_H
| # include <inttypes.h>
| #endif
| #ifdef HAVE_STDINT_H
| # include <stdint.h>
| #endif
| #ifdef HAVE_UNISTD_H
| # include <unistd.h>
| #endif
| 	        enum { N = 8 / 2 - 1 };
| int
| main ()
| {
| static int test_array [1 - 2 * !((int8_t) (((((int8_t) 1 << N) << N) - 1) * 2 + 1)
| 		 < (int8_t) (((((int8_t) 1 << N) << N) - 1) * 2 + 2))];
| test_array [0] = 0
| 
|   ;
|   return 0;
| }
configure:4081: result: yes
configure:4092: checking for int16_t
configure:4092: arm-linux-androideabi-gcc -c -g -O2 -Wall   conftest.c >&5
configure:4092: $? = 0
configure:4092: arm-linux-androideabi-gcc -c -g -O2 -Wall   conftest.c >&5
conftest.c: In function 'main':
conftest.c:78: error: size of array 'test_array' is negative
configure:4092: $? = 1
configure: failed program was:
| /* confdefs.h */
| #define PACKAGE_NAME ""
| #define PACKAGE_TARNAME ""
| #define PACKAGE_VERSION ""
| #define PACKAGE_STRING ""
| #define PACKAGE_BUGREPORT ""
| #define PACKAGE_URL ""
| #define STDC_HEADERS 1
| #define HAVE_SYS_TYPES_H 1
| #define HAVE_SYS_STAT_H 1
| #define HAVE_STDLIB_H 1
| #define HAVE_STRING_H 1
| #define HAVE_MEMORY_H 1
| #define HAVE_STRINGS_H 1
| #define HAVE_INTTYPES_H 1
| #define HAVE_STDINT_H 1
| #define HAVE_UNISTD_H 1
| #define HAVE_STRING_H 1
| #define HAVE_GETOPT_H 1
| #define HAVE_STRINGS_H 1
| #define HAVE_SYS_PARAM_H 1
| #define HAVE_SYS_TIME_H 1
| #define HAVE_UNISTD_H 1
| #define HAVE_ERRNO_H 1
| #define HAVE_SYS_TYPES_H 1
| #define HAVE_SYS_SOCKET_H 1
| #define HAVE_NETINET_IN_H 1
| #define HAVE_ARPA_INET_H 1
| #define HAVE_SYS_STAT_H 1
| #define HAVE_NETDB_H 1
| #define HAVE_SYS_WAIT_H 1
| #define HAVE_FCNTL_H 1
| #define HAVE_SYS_RESOURCE_H 1
| #define HAVE_INTTYPES_H 1
| #define TIME_WITH_SYS_TIME 1
| #define HAVE_SYS_SOCKET_H 1
| #define HAVE_NET_IF_H 1
| #define HAVE___ATTRIBUTE__ 1
| /* end confdefs.h.  */
| #include <stdio.h>
| #ifdef HAVE_SYS_TYPES_H
| # include <sys/types.h>
| #endif
| #ifdef HAVE_SYS_STAT_H
| # include <sys/stat.h>
| #endif
| #ifdef STDC_HEADERS
| # include <stdlib.h>
| # include <stddef.h>
| #else
| # ifdef HAVE_STDLIB_H
| #  include <stdlib.h>
| # endif
| #endif
| #ifdef HAVE_STRING_H
| # if !defined STDC_HEADERS && defined HAVE_MEMORY_H
| #  include <memory.h>
| # endif
| # include <string.h>
| #endif
| #ifdef HAVE_STRINGS_H
| # include <strings.h>
| #endif
| #ifdef HAVE_INTTYPES_H
| # include <inttypes.h>
| #endif
| #ifdef HAVE_STDINT_H
| # include <stdint.h>
| #endif
| #ifdef HAVE_UNISTD_H
| # include <unistd.h>
| #endif
| 	        enum { N = 16 / 2 - 1 };
| int
| main ()
| {
| static int test_array [1 - 2 * !((int16_t) (((((int16_t) 1 << N) << N) - 1) * 2 + 1)
| 		 < (int16_t) (((((int16_t) 1 << N) << N) - 1) * 2 + 2))];
| test_array [0] = 0
| 
|   ;
|   return 0;
| }
configure:4092: result: yes
configure:4103: checking for int32_t
configure:4103: arm-linux-androideabi-gcc -c -g -O2 -Wall   conftest.c >&5
configure:4103: $? = 0
configure:4103: arm-linux-androideabi-gcc -c -g -O2 -Wall   conftest.c >&5
conftest.c: In function 'main':
conftest.c:78: warning: integer overflow in expression
conftest.c:78: error: size of array 'test_array' is negative
configure:4103: $? = 1
configure: failed program was:
| /* confdefs.h */
| #define PACKAGE_NAME ""
| #define PACKAGE_TARNAME ""
| #define PACKAGE_VERSION ""
| #define PACKAGE_STRING ""
| #define PACKAGE_BUGREPORT ""
| #define PACKAGE_URL ""
| #define STDC_HEADERS 1
| #define HAVE_SYS_TYPES_H 1
| #define HAVE_SYS_STAT_H 1
| #define HAVE_STDLIB_H 1
| #define HAVE_STRING_H 1
| #define HAVE_MEMORY_H 1
| #define HAVE_STRINGS_H 1
| #define HAVE_INTTYPES_H 1
| #define HAVE_STDINT_H 1
| #define HAVE_UNISTD_H 1
| #define HAVE_STRING_H 1
| #define HAVE_GETOPT_H 1
| #define HAVE_STRINGS_H 1
| #define HAVE_SYS_PARAM_H 1
| #define HAVE_SYS_TIME_H 1
| #define HAVE_UNISTD_H 1
| #define HAVE_ERRNO_H 1
| #define HAVE_SYS_TYPES_H 1
| #define HAVE_SYS_SOCKET_H 1
| #define HAVE_NETINET_IN_H 1
| #define HAVE_ARPA_INET_H 1
| #define HAVE_SYS_STAT_H 1
| #define HAVE_NETDB_H 1
| #define HAVE_SYS_WAIT_H 1
| #define HAVE_FCNTL_H 1
| #define HAVE_SYS_RESOURCE_H 1
| #define HAVE_INTTYPES_H 1
| #define TIME_WITH_SYS_TIME 1
| #define HAVE_SYS_SOCKET_H 1
| #define HAVE_NET_IF_H 1
| #define HAVE___ATTRIBUTE__ 1
| /* end confdefs.h.  */
| #include <stdio.h>
| #ifdef HAVE_SYS_TYPES_H
| # include <sys/types.h>
| #endif
| #ifdef HAVE_SYS_STAT_H
| # include <sys/stat.h>
| #endif
| #ifdef STDC_HEADERS
| # include <stdlib.h>
| # include <stddef.h>
| #else
| # ifdef HAVE_STDLIB_H
| #  include <stdlib.h>
| # endif
| #endif
| #ifdef HAVE_STRING_H
| # if !defined STDC_HEADERS && defined HAVE_MEMORY_H
| #  include <memory.h>
| # endif
| # include <string.h>
| #endif
| #ifdef HAVE_STRINGS_H
| # include <strings.h>
| #endif
| #ifdef HAVE_INTTYPES_H
| # include <inttypes.h>
| #endif
| #ifdef HAVE_STDINT_H
| # include <stdint.h>
| #endif
| #ifdef HAVE_UNISTD_H
| # include <unistd.h>
| #endif
| 	        enum { N = 32 / 2 - 1 };
| int
| main ()
| {
| static int test_array [1 - 2 * !((int32_t) (((((int32_t) 1 << N) << N) - 1) * 2 + 1)
| 		 < (int32_t) (((((int32_t) 1 << N) << N) - 1) * 2 + 2))];
| test_array [0] = 0
| 
|   ;
|   return 0;
| }
configure:4103: result: yes
configure:4114: checking for int64_t
configure:4114: arm-linux-androideabi-gcc -c -g -O2 -Wall   conftest.c >&5
configure:4114: $? = 0
configure:4114: arm-linux-androideabi-gcc -c -g -O2 -Wall   conftest.c >&5
conftest.c: In function 'main':
conftest.c:78: warning: integer overflow in expression
conftest.c:78: error: size of array 'test_array' is negative
configure:4114: $? = 1
configure: failed program was:
| /* confdefs.h */
| #define PACKAGE_NAME ""
| #define PACKAGE_TARNAME ""
| #define PACKAGE_VERSION ""
| #define PACKAGE_STRING ""
| #define PACKAGE_BUGREPORT ""
| #define PACKAGE_URL ""
| #define STDC_HEADERS 1
| #define HAVE_SYS_TYPES_H 1
| #define HAVE_SYS_STAT_H 1
| #define HAVE_STDLIB_H 1
| #define HAVE_STRING_H 1
| #define HAVE_MEMORY_H 1
| #define HAVE_STRINGS_H 1
| #define HAVE_INTTYPES_H 1
| #define HAVE_STDINT_H 1
| #define HAVE_UNISTD_H 1
| #define HAVE_STRING_H 1
| #define HAVE_GETOPT_H 1
| #define HAVE_STRINGS_H 1
| #define HAVE_SYS_PARAM_H 1
| #define HAVE_SYS_TIME_H 1
| #define HAVE_UNISTD_H 1
| #define HAVE_ERRNO_H 1
| #define HAVE_SYS_TYPES_H 1
| #define HAVE_SYS_SOCKET_H 1
| #define HAVE_NETINET_IN_H 1
| #define HAVE_ARPA_INET_H 1
| #define HAVE_SYS_STAT_H 1
| #define HAVE_NETDB_H 1
| #define HAVE_SYS_WAIT_H 1
| #define HAVE_FCNTL_H 1
| #define HAVE_SYS_RESOURCE_H 1
| #define HAVE_INTTYPES_H 1
| #define TIME_WITH_SYS_TIME 1
| #define HAVE_SYS_SOCKET_H 1
| #define HAVE_NET_IF_H 1
| #define HAVE___ATTRIBUTE__ 1
| /* end confdefs.h.  */
| #include <stdio.h>
| #ifdef HAVE_SYS_TYPES_H
| # include <sys/types.h>
| #endif
| #ifdef HAVE_SYS_STAT_H
| # include <sys/stat.h>
| #endif
| #ifdef STDC_HEADERS
| # include <stdlib.h>
| # include <stddef.h>
| #else
| # ifdef HAVE_STDLIB_H
| #  include <stdlib.h>
| # endif
| #endif
| #ifdef HAVE_STRING_H
| # if !defined STDC_HEADERS && defined HAVE_MEMORY_H
| #  include <memory.h>
| # endif
| # include <string.h>
| #endif
| #ifdef HAVE_STRINGS_H
| # include <strings.h>
| #endif
| #ifdef HAVE_INTTYPES_H
| # include <inttypes.h>
| #endif
| #ifdef HAVE_STDINT_H
| # include <stdint.h>
| #endif
| #ifdef HAVE_UNISTD_H
| # include <unistd.h>
| #endif
| 	        enum { N = 64 / 2 - 1 };
| int
| main ()
| {
| static int test_array [1 - 2 * !((int64_t) (((((int64_t) 1 << N) << N) - 1) * 2 + 1)
| 		 < (int64_t) (((((int64_t) 1 << N) << N) - 1) * 2 + 2))];
| test_array [0] = 0
| 
|   ;
|   return 0;
| }
configure:4114: result: yes
configure:4125: checking for uint8_t
configure:4125: arm-linux-androideabi-gcc -c -g -O2 -Wall   conftest.c >&5
configure:4125: $? = 0
configure:4125: result: yes
configure:4139: checking for uint16_t
configure:4139: arm-linux-androideabi-gcc -c -g -O2 -Wall   conftest.c >&5
configure:4139: $? = 0
configure:4139: result: yes
configure:4151: checking for uint32_t
configure:4151: arm-linux-androideabi-gcc -c -g -O2 -Wall   conftest.c >&5
configure:4151: $? = 0
configure:4151: result: yes
configure:4165: checking for uint64_t
configure:4165: arm-linux-androideabi-gcc -c -g -O2 -Wall   conftest.c >&5
configure:4165: $? = 0
configure:4165: result: yes
configure:4183: checking for snprintf
configure:4183: arm-linux-androideabi-gcc -o conftest -g -O2 -Wall   -static conftest.c  >&5
conftest.c:63: warning: conflicting types for built-in function 'snprintf'
configure:4183: $? = 0
configure:4183: result: yes
configure:4183: checking for vsnprintf
configure:4183: arm-linux-androideabi-gcc -o conftest -g -O2 -Wall   -static conftest.c  >&5
conftest.c:64: warning: conflicting types for built-in function 'vsnprintf'
configure:4183: $? = 0
configure:4183: result: yes
configure:4183: checking for nanosleep
configure:4183: arm-linux-androideabi-gcc -o conftest -g -O2 -Wall   -static conftest.c  >&5
configure:4183: $? = 0
configure:4183: result: yes
configure:4183: checking for strerror
configure:4183: arm-linux-androideabi-gcc -o conftest -g -O2 -Wall   -static conftest.c  >&5
configure:4183: $? = 0
configure:4183: result: yes
configure:4183: checking for strcasestr
configure:4183: arm-linux-androideabi-gcc -o conftest -g -O2 -Wall   -static conftest.c  >&5
configure:4183: $? = 0
configure:4183: result: yes
configure:4183: checking for strcasecmp
configure:4183: arm-linux-androideabi-gcc -o conftest -g -O2 -Wall   -static conftest.c  >&5
conftest.c:68: warning: conflicting types for built-in function 'strcasecmp'
configure:4183: $? = 0
configure:4183: result: yes
configure:4183: checking for strncasecmp
configure:4183: arm-linux-androideabi-gcc -o conftest -g -O2 -Wall   -static conftest.c  >&5
conftest.c:69: warning: conflicting types for built-in function 'strncasecmp'
configure:4183: $? = 0
configure:4183: result: yes
configure:4183: checking for signal
configure:4183: arm-linux-androideabi-gcc -o conftest -g -O2 -Wall   -static conftest.c  >&5
/tmp/ccgCLPaT.o: In function `main':
/home/mogi/nmap/nbase/conftest.c:81: undefined reference to `signal'
collect2: ld returned 1 exit status
configure:4183: $? = 1
configure: failed program was:
| /* confdefs.h */
| #define PACKAGE_NAME ""
| #define PACKAGE_TARNAME ""
| #define PACKAGE_VERSION ""
| #define PACKAGE_STRING ""
| #define PACKAGE_BUGREPORT ""
| #define PACKAGE_URL ""
| #define STDC_HEADERS 1
| #define HAVE_SYS_TYPES_H 1
| #define HAVE_SYS_STAT_H 1
| #define HAVE_STDLIB_H 1
| #define HAVE_STRING_H 1
| #define HAVE_MEMORY_H 1
| #define HAVE_STRINGS_H 1
| #define HAVE_INTTYPES_H 1
| #define HAVE_STDINT_H 1
| #define HAVE_UNISTD_H 1
| #define HAVE_STRING_H 1
| #define HAVE_GETOPT_H 1
| #define HAVE_STRINGS_H 1
| #define HAVE_SYS_PARAM_H 1
| #define HAVE_SYS_TIME_H 1
| #define HAVE_UNISTD_H 1
| #define HAVE_ERRNO_H 1
| #define HAVE_SYS_TYPES_H 1
| #define HAVE_SYS_SOCKET_H 1
| #define HAVE_NETINET_IN_H 1
| #define HAVE_ARPA_INET_H 1
| #define HAVE_SYS_STAT_H 1
| #define HAVE_NETDB_H 1
| #define HAVE_SYS_WAIT_H 1
| #define HAVE_FCNTL_H 1
| #define HAVE_SYS_RESOURCE_H 1
| #define HAVE_INTTYPES_H 1
| #define TIME_WITH_SYS_TIME 1
| #define HAVE_SYS_SOCKET_H 1
| #define HAVE_NET_IF_H 1
| #define HAVE___ATTRIBUTE__ 1
| #define HAVE_SNPRINTF 1
| #define HAVE_VSNPRINTF 1
| #define HAVE_NANOSLEEP 1
| #define HAVE_STRERROR 1
| #define HAVE_STRCASESTR 1
| #define HAVE_STRCASECMP 1
| #define HAVE_STRNCASECMP 1
| /* end confdefs.h.  */
| /* Define signal to an innocuous variant, in case <limits.h> declares signal.
|    For example, HP-UX 11i <limits.h> declares gettimeofday.  */
| #define signal innocuous_signal
| 
| /* System header to define __stub macros and hopefully few prototypes,
|     which can conflict with char signal (); below.
|     Prefer <limits.h> to <assert.h> if __STDC__ is defined, since
|     <limits.h> exists even on freestanding compilers.  */
| 
| #ifdef __STDC__
| # include <limits.h>
| #else
| # include <assert.h>
| #endif
| 
| #undef signal
| 
| /* Override any GCC internal prototype to avoid an error.
|    Use char because int might match the return type of a GCC
|    builtin and then its argument prototype would still apply.  */
| #ifdef __cplusplus
| extern "C"
| #endif
| char signal ();
| /* The GNU C library defines this for functions which it implements
|     to always fail with ENOSYS.  Some functions are actually named
|     something starting with __ and the normal name is an alias.  */
| #if defined __stub_signal || defined __stub___signal
| choke me
| #endif
| 
| int
| main ()
| {
| return signal ();
|   ;
|   return 0;
| }
configure:4183: result: no
configure:4197: checking for vsnprintf
configure:4197: result: yes
configure:4197: checking for snprintf
configure:4197: result: yes
configure:4197: checking for asprintf
configure:4197: arm-linux-androideabi-gcc -o conftest -g -O2 -Wall   -static conftest.c  >&5
configure:4197: $? = 0
configure:4197: result: yes
configure:4197: checking for asnprintf
configure:4197: arm-linux-androideabi-gcc -o conftest -g -O2 -Wall   -static conftest.c  >&5
/tmp/cch6UMF5.o: In function `main':
/home/mogi/nmap/nbase/conftest.c:84: undefined reference to `asnprintf'
collect2: ld returned 1 exit status
configure:4197: $? = 1
configure: failed program was:
| /* confdefs.h */
| #define PACKAGE_NAME ""
| #define PACKAGE_TARNAME ""
| #define PACKAGE_VERSION ""
| #define PACKAGE_STRING ""
| #define PACKAGE_BUGREPORT ""
| #define PACKAGE_URL ""
| #define STDC_HEADERS 1
| #define HAVE_SYS_TYPES_H 1
| #define HAVE_SYS_STAT_H 1
| #define HAVE_STDLIB_H 1
| #define HAVE_STRING_H 1
| #define HAVE_MEMORY_H 1
| #define HAVE_STRINGS_H 1
| #define HAVE_INTTYPES_H 1
| #define HAVE_STDINT_H 1
| #define HAVE_UNISTD_H 1
| #define HAVE_STRING_H 1
| #define HAVE_GETOPT_H 1
| #define HAVE_STRINGS_H 1
| #define HAVE_SYS_PARAM_H 1
| #define HAVE_SYS_TIME_H 1
| #define HAVE_UNISTD_H 1
| #define HAVE_ERRNO_H 1
| #define HAVE_SYS_TYPES_H 1
| #define HAVE_SYS_SOCKET_H 1
| #define HAVE_NETINET_IN_H 1
| #define HAVE_ARPA_INET_H 1
| #define HAVE_SYS_STAT_H 1
| #define HAVE_NETDB_H 1
| #define HAVE_SYS_WAIT_H 1
| #define HAVE_FCNTL_H 1
| #define HAVE_SYS_RESOURCE_H 1
| #define HAVE_INTTYPES_H 1
| #define TIME_WITH_SYS_TIME 1
| #define HAVE_SYS_SOCKET_H 1
| #define HAVE_NET_IF_H 1
| #define HAVE___ATTRIBUTE__ 1
| #define HAVE_SNPRINTF 1
| #define HAVE_VSNPRINTF 1
| #define HAVE_NANOSLEEP 1
| #define HAVE_STRERROR 1
| #define HAVE_STRCASESTR 1
| #define HAVE_STRCASECMP 1
| #define HAVE_STRNCASECMP 1
| #define HAVE_VSNPRINTF 1
| #define HAVE_SNPRINTF 1
| #define HAVE_ASPRINTF 1
| /* end confdefs.h.  */
| /* Define asnprintf to an innocuous variant, in case <limits.h> declares asnprintf.
|    For example, HP-UX 11i <limits.h> declares gettimeofday.  */
| #define asnprintf innocuous_asnprintf
| 
| /* System header to define __stub macros and hopefully few prototypes,
|     which can conflict with char asnprintf (); below.
|     Prefer <limits.h> to <assert.h> if __STDC__ is defined, since
|     <limits.h> exists even on freestanding compilers.  */
| 
| #ifdef __STDC__
| # include <limits.h>
| #else
| # include <assert.h>
| #endif
| 
| #undef asnprintf
| 
| /* Override any GCC internal prototype to avoid an error.
|    Use char because int might match the return type of a GCC
|    builtin and then its argument prototype would still apply.  */
| #ifdef __cplusplus
| extern "C"
| #endif
| char asnprintf ();
| /* The GNU C library defines this for functions which it implements
|     to always fail with ENOSYS.  Some functions are actually named
|     something starting with __ and the normal name is an alias.  */
| #if defined __stub_asnprintf || defined __stub___asnprintf
| choke me
| #endif
| 
| int
| main ()
| {
| return asnprintf ();
|   ;
|   return 0;
| }
configure:4197: result: no
configure:4197: checking for vasprintf
configure:4197: arm-linux-androideabi-gcc -o conftest -g -O2 -Wall   -static conftest.c  >&5
configure:4197: $? = 0
configure:4197: result: yes
configure:4197: checking for vasnprintf
configure:4197: arm-linux-androideabi-gcc -o conftest -g -O2 -Wall   -static conftest.c  >&5
/tmp/ccDx1x95.o: In function `main':
/home/mogi/nmap/nbase/conftest.c:85: undefined reference to `vasnprintf'
collect2: ld returned 1 exit status
configure:4197: $? = 1
configure: failed program was:
| /* confdefs.h */
| #define PACKAGE_NAME ""
| #define PACKAGE_TARNAME ""
| #define PACKAGE_VERSION ""
| #define PACKAGE_STRING ""
| #define PACKAGE_BUGREPORT ""
| #define PACKAGE_URL ""
| #define STDC_HEADERS 1
| #define HAVE_SYS_TYPES_H 1
| #define HAVE_SYS_STAT_H 1
| #define HAVE_STDLIB_H 1
| #define HAVE_STRING_H 1
| #define HAVE_MEMORY_H 1
| #define HAVE_STRINGS_H 1
| #define HAVE_INTTYPES_H 1
| #define HAVE_STDINT_H 1
| #define HAVE_UNISTD_H 1
| #define HAVE_STRING_H 1
| #define HAVE_GETOPT_H 1
| #define HAVE_STRINGS_H 1
| #define HAVE_SYS_PARAM_H 1
| #define HAVE_SYS_TIME_H 1
| #define HAVE_UNISTD_H 1
| #define HAVE_ERRNO_H 1
| #define HAVE_SYS_TYPES_H 1
| #define HAVE_SYS_SOCKET_H 1
| #define HAVE_NETINET_IN_H 1
| #define HAVE_ARPA_INET_H 1
| #define HAVE_SYS_STAT_H 1
| #define HAVE_NETDB_H 1
| #define HAVE_SYS_WAIT_H 1
| #define HAVE_FCNTL_H 1
| #define HAVE_SYS_RESOURCE_H 1
| #define HAVE_INTTYPES_H 1
| #define TIME_WITH_SYS_TIME 1
| #define HAVE_SYS_SOCKET_H 1
| #define HAVE_NET_IF_H 1
| #define HAVE___ATTRIBUTE__ 1
| #define HAVE_SNPRINTF 1
| #define HAVE_VSNPRINTF 1
| #define HAVE_NANOSLEEP 1
| #define HAVE_STRERROR 1
| #define HAVE_STRCASESTR 1
| #define HAVE_STRCASECMP 1
| #define HAVE_STRNCASECMP 1
| #define HAVE_VSNPRINTF 1
| #define HAVE_SNPRINTF 1
| #define HAVE_ASPRINTF 1
| #define HAVE_VASPRINTF 1
| /* end confdefs.h.  */
| /* Define vasnprintf to an innocuous variant, in case <limits.h> declares vasnprintf.
|    For example, HP-UX 11i <limits.h> declares gettimeofday.  */
| #define vasnprintf innocuous_vasnprintf
| 
| /* System header to define __stub macros and hopefully few prototypes,
|     which can conflict with char vasnprintf (); below.
|     Prefer <limits.h> to <assert.h> if __STDC__ is defined, since
|     <limits.h> exists even on freestanding compilers.  */
| 
| #ifdef __STDC__
| # include <limits.h>
| #else
| # include <assert.h>
| #endif
| 
| #undef vasnprintf
| 
| /* Override any GCC internal prototype to avoid an error.
|    Use char because int might match the return type of a GCC
|    builtin and then its argument prototype would still apply.  */
| #ifdef __cplusplus
| extern "C"
| #endif
| char vasnprintf ();
| /* The GNU C library defines this for functions which it implements
|     to always fail with ENOSYS.  Some functions are actually named
|     something starting with __ and the normal name is an alias.  */
| #if defined __stub_vasnprintf || defined __stub___vasnprintf
| choke me
| #endif
| 
| int
| main ()
| {
| return vasnprintf ();
|   ;
|   return 0;
| }
configure:4197: result: no
configure:4220: checking for getopt
configure:4220: arm-linux-androideabi-gcc -o conftest -g -O2 -Wall   -static conftest.c  >&5
configure:4220: $? = 0
configure:4220: result: yes
configure:4220: checking for getopt_long_only
configure:4220: arm-linux-androideabi-gcc -o conftest -g -O2 -Wall   -static conftest.c  >&5
configure:4220: $? = 0
configure:4220: result: yes
configure:4233: checking for usleep
configure:4233: arm-linux-androideabi-gcc -o conftest -g -O2 -Wall   -static conftest.c  >&5
configure:4233: $? = 0
configure:4233: result: yes
configure:4233: checking for gettimeofday
configure:4233: arm-linux-androideabi-gcc -o conftest -g -O2 -Wall   -static conftest.c  >&5
configure:4233: $? = 0
configure:4233: result: yes
configure:4233: checking for sleep
configure:4233: arm-linux-androideabi-gcc -o conftest -g -O2 -Wall   -static conftest.c  >&5
configure:4233: $? = 0
configure:4233: result: yes
configure:4250: checking for getopt_long_only
configure:4250: result: yes
configure:4266: checking for strcasecmp
configure:4266: result: yes
configure:4266: checking for strncasecmp
configure:4266: result: yes
configure:4326: checking for library containing getaddrinfo
configure:4357: arm-linux-androideabi-gcc -o conftest -g -O2 -Wall   -static conftest.c  >&5
configure:4357: $? = 0
configure:4374: result: none required
configure:4382: checking for library containing gai_strerror
configure:4413: arm-linux-androideabi-gcc -o conftest -g -O2 -Wall   -static conftest.c  >&5
configure:4413: $? = 0
configure:4430: result: none required
configure:4438: checking for library containing getnameinfo
configure:4469: arm-linux-androideabi-gcc -o conftest -g -O2 -Wall   -static conftest.c  >&5
configure:4469: $? = 0
configure:4486: result: none required
configure:4496: checking for gai_strerror
configure:4496: arm-linux-androideabi-gcc -o conftest -g -O2 -Wall   -static conftest.c  >&5
configure:4496: $? = 0
configure:4496: result: yes
configure:4505: checking for inet_ntop
configure:4505: arm-linux-androideabi-gcc -o conftest -g -O2 -Wall   -static conftest.c  >&5
configure:4505: $? = 0
configure:4505: result: yes
configure:4518: checking for inet_pton
configure:4518: arm-linux-androideabi-gcc -o conftest -g -O2 -Wall   -static conftest.c  >&5
configure:4518: $? = 0
configure:4518: result: yes
configure:4533: checking for working getaddrinfo
configure:4592: result: yes
configure:4605: checking for library containing inet_addr
configure:4636: arm-linux-androideabi-gcc -o conftest -g -O2 -Wall   -static conftest.c  >&5
configure:4636: $? = 0
configure:4653: result: none required
configure:4662: checking for working getnameinfo
configure:4729: result: yes
configure:4738: checking for sockaddr_in6
configure:4764: arm-linux-androideabi-gcc -c -g -O2 -Wall   conftest.c >&5
conftest.c: In function 'main':
conftest.c:75: warning: unused variable 'sa'
configure:4764: $? = 0
configure:4776: result: yes
configure:4788: checking for sockaddr_storage
configure:4817: arm-linux-androideabi-gcc -c -g -O2 -Wall   conftest.c >&5
conftest.c: In function 'main':
conftest.c:79: warning: unused variable 'sa'
configure:4817: $? = 0
configure:4829: result: yes
configure:4841: checking for AF_INET6 definition
configure:4870: arm-linux-androideabi-gcc -c -g -O2 -Wall   conftest.c >&5
conftest.c: In function 'main':
conftest.c:80: warning: unused variable 'af'
configure:4870: $? = 0
configure:4882: result: yes
configure:4894: checking for IPv6 support
configure:4905: result: yes
configure:5279: creating ./config.status

## ---------------------- ##
## Running config.status. ##
## ---------------------- ##

This file was extended by config.status, which was
generated by GNU Autoconf 2.68.  Invocation command line was

  CONFIG_FILES    = 
  CONFIG_HEADERS  = 
  CONFIG_LINKS    = 
  CONFIG_COMMANDS = 
  $ ./config.status 

on nomad

config.status:872: creating Makefile
config.status:971: WARNING:  'Makefile.in' seems to ignore the --datarootdir setting
config.status:872: creating nbase_config.h
config.status:1042: nbase_config.h is unchanged

## ---------------- ##
## Cache variables. ##
## ---------------- ##

ac_cv___attribute__=yes
ac_cv_build=x86_64-unknown-linux-gnu
ac_cv_c_bigendian=no
ac_cv_c_compiler_gnu=yes
ac_cv_c_inline=inline
ac_cv_c_int16_t=yes
ac_cv_c_int32_t=yes
ac_cv_c_int64_t=yes
ac_cv_c_int8_t=yes
ac_cv_c_uint16_t=yes
ac_cv_c_uint32_t=yes
ac_cv_c_uint64_t=yes
ac_cv_c_uint8_t=yes
ac_cv_define_af_inet6=yes
ac_cv_define_sockaddr_in6=yes
ac_cv_define_sockaddr_storage=yes
ac_cv_env_CC_set=set
ac_cv_env_CC_value=arm-linux-androideabi-gcc
ac_cv_env_CFLAGS_set=
ac_cv_env_CFLAGS_value=
ac_cv_env_CPPFLAGS_set=
ac_cv_env_CPPFLAGS_value=
ac_cv_env_CPP_set=
ac_cv_env_CPP_value=
ac_cv_env_LDFLAGS_set=set
ac_cv_env_LDFLAGS_value=-static
ac_cv_env_LIBS_set=
ac_cv_env_LIBS_value=
ac_cv_env_build_alias_set=
ac_cv_env_build_alias_value=
ac_cv_env_host_alias_set=set
ac_cv_env_host_alias_value=arm-linux-androideabi
ac_cv_env_target_alias_set=
ac_cv_env_target_alias_value=
ac_cv_func_asnprintf=no
ac_cv_func_asprintf=yes
ac_cv_func_gai_strerror=yes
ac_cv_func_getopt=yes
ac_cv_func_getopt_long_only=yes
ac_cv_func_gettimeofday=yes
ac_cv_func_inet_ntop=yes
ac_cv_func_inet_pton=yes
ac_cv_func_nanosleep=yes
ac_cv_func_signal=no
ac_cv_func_sleep=yes
ac_cv_func_snprintf=yes
ac_cv_func_strcasecmp=yes
ac_cv_func_strcasestr=yes
ac_cv_func_strerror=yes
ac_cv_func_strncasecmp=yes
ac_cv_func_usleep=yes
ac_cv_func_vasnprintf=no
ac_cv_func_vasprintf=yes
ac_cv_func_vsnprintf=yes
ac_cv_header_arpa_inet_h=yes
ac_cv_header_errno_h=yes
ac_cv_header_fcntl_h=yes
ac_cv_header_getopt_h=yes
ac_cv_header_inttypes_h=yes
ac_cv_header_mach_o_dyld_h=no
ac_cv_header_memory_h=yes
ac_cv_header_net_if_h=yes
ac_cv_header_netdb_h=yes
ac_cv_header_netinet_in_h=yes
ac_cv_header_stdc=yes
ac_cv_header_stdint_h=yes
ac_cv_header_stdlib_h=yes
ac_cv_header_string_h=yes
ac_cv_header_strings_h=yes
ac_cv_header_sys_param_h=yes
ac_cv_header_sys_resource_h=yes
ac_cv_header_sys_socket_h=yes
ac_cv_header_sys_stat_h=yes
ac_cv_header_sys_time_h=yes
ac_cv_header_sys_types_h=yes
ac_cv_header_sys_wait_h=yes
ac_cv_header_time=yes
ac_cv_header_unistd_h=yes
ac_cv_host=arm-unknown-linux-androideabi
ac_cv_linux_vers=2
ac_cv_objext=o
ac_cv_path_EGREP='/usr/bin/grep -E'
ac_cv_path_GREP=/usr/bin/grep
ac_cv_prog_CC=arm-linux-androideabi-gcc
ac_cv_prog_CPP='arm-linux-androideabi-gcc -E'
ac_cv_prog_RANLIB=arm-linux-androideabi-ranlib
ac_cv_prog_cc_c89=
ac_cv_prog_cc_g=yes
ac_cv_search_gai_strerror='none required'
ac_cv_search_getaddrinfo='none required'
ac_cv_search_getnameinfo='none required'
ac_cv_search_inet_addr='none required'
ac_cv_sockaddr_has_sa_len=no
ac_cv_working_getaddrinfo=yes
ac_cv_working_getnameinfo=yes

## ----------------- ##
## Output variables. ##
## ----------------- ##

CC='arm-linux-androideabi-gcc'
CFLAGS='-g -O2 -Wall '
COMPAT_OBJS=''
COMPAT_SRCS=''
CPP='arm-linux-androideabi-gcc -E'
CPPFLAGS=''
DEFS='-DHAVE_CONFIG_H'
ECHO_C=''
ECHO_N='-n'
ECHO_T=''
EGREP='/usr/bin/grep -E'
EXEEXT=''
GREP='/usr/bin/grep'
LDFLAGS='-static'
LIBOBJS=' ${LIBOBJDIR}snprintf$U.o ${LIBOBJDIR}nbase_str$U.o ${LIBOBJDIR}nbase_misc$U.o ${LIBOBJDIR}nbase_memalloc$U.o ${LIBOBJDIR}nbase_rnd$U.o ${LIBOBJDIR}nbase_addrset$U.o'
LIBS=''
LTLIBOBJS=' ${LIBOBJDIR}snprintf$U.lo ${LIBOBJDIR}nbase_str$U.lo ${LIBOBJDIR}nbase_misc$U.lo ${LIBOBJDIR}nbase_memalloc$U.lo ${LIBOBJDIR}nbase_rnd$U.lo ${LIBOBJDIR}nbase_addrset$U.lo'
OBJEXT='o'
PACKAGE_BUGREPORT=''
PACKAGE_NAME=''
PACKAGE_STRING=''
PACKAGE_TARNAME=''
PACKAGE_URL=''
PACKAGE_VERSION=''
PATH_SEPARATOR=':'
RANLIB='arm-linux-androideabi-ranlib'
SHELL='/bin/sh'
ac_ct_CC=''
bindir='${exec_prefix}/bin'
build='x86_64-unknown-linux-gnu'
build_alias=''
build_cpu='x86_64'
build_os='linux-gnu'
build_vendor='unknown'
datadir='${datarootdir}'
datarootdir='${prefix}/share'
docdir='${datarootdir}/doc/${PACKAGE}'
dvidir='${docdir}'
exec_prefix='${prefix}'
host='arm-unknown-linux-androideabi'
host_alias='arm-linux-androideabi'
host_cpu='arm'
host_os='linux-androideabi'
host_vendor='unknown'
htmldir='${docdir}'
includedir='${prefix}/include'
infodir='${datarootdir}/info'
libdir='${exec_prefix}/lib'
libexecdir='${exec_prefix}/libexec'
localedir='${datarootdir}/locale'
localstatedir='${prefix}/var'
mandir='${datarootdir}/man'
oldincludedir='/usr/include'
pdfdir='${docdir}'
prefix='/sdcard/opt/nmap'
program_transform_name='s,x,x,'
psdir='${docdir}'
sbindir='${exec_prefix}/sbin'
sharedstatedir='${prefix}/com'
sysconfdir='${prefix}/etc'
target_alias=''

## ----------- ##
## confdefs.h. ##
## ----------- ##

/* confdefs.h */
#define PACKAGE_NAME ""
#define PACKAGE_TARNAME ""
#define PACKAGE_VERSION ""
#define PACKAGE_STRING ""
#define PACKAGE_BUGREPORT ""
#define PACKAGE_URL ""
#define STDC_HEADERS 1
#define HAVE_SYS_TYPES_H 1
#define HAVE_SYS_STAT_H 1
#define HAVE_STDLIB_H 1
#define HAVE_STRING_H 1
#define HAVE_MEMORY_H 1
#define HAVE_STRINGS_H 1
#define HAVE_INTTYPES_H 1
#define HAVE_STDINT_H 1
#define HAVE_UNISTD_H 1
#define HAVE_STRING_H 1
#define HAVE_GETOPT_H 1
#define HAVE_STRINGS_H 1
#define HAVE_SYS_PARAM_H 1
#define HAVE_SYS_TIME_H 1
#define HAVE_UNISTD_H 1
#define HAVE_ERRNO_H 1
#define HAVE_SYS_TYPES_H 1
#define HAVE_SYS_SOCKET_H 1
#define HAVE_NETINET_IN_H 1
#define HAVE_ARPA_INET_H 1
#define HAVE_SYS_STAT_H 1
#define HAVE_NETDB_H 1
#define HAVE_SYS_WAIT_H 1
#define HAVE_FCNTL_H 1
#define HAVE_SYS_RESOURCE_H 1
#define HAVE_INTTYPES_H 1
#define TIME_WITH_SYS_TIME 1
#define HAVE_SYS_SOCKET_H 1
#define HAVE_NET_IF_H 1
#define HAVE___ATTRIBUTE__ 1
#define HAVE_SNPRINTF 1
#define HAVE_VSNPRINTF 1
#define HAVE_NANOSLEEP 1
#define HAVE_STRERROR 1
#define HAVE_STRCASESTR 1
#define HAVE_STRCASECMP 1
#define HAVE_STRNCASECMP 1
#define HAVE_VSNPRINTF 1
#define HAVE_SNPRINTF 1
#define HAVE_ASPRINTF 1
#define HAVE_VASPRINTF 1
#define HAVE_GETOPT 1
#define HAVE_GETOPT_LONG_ONLY 1
#define HAVE_USLEEP 1
#define HAVE_GETTIMEOFDAY 1
#define HAVE_SLEEP 1
#define HAVE_STRCASECMP 1
#define HAVE_STRNCASECMP 1
#define HAVE_GAI_STRERROR 1
#define HAVE_INET_NTOP 1
#define HAVE_INET_PTON 1
#define HAVE_GETADDRINFO 1
#define HAVE_GETNAMEINFO 1
#define HAVE_SOCKADDR_IN6 1
#define HAVE_SOCKADDR_STORAGE 1
#define HAVE_AF_INET6 1
#define HAVE_IPV6 1
#define HAVE_OPENSSL 1
#define HAVE_PROC_SELF_EXE 1

configure: exit 0
