This file contains any messages produced by compilers while
running configure, to aid debugging if configure makes a mistake.

It was created by configure, which was
generated by GNU Autoconf 2.68.  Invocation command line was

  $ ./configure --host=arm-linux-androideabi --without-zenmap --without-nping --without-ncat --without-ndiff --with-liblua=included --with-libpcap=internal --with-pcap=linux --enable-static --prefix=/sdcard/opt/nmap --with-openssl=/home/mogi/nmap/openssl

## --------- ##
## Platform. ##
## --------- ##

hostname = nomad
uname -m = x86_64
uname -r = 3.3.6-1-ARCH
uname -s = Linux
uname -v = #1 SMP PREEMPT Sun May 13 10:52:32 CEST 2012

/usr/bin/uname -p = unknown
/bin/uname -X     = unknown

/bin/arch              = unknown
/usr/bin/arch -k       = unknown
/usr/convex/getsysinfo = unknown
/usr/bin/hostinfo      = unknown
/bin/machine           = unknown
/usr/bin/oslevel       = unknown
/bin/universe          = unknown

PATH: /tmp/ndk/bin
PATH: /usr/local/bin
PATH: /usr/bin
PATH: /bin
PATH: /usr/local/sbin
PATH: /usr/sbin
PATH: /sbin
PATH: /opt/jdk1.5.0_22/bin
PATH: /opt/jdk1.5.0_22/jre/bin
PATH: /usr/bin/vendor_perl
PATH: /usr/bin/core_perl
PATH: /home/mogi/android-sdks/tools
PATH: /home/mogi/android-sdks/platform-tools
PATH: /home/mogi/android-ndk-r8
PATH: /usr/share/java/apache-ant/bin
PATH: /opt/idea-IC-117.117/bin


## ----------- ##
## Core tests. ##
## ----------- ##

configure:2358: checking whether NLS is requested
configure:2367: result: yes
configure:2441: checking build system type
configure:2455: result: x86_64-unknown-linux-gnu
configure:2475: checking host system type
configure:2488: result: arm-unknown-linux-androideabi
configure:2516: checking for arm-linux-androideabi-gcc
configure:2543: result: arm-linux-androideabi-gcc
configure:2812: checking for C compiler version
configure:2821: arm-linux-androideabi-gcc --version >&5
arm-linux-androideabi-gcc (GCC) 4.4.3
Copyright (C) 2009 Free Software Foundation, Inc.
This is free software; see the source for copying conditions.  There is NO
warranty; not even for MERCHANTABILITY or FITNESS FOR A PARTICULAR PURPOSE.

configure:2832: $? = 0
configure:2821: arm-linux-androideabi-gcc -v >&5
Using built-in specs.
Target: arm-linux-androideabi
Configured with: /tmp/ndk-digit/src/build/../gcc/gcc-4.4.3/configure --prefix=/opt/digit/repo/opensource/ndk/toolchains/arm-linux-androideabi-4.4.3/prebuilt/linux-x86 --target=arm-linux-androideabi --host=x86_64-linux-gnu --build=x86_64-linux-gnu --with-gnu-as --with-gnu-ld --enable-languages=c,c++ --with-gmp=/tmp/ndk-digit/build/toolchain/temp-install --with-mpfr=/tmp/ndk-digit/build/toolchain/temp-install --disable-libssp --enable-threads --disable-nls --disable-libmudflap --disable-libgomp --disable-libstdc__-v3 --disable-sjlj-exceptions --disable-shared --disable-tls --with-float=soft --with-fpu=vfp --with-arch=armv5te --enable-target-optspace --enable-initfini-array --disable-nls --prefix=/opt/digit/repo/opensource/ndk/toolchains/arm-linux-androideabi-4.4.3/prebuilt/linux-x86 --with-sysroot=/opt/digit/repo/opensource/ndk/toolchains/arm-linux-androideabi-4.4.3/prebuilt/linux-x86/sysroot --with-binutils-version=2.19 --with-mpfr-version=2.4.1 --with-gmp-version=4.2.4 --with-gcc-version=4.4.3 --with-gdb-version=6.6 --with-arch=armv5te --program-transform-name='s,^,arm-linux-androideabi-,'
Thread model: posix
gcc version 4.4.3 (GCC) 
configure:2832: $? = 0
configure:2821: arm-linux-androideabi-gcc -V >&5
arm-linux-androideabi-gcc: '-V' option must have argument
configure:2832: $? = 1
configure:2821: arm-linux-androideabi-gcc -qversion >&5
arm-linux-androideabi-gcc: unrecognized option '-qversion'
arm-linux-androideabi-gcc: no input files
configure:2832: $? = 1
configure:2852: checking whether the C compiler works
configure:2874: arm-linux-androideabi-gcc   -static conftest.c  >&5
configure:2878: $? = 0
configure:2926: result: yes
configure:2929: checking for C compiler default output file name
configure:2931: result: a.out
configure:2937: checking for suffix of executables
configure:2944: arm-linux-androideabi-gcc -o conftest   -static conftest.c  >&5
configure:2948: $? = 0
configure:2970: result: 
configure:2992: checking whether we are cross compiling
configure:3000: arm-linux-androideabi-gcc -o conftest   -static conftest.c  >&5
configure:3004: $? = 0
configure:3011: ./conftest
./configure: line 3013: ./conftest: cannot execute binary file
configure:3015: $? = 126
configure:3030: result: yes
configure:3035: checking for suffix of object files
configure:3057: arm-linux-androideabi-gcc -c   conftest.c >&5
configure:3061: $? = 0
configure:3082: result: o
configure:3086: checking whether we are using the GNU C compiler
configure:3105: arm-linux-androideabi-gcc -c   conftest.c >&5
configure:3105: $? = 0
configure:3114: result: yes
configure:3123: checking whether arm-linux-androideabi-gcc accepts -g
configure:3143: arm-linux-androideabi-gcc -c -g  conftest.c >&5
configure:3143: $? = 0
configure:3184: result: yes
configure:3201: checking for arm-linux-androideabi-gcc option to accept ISO C89
configure:3265: arm-linux-androideabi-gcc  -c -g -O2  conftest.c >&5
configure:3265: $? = 0
configure:3278: result: none needed
configure:3299: checking for inline
configure:3315: arm-linux-androideabi-gcc -c -g -O2  conftest.c >&5
configure:3315: $? = 0
configure:3323: result: inline
configure:3350: checking for arm-linux-androideabi-gcc
configure:3377: result: arm-linux-androideabi-gcc
configure:3646: checking for C compiler version
configure:3655: arm-linux-androideabi-gcc --version >&5
arm-linux-androideabi-gcc (GCC) 4.4.3
Copyright (C) 2009 Free Software Foundation, Inc.
This is free software; see the source for copying conditions.  There is NO
warranty; not even for MERCHANTABILITY or FITNESS FOR A PARTICULAR PURPOSE.

configure:3666: $? = 0
configure:3655: arm-linux-androideabi-gcc -v >&5
Using built-in specs.
Target: arm-linux-androideabi
Configured with: /tmp/ndk-digit/src/build/../gcc/gcc-4.4.3/configure --prefix=/opt/digit/repo/opensource/ndk/toolchains/arm-linux-androideabi-4.4.3/prebuilt/linux-x86 --target=arm-linux-androideabi --host=x86_64-linux-gnu --build=x86_64-linux-gnu --with-gnu-as --with-gnu-ld --enable-languages=c,c++ --with-gmp=/tmp/ndk-digit/build/toolchain/temp-install --with-mpfr=/tmp/ndk-digit/build/toolchain/temp-install --disable-libssp --enable-threads --disable-nls --disable-libmudflap --disable-libgomp --disable-libstdc__-v3 --disable-sjlj-exceptions --disable-shared --disable-tls --with-float=soft --with-fpu=vfp --with-arch=armv5te --enable-target-optspace --enable-initfini-array --disable-nls --prefix=/opt/digit/repo/opensource/ndk/toolchains/arm-linux-androideabi-4.4.3/prebuilt/linux-x86 --with-sysroot=/opt/digit/repo/opensource/ndk/toolchains/arm-linux-androideabi-4.4.3/prebuilt/linux-x86/sysroot --with-binutils-version=2.19 --with-mpfr-version=2.4.1 --with-gmp-version=4.2.4 --with-gcc-version=4.4.3 --with-gdb-version=6.6 --with-arch=armv5te --program-transform-name='s,^,arm-linux-androideabi-,'
Thread model: posix
gcc version 4.4.3 (GCC) 
configure:3666: $? = 0
configure:3655: arm-linux-androideabi-gcc -V >&5
arm-linux-androideabi-gcc: '-V' option must have argument
configure:3666: $? = 1
configure:3655: arm-linux-androideabi-gcc -qversion >&5
arm-linux-androideabi-gcc: unrecognized option '-qversion'
arm-linux-androideabi-gcc: no input files
configure:3666: $? = 1
configure:3670: checking whether we are using the GNU C compiler
configure:3698: result: yes
configure:3707: checking whether arm-linux-androideabi-gcc accepts -g
configure:3768: result: yes
configure:3785: checking for arm-linux-androideabi-gcc option to accept ISO C89
configure:3862: result: none needed
configure:3994: checking for C++ compiler version
configure:4003: arm-linux-androideabi-g++ --version >&5
arm-linux-androideabi-g++ (GCC) 4.4.3
Copyright (C) 2009 Free Software Foundation, Inc.
This is free software; see the source for copying conditions.  There is NO
warranty; not even for MERCHANTABILITY or FITNESS FOR A PARTICULAR PURPOSE.

configure:4014: $? = 0
configure:4003: arm-linux-androideabi-g++ -v >&5
Using built-in specs.
Target: arm-linux-androideabi
Configured with: /tmp/ndk-digit/src/build/../gcc/gcc-4.4.3/configure --prefix=/opt/digit/repo/opensource/ndk/toolchains/arm-linux-androideabi-4.4.3/prebuilt/linux-x86 --target=arm-linux-androideabi --host=x86_64-linux-gnu --build=x86_64-linux-gnu --with-gnu-as --with-gnu-ld --enable-languages=c,c++ --with-gmp=/tmp/ndk-digit/build/toolchain/temp-install --with-mpfr=/tmp/ndk-digit/build/toolchain/temp-install --disable-libssp --enable-threads --disable-nls --disable-libmudflap --disable-libgomp --disable-libstdc__-v3 --disable-sjlj-exceptions --disable-shared --disable-tls --with-float=soft --with-fpu=vfp --with-arch=armv5te --enable-target-optspace --enable-initfini-array --disable-nls --prefix=/opt/digit/repo/opensource/ndk/toolchains/arm-linux-androideabi-4.4.3/prebuilt/linux-x86 --with-sysroot=/opt/digit/repo/opensource/ndk/toolchains/arm-linux-androideabi-4.4.3/prebuilt/linux-x86/sysroot --with-binutils-version=2.19 --with-mpfr-version=2.4.1 --with-gmp-version=4.2.4 --with-gcc-version=4.4.3 --with-gdb-version=6.6 --with-arch=armv5te --program-transform-name='s,^,arm-linux-androideabi-,'
Thread model: posix
gcc version 4.4.3 (GCC) 
configure:4014: $? = 0
configure:4003: arm-linux-androideabi-g++ -V >&5
arm-linux-androideabi-g++: '-V' option must have argument
configure:4014: $? = 1
configure:4003: arm-linux-androideabi-g++ -qversion >&5
arm-linux-androideabi-g++: unrecognized option '-qversion'
arm-linux-androideabi-g++: no input files
configure:4014: $? = 1
configure:4018: checking whether we are using the GNU C++ compiler
configure:4037: arm-linux-androideabi-g++ -c   conftest.cpp >&5
configure:4037: $? = 0
configure:4046: result: yes
configure:4055: checking whether arm-linux-androideabi-g++ accepts -g
configure:4075: arm-linux-androideabi-g++ -c -g  conftest.cpp >&5
configure:4075: $? = 0
configure:4116: result: yes
configure:4142: checking for arm-linux-androideabi-ranlib
configure:4169: result: arm-linux-androideabi-ranlib
configure:4245: checking for a BSD-compatible install
configure:4313: result: /usr/bin/install -c
configure:4332: checking for __func__
configure:4347: arm-linux-androideabi-gcc -c -g -O2  conftest.c >&5
configure:4347: $? = 0
configure:4354: result: yes
configure:4399: checking for arm-linux-androideabi-strip
configure:4417: found /tmp/ndk/bin/arm-linux-androideabi-strip
configure:4429: result: /tmp/ndk/bin/arm-linux-androideabi-strip
configure:4825: checking how to run the C preprocessor
configure:4856: arm-linux-androideabi-gcc -E  conftest.c
configure:4856: $? = 0
configure:4870: arm-linux-androideabi-gcc -E  conftest.c
conftest.c:10:28: error: ac_nonexistent.h: No such file or directory
configure:4870: $? = 1
configure: failed program was:
| /* confdefs.h */
| #define PACKAGE_NAME ""
| #define PACKAGE_TARNAME ""
| #define PACKAGE_VERSION ""
| #define PACKAGE_STRING ""
| #define PACKAGE_BUGREPORT ""
| #define PACKAGE_URL ""
| #define LINUX 1
| /* end confdefs.h.  */
| #include <ac_nonexistent.h>
configure:4895: result: arm-linux-androideabi-gcc -E
configure:4915: arm-linux-androideabi-gcc -E  conftest.c
configure:4915: $? = 0
configure:4929: arm-linux-androideabi-gcc -E  conftest.c
conftest.c:10:28: error: ac_nonexistent.h: No such file or directory
configure:4929: $? = 1
configure: failed program was:
| /* confdefs.h */
| #define PACKAGE_NAME ""
| #define PACKAGE_TARNAME ""
| #define PACKAGE_VERSION ""
| #define PACKAGE_STRING ""
| #define PACKAGE_BUGREPORT ""
| #define PACKAGE_URL ""
| #define LINUX 1
| /* end confdefs.h.  */
| #include <ac_nonexistent.h>
configure:4958: checking for grep that handles long lines and -e
configure:5016: result: /usr/bin/grep
configure:5021: checking for egrep
configure:5083: result: /usr/bin/grep -E
configure:5088: checking for ANSI C header files
configure:5108: arm-linux-androideabi-gcc -c -g -O2  conftest.c >&5
configure:5108: $? = 0
configure:5192: result: yes
configure:5205: checking for sys/types.h
configure:5205: arm-linux-androideabi-gcc -c -g -O2  conftest.c >&5
configure:5205: $? = 0
configure:5205: result: yes
configure:5205: checking for sys/stat.h
configure:5205: arm-linux-androideabi-gcc -c -g -O2  conftest.c >&5
configure:5205: $? = 0
configure:5205: result: yes
configure:5205: checking for stdlib.h
configure:5205: arm-linux-androideabi-gcc -c -g -O2  conftest.c >&5
configure:5205: $? = 0
configure:5205: result: yes
configure:5205: checking for string.h
configure:5205: arm-linux-androideabi-gcc -c -g -O2  conftest.c >&5
configure:5205: $? = 0
configure:5205: result: yes
configure:5205: checking for memory.h
configure:5205: arm-linux-androideabi-gcc -c -g -O2  conftest.c >&5
configure:5205: $? = 0
configure:5205: result: yes
configure:5205: checking for strings.h
configure:5205: arm-linux-androideabi-gcc -c -g -O2  conftest.c >&5
configure:5205: $? = 0
configure:5205: result: yes
configure:5205: checking for inttypes.h
configure:5205: arm-linux-androideabi-gcc -c -g -O2  conftest.c >&5
configure:5205: $? = 0
configure:5205: result: yes
configure:5205: checking for stdint.h
configure:5205: arm-linux-androideabi-gcc -c -g -O2  conftest.c >&5
configure:5205: $? = 0
configure:5205: result: yes
configure:5205: checking for unistd.h
configure:5205: arm-linux-androideabi-gcc -c -g -O2  conftest.c >&5
configure:5205: $? = 0
configure:5205: result: yes
configure:5220: checking pwd.h usability
configure:5220: arm-linux-androideabi-gcc -c -g -O2  conftest.c >&5
configure:5220: $? = 0
configure:5220: result: yes
configure:5220: checking pwd.h presence
configure:5220: arm-linux-androideabi-gcc -E  conftest.c
configure:5220: $? = 0
configure:5220: result: yes
configure:5220: checking for pwd.h
configure:5220: result: yes
configure:5220: checking termios.h usability
configure:5220: arm-linux-androideabi-gcc -c -g -O2  conftest.c >&5
configure:5220: $? = 0
configure:5220: result: yes
configure:5220: checking termios.h presence
configure:5220: arm-linux-androideabi-gcc -E  conftest.c
configure:5220: $? = 0
configure:5220: result: yes
configure:5220: checking for termios.h
configure:5220: result: yes
configure:5220: checking sys/sockio.h usability
configure:5220: arm-linux-androideabi-gcc -c -g -O2  conftest.c >&5
conftest.c:55:24: error: sys/sockio.h: No such file or directory
configure:5220: $? = 1
configure: failed program was:
| /* confdefs.h */
| #define PACKAGE_NAME ""
| #define PACKAGE_TARNAME ""
| #define PACKAGE_VERSION ""
| #define PACKAGE_STRING ""
| #define PACKAGE_BUGREPORT ""
| #define PACKAGE_URL ""
| #define LINUX 1
| #define STDC_HEADERS 1
| #define HAVE_SYS_TYPES_H 1
| #define HAVE_SYS_STAT_H 1
| #define HAVE_STDLIB_H 1
| #define HAVE_STRING_H 1
| #define HAVE_MEMORY_H 1
| #define HAVE_STRINGS_H 1
| #define HAVE_INTTYPES_H 1
| #define HAVE_STDINT_H 1
| #define HAVE_UNISTD_H 1
| #define HAVE_PWD_H 1
| #define HAVE_TERMIOS_H 1
| /* end confdefs.h.  */
| #include <stdio.h>
| #ifdef HAVE_SYS_TYPES_H
| # include <sys/types.h>
| #endif
| #ifdef HAVE_SYS_STAT_H
| # include <sys/stat.h>
| #endif
| #ifdef STDC_HEADERS
| # include <stdlib.h>
| # include <stddef.h>
| #else
| # ifdef HAVE_STDLIB_H
| #  include <stdlib.h>
| # endif
| #endif
| #ifdef HAVE_STRING_H
| # if !defined STDC_HEADERS && defined HAVE_MEMORY_H
| #  include <memory.h>
| # endif
| # include <string.h>
| #endif
| #ifdef HAVE_STRINGS_H
| # include <strings.h>
| #endif
| #ifdef HAVE_INTTYPES_H
| # include <inttypes.h>
| #endif
| #ifdef HAVE_STDINT_H
| # include <stdint.h>
| #endif
| #ifdef HAVE_UNISTD_H
| # include <unistd.h>
| #endif
| #include <sys/sockio.h>
configure:5220: result: no
configure:5220: checking sys/sockio.h presence
configure:5220: arm-linux-androideabi-gcc -E  conftest.c
conftest.c:22:24: error: sys/sockio.h: No such file or directory
configure:5220: $? = 1
configure: failed program was:
| /* confdefs.h */
| #define PACKAGE_NAME ""
| #define PACKAGE_TARNAME ""
| #define PACKAGE_VERSION ""
| #define PACKAGE_STRING ""
| #define PACKAGE_BUGREPORT ""
| #define PACKAGE_URL ""
| #define LINUX 1
| #define STDC_HEADERS 1
| #define HAVE_SYS_TYPES_H 1
| #define HAVE_SYS_STAT_H 1
| #define HAVE_STDLIB_H 1
| #define HAVE_STRING_H 1
| #define HAVE_MEMORY_H 1
| #define HAVE_STRINGS_H 1
| #define HAVE_INTTYPES_H 1
| #define HAVE_STDINT_H 1
| #define HAVE_UNISTD_H 1
| #define HAVE_PWD_H 1
| #define HAVE_TERMIOS_H 1
| /* end confdefs.h.  */
| #include <sys/sockio.h>
configure:5220: result: no
configure:5220: checking for sys/sockio.h
configure:5220: result: no
configure:5232: checking for linux/rtnetlink.h
configure:5232: arm-linux-androideabi-gcc -c -g -O2  conftest.c >&5
configure:5232: $? = 0
configure:5232: result: yes
configure:5245: checking sys/socket.h usability
configure:5245: arm-linux-androideabi-gcc -c -g -O2  conftest.c >&5
configure:5245: $? = 0
configure:5245: result: yes
configure:5245: checking sys/socket.h presence
configure:5245: arm-linux-androideabi-gcc -E  conftest.c
configure:5245: $? = 0
configure:5245: result: yes
configure:5245: checking for sys/socket.h
configure:5245: result: yes
configure:5257: checking for net/if.h
configure:5257: arm-linux-androideabi-gcc -c -g -O2  conftest.c >&5
configure:5257: $? = 0
configure:5257: result: yes
configure:5281: checking for library containing setsockopt
configure:5312: arm-linux-androideabi-gcc -o conftest -g -O2  -Wl,-E -static conftest.c  >&5
configure:5312: $? = 0
configure:5329: result: none required
configure:5337: checking for library containing gethostbyname
configure:5368: arm-linux-androideabi-gcc -o conftest -g -O2  -Wl,-E -static conftest.c  >&5
configure:5368: $? = 0
configure:5385: result: none required
configure:5395: checking if AF_INET6 IPPROTO_RAW sockets include the packet header
configure:5402: result: yes
configure:6169: checking pcap.h usability
configure:6169: arm-linux-androideabi-gcc -c -g -O2 -Iinternal/include  -I/home/mogi/nmap/openssl/include conftest.c >&5
conftest.c:60:18: error: pcap.h: No such file or directory
configure:6169: $? = 1
configure: failed program was:
| /* confdefs.h */
| #define PACKAGE_NAME ""
| #define PACKAGE_TARNAME ""
| #define PACKAGE_VERSION ""
| #define PACKAGE_STRING ""
| #define PACKAGE_BUGREPORT ""
| #define PACKAGE_URL ""
| #define LINUX 1
| #define STDC_HEADERS 1
| #define HAVE_SYS_TYPES_H 1
| #define HAVE_SYS_STAT_H 1
| #define HAVE_STDLIB_H 1
| #define HAVE_STRING_H 1
| #define HAVE_MEMORY_H 1
| #define HAVE_STRINGS_H 1
| #define HAVE_INTTYPES_H 1
| #define HAVE_STDINT_H 1
| #define HAVE_UNISTD_H 1
| #define HAVE_PWD_H 1
| #define HAVE_TERMIOS_H 1
| #define HAVE_LINUX_RTNETLINK_H 1
| #define HAVE_SYS_SOCKET_H 1
| #define HAVE_NET_IF_H 1
| #define HAVE_IPV6_IPPROTO_RAW 1
| #define HAVE_OPENSSL 1
| /* end confdefs.h.  */
| #include <stdio.h>
| #ifdef HAVE_SYS_TYPES_H
| # include <sys/types.h>
| #endif
| #ifdef HAVE_SYS_STAT_H
| # include <sys/stat.h>
| #endif
| #ifdef STDC_HEADERS
| # include <stdlib.h>
| # include <stddef.h>
| #else
| # ifdef HAVE_STDLIB_H
| #  include <stdlib.h>
| # endif
| #endif
| #ifdef HAVE_STRING_H
| # if !defined STDC_HEADERS && defined HAVE_MEMORY_H
| #  include <memory.h>
| # endif
| # include <string.h>
| #endif
| #ifdef HAVE_STRINGS_H
| # include <strings.h>
| #endif
| #ifdef HAVE_INTTYPES_H
| # include <inttypes.h>
| #endif
| #ifdef HAVE_STDINT_H
| # include <stdint.h>
| #endif
| #ifdef HAVE_UNISTD_H
| # include <unistd.h>
| #endif
| #include <pcap.h>
configure:6169: result: no
configure:6169: checking pcap.h presence
configure:6169: arm-linux-androideabi-gcc -E -Iinternal/include  -I/home/mogi/nmap/openssl/include conftest.c
conftest.c:27:18: error: pcap.h: No such file or directory
configure:6169: $? = 1
configure: failed program was:
| /* confdefs.h */
| #define PACKAGE_NAME ""
| #define PACKAGE_TARNAME ""
| #define PACKAGE_VERSION ""
| #define PACKAGE_STRING ""
| #define PACKAGE_BUGREPORT ""
| #define PACKAGE_URL ""
| #define LINUX 1
| #define STDC_HEADERS 1
| #define HAVE_SYS_TYPES_H 1
| #define HAVE_SYS_STAT_H 1
| #define HAVE_STDLIB_H 1
| #define HAVE_STRING_H 1
| #define HAVE_MEMORY_H 1
| #define HAVE_STRINGS_H 1
| #define HAVE_INTTYPES_H 1
| #define HAVE_STDINT_H 1
| #define HAVE_UNISTD_H 1
| #define HAVE_PWD_H 1
| #define HAVE_TERMIOS_H 1
| #define HAVE_LINUX_RTNETLINK_H 1
| #define HAVE_SYS_SOCKET_H 1
| #define HAVE_NET_IF_H 1
| #define HAVE_IPV6_IPPROTO_RAW 1
| #define HAVE_OPENSSL 1
| /* end confdefs.h.  */
| #include <pcap.h>
configure:6169: result: no
configure:6169: checking for pcap.h
configure:6169: result: no
configure:6368: checking for library containing nl_handle_alloc
configure:6399: arm-linux-androideabi-gcc -o conftest -g -O2 -Iinternal/include  -I/home/mogi/nmap/openssl/include -I$(top_srcdir)/libpcap -Wl,-E -static -L/home/mogi/nmap/openssl/lib conftest.c  >&5
/tmp/ccmifnQj.o: In function `main':
/home/mogi/nmap/conftest.c:39: undefined reference to `nl_handle_alloc'
collect2: ld returned 1 exit status
configure:6399: $? = 1
configure: failed program was:
| /* confdefs.h */
| #define PACKAGE_NAME ""
| #define PACKAGE_TARNAME ""
| #define PACKAGE_VERSION ""
| #define PACKAGE_STRING ""
| #define PACKAGE_BUGREPORT ""
| #define PACKAGE_URL ""
| #define LINUX 1
| #define STDC_HEADERS 1
| #define HAVE_SYS_TYPES_H 1
| #define HAVE_SYS_STAT_H 1
| #define HAVE_STDLIB_H 1
| #define HAVE_STRING_H 1
| #define HAVE_MEMORY_H 1
| #define HAVE_STRINGS_H 1
| #define HAVE_INTTYPES_H 1
| #define HAVE_STDINT_H 1
| #define HAVE_UNISTD_H 1
| #define HAVE_PWD_H 1
| #define HAVE_TERMIOS_H 1
| #define HAVE_LINUX_RTNETLINK_H 1
| #define HAVE_SYS_SOCKET_H 1
| #define HAVE_NET_IF_H 1
| #define HAVE_IPV6_IPPROTO_RAW 1
| #define HAVE_OPENSSL 1
| #define PCAP_INCLUDED 1
| /* end confdefs.h.  */
| 
| /* Override any GCC internal prototype to avoid an error.
|    Use char because int might match the return type of a GCC
|    builtin and then its argument prototype would still apply.  */
| #ifdef __cplusplus
| extern "C"
| #endif
| char nl_handle_alloc ();
| int
| main ()
| {
| return nl_handle_alloc ();
|   ;
|   return 0;
| }
configure:6399: arm-linux-androideabi-gcc -o conftest -g -O2 -Iinternal/include  -I/home/mogi/nmap/openssl/include -I$(top_srcdir)/libpcap -Wl,-E -static -L/home/mogi/nmap/openssl/lib conftest.c -lnl   >&5
/tmp/ndk/bin/../lib/gcc/arm-linux-androideabi/4.4.3/../../../../arm-linux-androideabi/bin/ld: cannot find -lnl
collect2: ld returned 1 exit status
configure:6399: $? = 1
configure: failed program was:
| /* confdefs.h */
| #define PACKAGE_NAME ""
| #define PACKAGE_TARNAME ""
| #define PACKAGE_VERSION ""
| #define PACKAGE_STRING ""
| #define PACKAGE_BUGREPORT ""
| #define PACKAGE_URL ""
| #define LINUX 1
| #define STDC_HEADERS 1
| #define HAVE_SYS_TYPES_H 1
| #define HAVE_SYS_STAT_H 1
| #define HAVE_STDLIB_H 1
| #define HAVE_STRING_H 1
| #define HAVE_MEMORY_H 1
| #define HAVE_STRINGS_H 1
| #define HAVE_INTTYPES_H 1
| #define HAVE_STDINT_H 1
| #define HAVE_UNISTD_H 1
| #define HAVE_PWD_H 1
| #define HAVE_TERMIOS_H 1
| #define HAVE_LINUX_RTNETLINK_H 1
| #define HAVE_SYS_SOCKET_H 1
| #define HAVE_NET_IF_H 1
| #define HAVE_IPV6_IPPROTO_RAW 1
| #define HAVE_OPENSSL 1
| #define PCAP_INCLUDED 1
| /* end confdefs.h.  */
| 
| /* Override any GCC internal prototype to avoid an error.
|    Use char because int might match the return type of a GCC
|    builtin and then its argument prototype would still apply.  */
| #ifdef __cplusplus
| extern "C"
| #endif
| char nl_handle_alloc ();
| int
| main ()
| {
| return nl_handle_alloc ();
|   ;
|   return 0;
| }
configure:6416: result: no
configure:6466: checking pcre.h usability
configure:6466: arm-linux-androideabi-gcc -c -g -O2 -Iinternal/include  -I/home/mogi/nmap/openssl/include -I$(top_srcdir)/libpcap conftest.c >&5
conftest.c:61:18: error: pcre.h: No such file or directory
configure:6466: $? = 1
configure: failed program was:
| /* confdefs.h */
| #define PACKAGE_NAME ""
| #define PACKAGE_TARNAME ""
| #define PACKAGE_VERSION ""
| #define PACKAGE_STRING ""
| #define PACKAGE_BUGREPORT ""
| #define PACKAGE_URL ""
| #define LINUX 1
| #define STDC_HEADERS 1
| #define HAVE_SYS_TYPES_H 1
| #define HAVE_SYS_STAT_H 1
| #define HAVE_STDLIB_H 1
| #define HAVE_STRING_H 1
| #define HAVE_MEMORY_H 1
| #define HAVE_STRINGS_H 1
| #define HAVE_INTTYPES_H 1
| #define HAVE_STDINT_H 1
| #define HAVE_UNISTD_H 1
| #define HAVE_PWD_H 1
| #define HAVE_TERMIOS_H 1
| #define HAVE_LINUX_RTNETLINK_H 1
| #define HAVE_SYS_SOCKET_H 1
| #define HAVE_NET_IF_H 1
| #define HAVE_IPV6_IPPROTO_RAW 1
| #define HAVE_OPENSSL 1
| #define PCAP_INCLUDED 1
| /* end confdefs.h.  */
| #include <stdio.h>
| #ifdef HAVE_SYS_TYPES_H
| # include <sys/types.h>
| #endif
| #ifdef HAVE_SYS_STAT_H
| # include <sys/stat.h>
| #endif
| #ifdef STDC_HEADERS
| # include <stdlib.h>
| # include <stddef.h>
| #else
| # ifdef HAVE_STDLIB_H
| #  include <stdlib.h>
| # endif
| #endif
| #ifdef HAVE_STRING_H
| # if !defined STDC_HEADERS && defined HAVE_MEMORY_H
| #  include <memory.h>
| # endif
| # include <string.h>
| #endif
| #ifdef HAVE_STRINGS_H
| # include <strings.h>
| #endif
| #ifdef HAVE_INTTYPES_H
| # include <inttypes.h>
| #endif
| #ifdef HAVE_STDINT_H
| # include <stdint.h>
| #endif
| #ifdef HAVE_UNISTD_H
| # include <unistd.h>
| #endif
| #include <pcre.h>
configure:6466: result: no
configure:6466: checking pcre.h presence
configure:6466: arm-linux-androideabi-gcc -E -Iinternal/include  -I/home/mogi/nmap/openssl/include -I$(top_srcdir)/libpcap conftest.c
conftest.c:28:18: error: pcre.h: No such file or directory
configure:6466: $? = 1
configure: failed program was:
| /* confdefs.h */
| #define PACKAGE_NAME ""
| #define PACKAGE_TARNAME ""
| #define PACKAGE_VERSION ""
| #define PACKAGE_STRING ""
| #define PACKAGE_BUGREPORT ""
| #define PACKAGE_URL ""
| #define LINUX 1
| #define STDC_HEADERS 1
| #define HAVE_SYS_TYPES_H 1
| #define HAVE_SYS_STAT_H 1
| #define HAVE_STDLIB_H 1
| #define HAVE_STRING_H 1
| #define HAVE_MEMORY_H 1
| #define HAVE_STRINGS_H 1
| #define HAVE_INTTYPES_H 1
| #define HAVE_STDINT_H 1
| #define HAVE_UNISTD_H 1
| #define HAVE_PWD_H 1
| #define HAVE_TERMIOS_H 1
| #define HAVE_LINUX_RTNETLINK_H 1
| #define HAVE_SYS_SOCKET_H 1
| #define HAVE_NET_IF_H 1
| #define HAVE_IPV6_IPPROTO_RAW 1
| #define HAVE_OPENSSL 1
| #define PCAP_INCLUDED 1
| /* end confdefs.h.  */
| #include <pcre.h>
configure:6466: result: no
configure:6466: checking for pcre.h
configure:6466: result: no
configure:6509: checking pcre/pcre.h usability
configure:6509: arm-linux-androideabi-gcc -c -g -O2 -Iinternal/include  -I/home/mogi/nmap/openssl/include -I$(top_srcdir)/libpcap conftest.c >&5
conftest.c:61:23: error: pcre/pcre.h: No such file or directory
configure:6509: $? = 1
configure: failed program was:
| /* confdefs.h */
| #define PACKAGE_NAME ""
| #define PACKAGE_TARNAME ""
| #define PACKAGE_VERSION ""
| #define PACKAGE_STRING ""
| #define PACKAGE_BUGREPORT ""
| #define PACKAGE_URL ""
| #define LINUX 1
| #define STDC_HEADERS 1
| #define HAVE_SYS_TYPES_H 1
| #define HAVE_SYS_STAT_H 1
| #define HAVE_STDLIB_H 1
| #define HAVE_STRING_H 1
| #define HAVE_MEMORY_H 1
| #define HAVE_STRINGS_H 1
| #define HAVE_INTTYPES_H 1
| #define HAVE_STDINT_H 1
| #define HAVE_UNISTD_H 1
| #define HAVE_PWD_H 1
| #define HAVE_TERMIOS_H 1
| #define HAVE_LINUX_RTNETLINK_H 1
| #define HAVE_SYS_SOCKET_H 1
| #define HAVE_NET_IF_H 1
| #define HAVE_IPV6_IPPROTO_RAW 1
| #define HAVE_OPENSSL 1
| #define PCAP_INCLUDED 1
| /* end confdefs.h.  */
| #include <stdio.h>
| #ifdef HAVE_SYS_TYPES_H
| # include <sys/types.h>
| #endif
| #ifdef HAVE_SYS_STAT_H
| # include <sys/stat.h>
| #endif
| #ifdef STDC_HEADERS
| # include <stdlib.h>
| # include <stddef.h>
| #else
| # ifdef HAVE_STDLIB_H
| #  include <stdlib.h>
| # endif
| #endif
| #ifdef HAVE_STRING_H
| # if !defined STDC_HEADERS && defined HAVE_MEMORY_H
| #  include <memory.h>
| # endif
| # include <string.h>
| #endif
| #ifdef HAVE_STRINGS_H
| # include <strings.h>
| #endif
| #ifdef HAVE_INTTYPES_H
| # include <inttypes.h>
| #endif
| #ifdef HAVE_STDINT_H
| # include <stdint.h>
| #endif
| #ifdef HAVE_UNISTD_H
| # include <unistd.h>
| #endif
| #include <pcre/pcre.h>
configure:6509: result: no
configure:6509: checking pcre/pcre.h presence
configure:6509: arm-linux-androideabi-gcc -E -Iinternal/include  -I/home/mogi/nmap/openssl/include -I$(top_srcdir)/libpcap conftest.c
conftest.c:28:23: error: pcre/pcre.h: No such file or directory
configure:6509: $? = 1
configure: failed program was:
| /* confdefs.h */
| #define PACKAGE_NAME ""
| #define PACKAGE_TARNAME ""
| #define PACKAGE_VERSION ""
| #define PACKAGE_STRING ""
| #define PACKAGE_BUGREPORT ""
| #define PACKAGE_URL ""
| #define LINUX 1
| #define STDC_HEADERS 1
| #define HAVE_SYS_TYPES_H 1
| #define HAVE_SYS_STAT_H 1
| #define HAVE_STDLIB_H 1
| #define HAVE_STRING_H 1
| #define HAVE_MEMORY_H 1
| #define HAVE_STRINGS_H 1
| #define HAVE_INTTYPES_H 1
| #define HAVE_STDINT_H 1
| #define HAVE_UNISTD_H 1
| #define HAVE_PWD_H 1
| #define HAVE_TERMIOS_H 1
| #define HAVE_LINUX_RTNETLINK_H 1
| #define HAVE_SYS_SOCKET_H 1
| #define HAVE_NET_IF_H 1
| #define HAVE_IPV6_IPPROTO_RAW 1
| #define HAVE_OPENSSL 1
| #define PCAP_INCLUDED 1
| /* end confdefs.h.  */
| #include <pcre/pcre.h>
configure:6509: result: no
configure:6509: checking for pcre/pcre.h
configure:6509: result: no
configure:6692: checking for library containing dlopen
configure:6723: arm-linux-androideabi-gcc -o conftest -g -O2 -I$(top_srcdir)/liblua -I$(top_srcdir)/libdnet-stripped/include -I$(top_srcdir)/libpcre -Iinternal/include  -I/home/mogi/nmap/openssl/include -I$(top_srcdir)/libpcap -Wl,-E -static -L/home/mogi/nmap/openssl/lib conftest.c  >&5
/tmp/ccxxQcKp.o: In function `main':
/home/mogi/nmap/conftest.c:41: undefined reference to `dlopen'
collect2: ld returned 1 exit status
configure:6723: $? = 1
configure: failed program was:
| /* confdefs.h */
| #define PACKAGE_NAME ""
| #define PACKAGE_TARNAME ""
| #define PACKAGE_VERSION ""
| #define PACKAGE_STRING ""
| #define PACKAGE_BUGREPORT ""
| #define PACKAGE_URL ""
| #define LINUX 1
| #define STDC_HEADERS 1
| #define HAVE_SYS_TYPES_H 1
| #define HAVE_SYS_STAT_H 1
| #define HAVE_STDLIB_H 1
| #define HAVE_STRING_H 1
| #define HAVE_MEMORY_H 1
| #define HAVE_STRINGS_H 1
| #define HAVE_INTTYPES_H 1
| #define HAVE_STDINT_H 1
| #define HAVE_UNISTD_H 1
| #define HAVE_PWD_H 1
| #define HAVE_TERMIOS_H 1
| #define HAVE_LINUX_RTNETLINK_H 1
| #define HAVE_SYS_SOCKET_H 1
| #define HAVE_NET_IF_H 1
| #define HAVE_IPV6_IPPROTO_RAW 1
| #define HAVE_OPENSSL 1
| #define PCAP_INCLUDED 1
| #define PCRE_INCLUDED 1
| #define DNET_INCLUDED 1
| /* end confdefs.h.  */
| 
| /* Override any GCC internal prototype to avoid an error.
|    Use char because int might match the return type of a GCC
|    builtin and then its argument prototype would still apply.  */
| #ifdef __cplusplus
| extern "C"
| #endif
| char dlopen ();
| int
| main ()
| {
| return dlopen ();
|   ;
|   return 0;
| }
configure:6723: arm-linux-androideabi-gcc -o conftest -g -O2 -I$(top_srcdir)/liblua -I$(top_srcdir)/libdnet-stripped/include -I$(top_srcdir)/libpcre -Iinternal/include  -I/home/mogi/nmap/openssl/include -I$(top_srcdir)/libpcap -Wl,-E -static -L/home/mogi/nmap/openssl/lib conftest.c -ldl   >&5
configure:6723: $? = 0
configure:6740: result: -ldl
configure:6916: result: yes
configure:6966: checking linear.h usability
configure:6966: arm-linux-androideabi-gcc -c -g -O2 -I$(top_srcdir)/liblua -I$(top_srcdir)/libdnet-stripped/include -I$(top_srcdir)/libpcre -Iinternal/include  -I/home/mogi/nmap/openssl/include -I$(top_srcdir)/libpcap conftest.c >&5
conftest.c:63:20: error: linear.h: No such file or directory
configure:6966: $? = 1
configure: failed program was:
| /* confdefs.h */
| #define PACKAGE_NAME ""
| #define PACKAGE_TARNAME ""
| #define PACKAGE_VERSION ""
| #define PACKAGE_STRING ""
| #define PACKAGE_BUGREPORT ""
| #define PACKAGE_URL ""
| #define LINUX 1
| #define STDC_HEADERS 1
| #define HAVE_SYS_TYPES_H 1
| #define HAVE_SYS_STAT_H 1
| #define HAVE_STDLIB_H 1
| #define HAVE_STRING_H 1
| #define HAVE_MEMORY_H 1
| #define HAVE_STRINGS_H 1
| #define HAVE_INTTYPES_H 1
| #define HAVE_STDINT_H 1
| #define HAVE_UNISTD_H 1
| #define HAVE_PWD_H 1
| #define HAVE_TERMIOS_H 1
| #define HAVE_LINUX_RTNETLINK_H 1
| #define HAVE_SYS_SOCKET_H 1
| #define HAVE_NET_IF_H 1
| #define HAVE_IPV6_IPPROTO_RAW 1
| #define HAVE_OPENSSL 1
| #define PCAP_INCLUDED 1
| #define PCRE_INCLUDED 1
| #define DNET_INCLUDED 1
| /* end confdefs.h.  */
| #include <stdio.h>
| #ifdef HAVE_SYS_TYPES_H
| # include <sys/types.h>
| #endif
| #ifdef HAVE_SYS_STAT_H
| # include <sys/stat.h>
| #endif
| #ifdef STDC_HEADERS
| # include <stdlib.h>
| # include <stddef.h>
| #else
| # ifdef HAVE_STDLIB_H
| #  include <stdlib.h>
| # endif
| #endif
| #ifdef HAVE_STRING_H
| # if !defined STDC_HEADERS && defined HAVE_MEMORY_H
| #  include <memory.h>
| # endif
| # include <string.h>
| #endif
| #ifdef HAVE_STRINGS_H
| # include <strings.h>
| #endif
| #ifdef HAVE_INTTYPES_H
| # include <inttypes.h>
| #endif
| #ifdef HAVE_STDINT_H
| # include <stdint.h>
| #endif
| #ifdef HAVE_UNISTD_H
| # include <unistd.h>
| #endif
| #include <linear.h>
configure:6966: result: no
configure:6966: checking linear.h presence
configure:6966: arm-linux-androideabi-gcc -E -I$(top_srcdir)/liblua -I$(top_srcdir)/libdnet-stripped/include -I$(top_srcdir)/libpcre -Iinternal/include  -I/home/mogi/nmap/openssl/include -I$(top_srcdir)/libpcap conftest.c
conftest.c:30:20: error: linear.h: No such file or directory
configure:6966: $? = 1
configure: failed program was:
| /* confdefs.h */
| #define PACKAGE_NAME ""
| #define PACKAGE_TARNAME ""
| #define PACKAGE_VERSION ""
| #define PACKAGE_STRING ""
| #define PACKAGE_BUGREPORT ""
| #define PACKAGE_URL ""
| #define LINUX 1
| #define STDC_HEADERS 1
| #define HAVE_SYS_TYPES_H 1
| #define HAVE_SYS_STAT_H 1
| #define HAVE_STDLIB_H 1
| #define HAVE_STRING_H 1
| #define HAVE_MEMORY_H 1
| #define HAVE_STRINGS_H 1
| #define HAVE_INTTYPES_H 1
| #define HAVE_STDINT_H 1
| #define HAVE_UNISTD_H 1
| #define HAVE_PWD_H 1
| #define HAVE_TERMIOS_H 1
| #define HAVE_LINUX_RTNETLINK_H 1
| #define HAVE_SYS_SOCKET_H 1
| #define HAVE_NET_IF_H 1
| #define HAVE_IPV6_IPPROTO_RAW 1
| #define HAVE_OPENSSL 1
| #define PCAP_INCLUDED 1
| #define PCRE_INCLUDED 1
| #define DNET_INCLUDED 1
| /* end confdefs.h.  */
| #include <linear.h>
configure:6966: result: no
configure:6966: checking for linear.h
configure:6966: result: no
configure:7025: result: no
configure:7049: checking whether byte ordering is bigendian
configure:7064: arm-linux-androideabi-gcc -c -g -O2 -I$(top_srcdir)/liblinear -I$(top_srcdir)/liblua -I$(top_srcdir)/libdnet-stripped/include -I$(top_srcdir)/libpcre -Iinternal/include  -I/home/mogi/nmap/openssl/include -I$(top_srcdir)/libpcap conftest.c >&5
conftest.c:32: error: expected '=', ',', ';', 'asm' or '__attribute__' before 'a'
configure:7064: $? = 1
configure: failed program was:
| /* confdefs.h */
| #define PACKAGE_NAME ""
| #define PACKAGE_TARNAME ""
| #define PACKAGE_VERSION ""
| #define PACKAGE_STRING ""
| #define PACKAGE_BUGREPORT ""
| #define PACKAGE_URL ""
| #define LINUX 1
| #define STDC_HEADERS 1
| #define HAVE_SYS_TYPES_H 1
| #define HAVE_SYS_STAT_H 1
| #define HAVE_STDLIB_H 1
| #define HAVE_STRING_H 1
| #define HAVE_MEMORY_H 1
| #define HAVE_STRINGS_H 1
| #define HAVE_INTTYPES_H 1
| #define HAVE_STDINT_H 1
| #define HAVE_UNISTD_H 1
| #define HAVE_PWD_H 1
| #define HAVE_TERMIOS_H 1
| #define HAVE_LINUX_RTNETLINK_H 1
| #define HAVE_SYS_SOCKET_H 1
| #define HAVE_NET_IF_H 1
| #define HAVE_IPV6_IPPROTO_RAW 1
| #define HAVE_OPENSSL 1
| #define PCAP_INCLUDED 1
| #define PCRE_INCLUDED 1
| #define DNET_INCLUDED 1
| #define LIBLINEAR_INCLUDED 1
| /* end confdefs.h.  */
| #ifndef __APPLE_CC__
| 	       not a universal capable compiler
| 	     #endif
| 	     typedef int dummy;
| 
configure:7109: arm-linux-androideabi-gcc -c -g -O2 -I$(top_srcdir)/liblinear -I$(top_srcdir)/liblua -I$(top_srcdir)/libdnet-stripped/include -I$(top_srcdir)/libpcre -Iinternal/include  -I/home/mogi/nmap/openssl/include -I$(top_srcdir)/libpcap conftest.c >&5
conftest.c: In function 'main':
conftest.c:38: error: 'bogus' undeclared (first use in this function)
conftest.c:38: error: (Each undeclared identifier is reported only once
conftest.c:38: error: for each function it appears in.)
conftest.c:38: error: expected ';' before 'endian'
configure:7109: $? = 1
configure: failed program was:
| /* confdefs.h */
| #define PACKAGE_NAME ""
| #define PACKAGE_TARNAME ""
| #define PACKAGE_VERSION ""
| #define PACKAGE_STRING ""
| #define PACKAGE_BUGREPORT ""
| #define PACKAGE_URL ""
| #define LINUX 1
| #define STDC_HEADERS 1
| #define HAVE_SYS_TYPES_H 1
| #define HAVE_SYS_STAT_H 1
| #define HAVE_STDLIB_H 1
| #define HAVE_STRING_H 1
| #define HAVE_MEMORY_H 1
| #define HAVE_STRINGS_H 1
| #define HAVE_INTTYPES_H 1
| #define HAVE_STDINT_H 1
| #define HAVE_UNISTD_H 1
| #define HAVE_PWD_H 1
| #define HAVE_TERMIOS_H 1
| #define HAVE_LINUX_RTNETLINK_H 1
| #define HAVE_SYS_SOCKET_H 1
| #define HAVE_NET_IF_H 1
| #define HAVE_IPV6_IPPROTO_RAW 1
| #define HAVE_OPENSSL 1
| #define PCAP_INCLUDED 1
| #define PCRE_INCLUDED 1
| #define DNET_INCLUDED 1
| #define LIBLINEAR_INCLUDED 1
| /* end confdefs.h.  */
| #include <sys/types.h>
| 	     #include <sys/param.h>
| 
| int
| main ()
| {
| #if ! (defined BYTE_ORDER && defined BIG_ENDIAN 		     && defined LITTLE_ENDIAN && BYTE_ORDER && BIG_ENDIAN 		     && LITTLE_ENDIAN)
| 	      bogus endian macros
| 	     #endif
| 
|   ;
|   return 0;
| }
configure:7153: arm-linux-androideabi-gcc -c -g -O2 -I$(top_srcdir)/liblinear -I$(top_srcdir)/liblua -I$(top_srcdir)/libdnet-stripped/include -I$(top_srcdir)/libpcre -Iinternal/include  -I/home/mogi/nmap/openssl/include -I$(top_srcdir)/libpcap conftest.c >&5
conftest.c: In function 'main':
conftest.c:37: error: 'bogus' undeclared (first use in this function)
conftest.c:37: error: (Each undeclared identifier is reported only once
conftest.c:37: error: for each function it appears in.)
conftest.c:37: error: expected ';' before 'endian'
configure:7153: $? = 1
configure: failed program was:
| /* confdefs.h */
| #define PACKAGE_NAME ""
| #define PACKAGE_TARNAME ""
| #define PACKAGE_VERSION ""
| #define PACKAGE_STRING ""
| #define PACKAGE_BUGREPORT ""
| #define PACKAGE_URL ""
| #define LINUX 1
| #define STDC_HEADERS 1
| #define HAVE_SYS_TYPES_H 1
| #define HAVE_SYS_STAT_H 1
| #define HAVE_STDLIB_H 1
| #define HAVE_STRING_H 1
| #define HAVE_MEMORY_H 1
| #define HAVE_STRINGS_H 1
| #define HAVE_INTTYPES_H 1
| #define HAVE_STDINT_H 1
| #define HAVE_UNISTD_H 1
| #define HAVE_PWD_H 1
| #define HAVE_TERMIOS_H 1
| #define HAVE_LINUX_RTNETLINK_H 1
| #define HAVE_SYS_SOCKET_H 1
| #define HAVE_NET_IF_H 1
| #define HAVE_IPV6_IPPROTO_RAW 1
| #define HAVE_OPENSSL 1
| #define PCAP_INCLUDED 1
| #define PCRE_INCLUDED 1
| #define DNET_INCLUDED 1
| #define LIBLINEAR_INCLUDED 1
| /* end confdefs.h.  */
| #include <limits.h>
| 
| int
| main ()
| {
| #if ! (defined _LITTLE_ENDIAN || defined _BIG_ENDIAN)
| 	      bogus endian macros
| 	     #endif
| 
|   ;
|   return 0;
| }
configure:7209: arm-linux-androideabi-gcc -c -g -O2 -I$(top_srcdir)/liblinear -I$(top_srcdir)/liblua -I$(top_srcdir)/libdnet-stripped/include -I$(top_srcdir)/libpcre -Iinternal/include  -I/home/mogi/nmap/openssl/include -I$(top_srcdir)/libpcap conftest.c >&5
configure:7209: $? = 0
configure:7255: result: no
configure:7274: checking if struct in_addr is a wacky huge structure (some Sun boxes)
configure:7288: arm-linux-androideabi-gcc -c -g -O2 -I$(top_srcdir)/liblinear -I$(top_srcdir)/liblua -I$(top_srcdir)/libdnet-stripped/include -I$(top_srcdir)/libpcre -Iinternal/include  -I/home/mogi/nmap/openssl/include -I$(top_srcdir)/libpcap conftest.c >&5
conftest.c: In function 'main':
conftest.c:35: error: 'struct in_addr' has no member named '_S_un'
configure:7288: $? = 1
configure: failed program was:
| /* confdefs.h */
| #define PACKAGE_NAME ""
| #define PACKAGE_TARNAME ""
| #define PACKAGE_VERSION ""
| #define PACKAGE_STRING ""
| #define PACKAGE_BUGREPORT ""
| #define PACKAGE_URL ""
| #define LINUX 1
| #define STDC_HEADERS 1
| #define HAVE_SYS_TYPES_H 1
| #define HAVE_SYS_STAT_H 1
| #define HAVE_STDLIB_H 1
| #define HAVE_STRING_H 1
| #define HAVE_MEMORY_H 1
| #define HAVE_STRINGS_H 1
| #define HAVE_INTTYPES_H 1
| #define HAVE_STDINT_H 1
| #define HAVE_UNISTD_H 1
| #define HAVE_PWD_H 1
| #define HAVE_TERMIOS_H 1
| #define HAVE_LINUX_RTNETLINK_H 1
| #define HAVE_SYS_SOCKET_H 1
| #define HAVE_NET_IF_H 1
| #define HAVE_IPV6_IPPROTO_RAW 1
| #define HAVE_OPENSSL 1
| #define PCAP_INCLUDED 1
| #define PCRE_INCLUDED 1
| #define DNET_INCLUDED 1
| #define LIBLINEAR_INCLUDED 1
| /* end confdefs.h.  */
| #include <netinet/in.h>
| int
| main ()
| {
| struct in_addr i; i._S_un._S_addr;
|   ;
|   return 0;
| }
configure:7308: arm-linux-androideabi-gcc -c -g -O2 -I$(top_srcdir)/liblinear -I$(top_srcdir)/liblua -I$(top_srcdir)/libdnet-stripped/include -I$(top_srcdir)/libpcre -Iinternal/include  -I/home/mogi/nmap/openssl/include -I$(top_srcdir)/libpcap conftest.c >&5
conftest.c: In function 'main':
conftest.c:36: error: 'struct in_addr' has no member named 'S_un'
configure:7308: $? = 1
configure: failed program was:
| /* confdefs.h */
| #define PACKAGE_NAME ""
| #define PACKAGE_TARNAME ""
| #define PACKAGE_VERSION ""
| #define PACKAGE_STRING ""
| #define PACKAGE_BUGREPORT ""
| #define PACKAGE_URL ""
| #define LINUX 1
| #define STDC_HEADERS 1
| #define HAVE_SYS_TYPES_H 1
| #define HAVE_SYS_STAT_H 1
| #define HAVE_STDLIB_H 1
| #define HAVE_STRING_H 1
| #define HAVE_MEMORY_H 1
| #define HAVE_STRINGS_H 1
| #define HAVE_INTTYPES_H 1
| #define HAVE_STDINT_H 1
| #define HAVE_UNISTD_H 1
| #define HAVE_PWD_H 1
| #define HAVE_TERMIOS_H 1
| #define HAVE_LINUX_RTNETLINK_H 1
| #define HAVE_SYS_SOCKET_H 1
| #define HAVE_NET_IF_H 1
| #define HAVE_IPV6_IPPROTO_RAW 1
| #define HAVE_OPENSSL 1
| #define PCAP_INCLUDED 1
| #define PCRE_INCLUDED 1
| #define DNET_INCLUDED 1
| #define LIBLINEAR_INCLUDED 1
| /* end confdefs.h.  */
| #include <sys/types.h>
| #include <netinet/in.h>
| int
| main ()
| {
| struct in_addr i; i.S_un.S_addr;
|   ;
|   return 0;
| }
configure:7316: result: no
configure:7323: checking if struct icmp exists
configure:7348: arm-linux-androideabi-gcc -c -g -O2 -I$(top_srcdir)/liblinear -I$(top_srcdir)/liblua -I$(top_srcdir)/libdnet-stripped/include -I$(top_srcdir)/libpcre -Iinternal/include  -I/home/mogi/nmap/openssl/include -I$(top_srcdir)/libpcap conftest.c >&5
configure:7348: $? = 0
configure:7355: result: yes
configure:7362: checking if struct ip exists
configure:7386: arm-linux-androideabi-gcc -c -g -O2 -I$(top_srcdir)/liblinear -I$(top_srcdir)/liblua -I$(top_srcdir)/libdnet-stripped/include -I$(top_srcdir)/libpcre -Iinternal/include  -I/home/mogi/nmap/openssl/include -I$(top_srcdir)/libpcap conftest.c >&5
configure:7386: $? = 0
configure:7393: result: yes
configure:7400: checking if struct ip has ip_sum member
configure:7425: arm-linux-androideabi-gcc -c -g -O2 -I$(top_srcdir)/liblinear -I$(top_srcdir)/liblua -I$(top_srcdir)/libdnet-stripped/include -I$(top_srcdir)/libpcre -Iinternal/include  -I/home/mogi/nmap/openssl/include -I$(top_srcdir)/libpcap conftest.c >&5
configure:7425: $? = 0
configure:7432: result: yes
configure:7441: checking for strerror
configure:7441: arm-linux-androideabi-gcc -o conftest -g -O2 -I$(top_srcdir)/liblinear -I$(top_srcdir)/liblua -I$(top_srcdir)/libdnet-stripped/include -I$(top_srcdir)/libpcre -Iinternal/include  -I/home/mogi/nmap/openssl/include -I$(top_srcdir)/libpcap -Wl,-E -static -L/home/mogi/nmap/openssl/lib conftest.c -ldl  >&5
configure:7441: $? = 0
configure:7441: result: yes
configure:7457: checking for type of 6th argument to recvfrom()
configure:7478: arm-linux-androideabi-g++ -c -g -O2 -Wall -fno-strict-aliasing -I$(top_srcdir)/liblinear -I$(top_srcdir)/liblua -I$(top_srcdir)/libdnet-stripped/include -I$(top_srcdir)/libpcre -Iinternal/include  -I/home/mogi/nmap/openssl/include -I$(top_srcdir)/libpcap conftest.cpp >&5
configure:7478: $? = 0
configure:7492: result: socklen_t
configure:7615: checking for apr-1-config
configure:7631: found /usr/bin/apr-1-config
configure:7642: result: apr-1-config
configure:7655: checking svn_client.h usability
configure:7655: arm-linux-androideabi-gcc -c -g -O2 -I$(top_srcdir)/liblinear -I$(top_srcdir)/liblua -I$(top_srcdir)/libdnet-stripped/include -I$(top_srcdir)/libpcre -Iinternal/include  -I/home/mogi/nmap/openssl/include -I$(top_srcdir)/libpcap -I$(top_srcdir)/nbase -I$(top_srcdir)/nsock/include  -D_REENTRANT -D_GNU_SOURCE -I/usr/include/apr-1  conftest.c >&5
conftest.c:69:24: error: svn_client.h: No such file or directory
configure:7655: $? = 1
configure: failed program was:
| /* confdefs.h */
| #define PACKAGE_NAME ""
| #define PACKAGE_TARNAME ""
| #define PACKAGE_VERSION ""
| #define PACKAGE_STRING ""
| #define PACKAGE_BUGREPORT ""
| #define PACKAGE_URL ""
| #define LINUX 1
| #define STDC_HEADERS 1
| #define HAVE_SYS_TYPES_H 1
| #define HAVE_SYS_STAT_H 1
| #define HAVE_STDLIB_H 1
| #define HAVE_STRING_H 1
| #define HAVE_MEMORY_H 1
| #define HAVE_STRINGS_H 1
| #define HAVE_INTTYPES_H 1
| #define HAVE_STDINT_H 1
| #define HAVE_UNISTD_H 1
| #define HAVE_PWD_H 1
| #define HAVE_TERMIOS_H 1
| #define HAVE_LINUX_RTNETLINK_H 1
| #define HAVE_SYS_SOCKET_H 1
| #define HAVE_NET_IF_H 1
| #define HAVE_IPV6_IPPROTO_RAW 1
| #define HAVE_OPENSSL 1
| #define PCAP_INCLUDED 1
| #define PCRE_INCLUDED 1
| #define DNET_INCLUDED 1
| #define LIBLINEAR_INCLUDED 1
| #define HAVE_STRUCT_ICMP 1
| #define HAVE_STRUCT_IP 1
| #define HAVE_IP_IP_SUM 1
| #define HAVE_STRERROR 1
| #define recvfrom6_t socklen_t
| /* end confdefs.h.  */
| #include <stdio.h>
| #ifdef HAVE_SYS_TYPES_H
| # include <sys/types.h>
| #endif
| #ifdef HAVE_SYS_STAT_H
| # include <sys/stat.h>
| #endif
| #ifdef STDC_HEADERS
| # include <stdlib.h>
| # include <stddef.h>
| #else
| # ifdef HAVE_STDLIB_H
| #  include <stdlib.h>
| # endif
| #endif
| #ifdef HAVE_STRING_H
| # if !defined STDC_HEADERS && defined HAVE_MEMORY_H
| #  include <memory.h>
| # endif
| # include <string.h>
| #endif
| #ifdef HAVE_STRINGS_H
| # include <strings.h>
| #endif
| #ifdef HAVE_INTTYPES_H
| # include <inttypes.h>
| #endif
| #ifdef HAVE_STDINT_H
| # include <stdint.h>
| #endif
| #ifdef HAVE_UNISTD_H
| # include <unistd.h>
| #endif
| #include <svn_client.h>
configure:7655: result: no
configure:7655: checking svn_client.h presence
configure:7655: arm-linux-androideabi-gcc -E -I$(top_srcdir)/liblinear -I$(top_srcdir)/liblua -I$(top_srcdir)/libdnet-stripped/include -I$(top_srcdir)/libpcre -Iinternal/include  -I/home/mogi/nmap/openssl/include -I$(top_srcdir)/libpcap -I$(top_srcdir)/nbase -I$(top_srcdir)/nsock/include  -D_REENTRANT -D_GNU_SOURCE -I/usr/include/apr-1  conftest.c
conftest.c:36:24: error: svn_client.h: No such file or directory
configure:7655: $? = 1
configure: failed program was:
| /* confdefs.h */
| #define PACKAGE_NAME ""
| #define PACKAGE_TARNAME ""
| #define PACKAGE_VERSION ""
| #define PACKAGE_STRING ""
| #define PACKAGE_BUGREPORT ""
| #define PACKAGE_URL ""
| #define LINUX 1
| #define STDC_HEADERS 1
| #define HAVE_SYS_TYPES_H 1
| #define HAVE_SYS_STAT_H 1
| #define HAVE_STDLIB_H 1
| #define HAVE_STRING_H 1
| #define HAVE_MEMORY_H 1
| #define HAVE_STRINGS_H 1
| #define HAVE_INTTYPES_H 1
| #define HAVE_STDINT_H 1
| #define HAVE_UNISTD_H 1
| #define HAVE_PWD_H 1
| #define HAVE_TERMIOS_H 1
| #define HAVE_LINUX_RTNETLINK_H 1
| #define HAVE_SYS_SOCKET_H 1
| #define HAVE_NET_IF_H 1
| #define HAVE_IPV6_IPPROTO_RAW 1
| #define HAVE_OPENSSL 1
| #define PCAP_INCLUDED 1
| #define PCRE_INCLUDED 1
| #define DNET_INCLUDED 1
| #define LIBLINEAR_INCLUDED 1
| #define HAVE_STRUCT_ICMP 1
| #define HAVE_STRUCT_IP 1
| #define HAVE_IP_IP_SUM 1
| #define HAVE_STRERROR 1
| #define recvfrom6_t socklen_t
| /* end confdefs.h.  */
| #include <svn_client.h>
configure:7655: result: no
configure:7655: checking for svn_client.h
configure:7655: result: no
configure:7660: checking subversion-1/svn_client.h usability
configure:7660: arm-linux-androideabi-gcc -c -g -O2 -I$(top_srcdir)/liblinear -I$(top_srcdir)/liblua -I$(top_srcdir)/libdnet-stripped/include -I$(top_srcdir)/libpcre -Iinternal/include  -I/home/mogi/nmap/openssl/include -I$(top_srcdir)/libpcap -I$(top_srcdir)/nbase -I$(top_srcdir)/nsock/include  -D_REENTRANT -D_GNU_SOURCE -I/usr/include/apr-1  conftest.c >&5
conftest.c:69:37: error: subversion-1/svn_client.h: No such file or directory
configure:7660: $? = 1
configure: failed program was:
| /* confdefs.h */
| #define PACKAGE_NAME ""
| #define PACKAGE_TARNAME ""
| #define PACKAGE_VERSION ""
| #define PACKAGE_STRING ""
| #define PACKAGE_BUGREPORT ""
| #define PACKAGE_URL ""
| #define LINUX 1
| #define STDC_HEADERS 1
| #define HAVE_SYS_TYPES_H 1
| #define HAVE_SYS_STAT_H 1
| #define HAVE_STDLIB_H 1
| #define HAVE_STRING_H 1
| #define HAVE_MEMORY_H 1
| #define HAVE_STRINGS_H 1
| #define HAVE_INTTYPES_H 1
| #define HAVE_STDINT_H 1
| #define HAVE_UNISTD_H 1
| #define HAVE_PWD_H 1
| #define HAVE_TERMIOS_H 1
| #define HAVE_LINUX_RTNETLINK_H 1
| #define HAVE_SYS_SOCKET_H 1
| #define HAVE_NET_IF_H 1
| #define HAVE_IPV6_IPPROTO_RAW 1
| #define HAVE_OPENSSL 1
| #define PCAP_INCLUDED 1
| #define PCRE_INCLUDED 1
| #define DNET_INCLUDED 1
| #define LIBLINEAR_INCLUDED 1
| #define HAVE_STRUCT_ICMP 1
| #define HAVE_STRUCT_IP 1
| #define HAVE_IP_IP_SUM 1
| #define HAVE_STRERROR 1
| #define recvfrom6_t socklen_t
| /* end confdefs.h.  */
| #include <stdio.h>
| #ifdef HAVE_SYS_TYPES_H
| # include <sys/types.h>
| #endif
| #ifdef HAVE_SYS_STAT_H
| # include <sys/stat.h>
| #endif
| #ifdef STDC_HEADERS
| # include <stdlib.h>
| # include <stddef.h>
| #else
| # ifdef HAVE_STDLIB_H
| #  include <stdlib.h>
| # endif
| #endif
| #ifdef HAVE_STRING_H
| # if !defined STDC_HEADERS && defined HAVE_MEMORY_H
| #  include <memory.h>
| # endif
| # include <string.h>
| #endif
| #ifdef HAVE_STRINGS_H
| # include <strings.h>
| #endif
| #ifdef HAVE_INTTYPES_H
| # include <inttypes.h>
| #endif
| #ifdef HAVE_STDINT_H
| # include <stdint.h>
| #endif
| #ifdef HAVE_UNISTD_H
| # include <unistd.h>
| #endif
| #include <subversion-1/svn_client.h>
configure:7660: result: no
configure:7660: checking subversion-1/svn_client.h presence
configure:7660: arm-linux-androideabi-gcc -E -I$(top_srcdir)/liblinear -I$(top_srcdir)/liblua -I$(top_srcdir)/libdnet-stripped/include -I$(top_srcdir)/libpcre -Iinternal/include  -I/home/mogi/nmap/openssl/include -I$(top_srcdir)/libpcap -I$(top_srcdir)/nbase -I$(top_srcdir)/nsock/include  -D_REENTRANT -D_GNU_SOURCE -I/usr/include/apr-1  conftest.c
conftest.c:36:37: error: subversion-1/svn_client.h: No such file or directory
configure:7660: $? = 1
configure: failed program was:
| /* confdefs.h */
| #define PACKAGE_NAME ""
| #define PACKAGE_TARNAME ""
| #define PACKAGE_VERSION ""
| #define PACKAGE_STRING ""
| #define PACKAGE_BUGREPORT ""
| #define PACKAGE_URL ""
| #define LINUX 1
| #define STDC_HEADERS 1
| #define HAVE_SYS_TYPES_H 1
| #define HAVE_SYS_STAT_H 1
| #define HAVE_STDLIB_H 1
| #define HAVE_STRING_H 1
| #define HAVE_MEMORY_H 1
| #define HAVE_STRINGS_H 1
| #define HAVE_INTTYPES_H 1
| #define HAVE_STDINT_H 1
| #define HAVE_UNISTD_H 1
| #define HAVE_PWD_H 1
| #define HAVE_TERMIOS_H 1
| #define HAVE_LINUX_RTNETLINK_H 1
| #define HAVE_SYS_SOCKET_H 1
| #define HAVE_NET_IF_H 1
| #define HAVE_IPV6_IPPROTO_RAW 1
| #define HAVE_OPENSSL 1
| #define PCAP_INCLUDED 1
| #define PCRE_INCLUDED 1
| #define DNET_INCLUDED 1
| #define LIBLINEAR_INCLUDED 1
| #define HAVE_STRUCT_ICMP 1
| #define HAVE_STRUCT_IP 1
| #define HAVE_IP_IP_SUM 1
| #define HAVE_STRERROR 1
| #define recvfrom6_t socklen_t
| /* end confdefs.h.  */
| #include <subversion-1/svn_client.h>
configure:7660: result: no
configure:7660: checking for subversion-1/svn_client.h
configure:7660: result: no
configure:7725: WARNING: Not building nmap-update because libsvn1 was not found
configure:7880: creating ./config.status

## ---------------------- ##
## Running config.status. ##
## ---------------------- ##

This file was extended by config.status, which was
generated by GNU Autoconf 2.68.  Invocation command line was

  CONFIG_FILES    = 
  CONFIG_HEADERS  = 
  CONFIG_LINKS    = 
  CONFIG_COMMANDS = 
  $ ./config.status 

on nomad

config.status:927: creating Makefile
config.status:1030: WARNING:  'Makefile.in' seems to ignore the --datarootdir setting
config.status:927: creating libnetutil/Makefile
config.status:927: creating nmap_config.h
config.status:1102: nmap_config.h is unchanged
configure:9123: === configuring in libpcap (/home/mogi/nmap/libpcap)
configure:9186: running /bin/sh ./configure --disable-option-checking '--prefix=/sdcard/opt/nmap'  '--host=arm-linux-androideabi' '--without-zenmap' '--without-nping' '--without-ncat' '--without-ndiff' '--with-liblua=included' '--with-libpcap=internal' '--with-pcap=linux' '--enable-static' '--with-openssl=/home/mogi/nmap/openssl' 'host_alias=arm-linux-androideabi' 'CC=arm-linux-androideabi-gcc' 'LDFLAGS=-static' 'CXX=arm-linux-androideabi-g++' --cache-file=/dev/null --srcdir=.
configure:9123: === configuring in libpcre (/home/mogi/nmap/libpcre)
configure:9186: running /bin/sh ./configure --disable-option-checking '--prefix=/sdcard/opt/nmap'  '--host=arm-linux-androideabi' '--without-zenmap' '--without-nping' '--without-ncat' '--without-ndiff' '--with-liblua=included' '--with-libpcap=internal' '--with-pcap=linux' '--enable-static' '--with-openssl=/home/mogi/nmap/openssl' 'host_alias=arm-linux-androideabi' 'CC=arm-linux-androideabi-gcc' 'LDFLAGS=-static' 'CXX=arm-linux-androideabi-g++' --cache-file=/dev/null --srcdir=.
configure:9123: === configuring in libdnet-stripped (/home/mogi/nmap/libdnet-stripped)
configure:9186: running /bin/sh ./configure --disable-option-checking '--prefix=/sdcard/opt/nmap'  '--host=arm-linux-androideabi' '--without-zenmap' '--without-nping' '--without-ncat' '--without-ndiff' '--with-liblua=included' '--with-libpcap=internal' '--with-pcap=linux' '--enable-static' '--with-openssl=/home/mogi/nmap/openssl' 'host_alias=arm-linux-androideabi' 'CC=arm-linux-androideabi-gcc' 'LDFLAGS=-static' 'CXX=arm-linux-androideabi-g++' --cache-file=/dev/null --srcdir=.
configure:9123: === configuring in nbase (/home/mogi/nmap/nbase)
configure:9186: running /bin/sh ./configure --disable-option-checking '--prefix=/sdcard/opt/nmap'  '--host=arm-linux-androideabi' '--without-zenmap' '--without-nping' '--without-ncat' '--without-ndiff' '--with-liblua=included' '--with-libpcap=internal' '--with-pcap=linux' '--enable-static' '--with-openssl=/home/mogi/nmap/openssl' 'host_alias=arm-linux-androideabi' 'CC=arm-linux-androideabi-gcc' 'LDFLAGS=-static' 'CXX=arm-linux-androideabi-g++' --cache-file=/dev/null --srcdir=.
configure:9123: === configuring in nsock/src (/home/mogi/nmap/nsock/src)
configure:9186: running /bin/sh ./configure --disable-option-checking '--prefix=/sdcard/opt/nmap'  '--host=arm-linux-androideabi' '--without-zenmap' '--without-nping' '--without-ncat' '--without-ndiff' '--with-liblua=included' '--with-libpcap=internal' '--with-pcap=linux' '--enable-static' '--with-openssl=/home/mogi/nmap/openssl' 'host_alias=arm-linux-androideabi' 'CC=arm-linux-androideabi-gcc' 'LDFLAGS=-static' 'CXX=arm-linux-androideabi-g++' --cache-file=/dev/null --srcdir=.
configure:9123: === configuring in nmap-update (/home/mogi/nmap/nmap-update)
configure:9186: running /bin/sh ./configure --disable-option-checking '--prefix=/sdcard/opt/nmap'  '--host=arm-linux-androideabi' '--without-zenmap' '--without-nping' '--without-ncat' '--without-ndiff' '--with-liblua=included' '--with-libpcap=internal' '--with-pcap=linux' '--enable-static' '--with-openssl=/home/mogi/nmap/openssl' 'host_alias=arm-linux-androideabi' 'CC=arm-linux-androideabi-gcc' 'LDFLAGS=-static' 'CXX=arm-linux-androideabi-g++' --cache-file=/dev/null --srcdir=.

## ---------------- ##
## Cache variables. ##
## ---------------- ##

ac_cv_build=x86_64-unknown-linux-gnu
ac_cv_c_bigendian=no
ac_cv_c_compiler_gnu=yes
ac_cv_c_inline=inline
ac_cv_cxx_compiler_gnu=yes
ac_cv_env_CCC_set=
ac_cv_env_CCC_value=
ac_cv_env_CC_set=set
ac_cv_env_CC_value=arm-linux-androideabi-gcc
ac_cv_env_CFLAGS_set=
ac_cv_env_CFLAGS_value=
ac_cv_env_CPPFLAGS_set=
ac_cv_env_CPPFLAGS_value=
ac_cv_env_CPP_set=
ac_cv_env_CPP_value=
ac_cv_env_CXXFLAGS_set=
ac_cv_env_CXXFLAGS_value=
ac_cv_env_CXX_set=set
ac_cv_env_CXX_value=arm-linux-androideabi-g++
ac_cv_env_LDFLAGS_set=set
ac_cv_env_LDFLAGS_value=-static
ac_cv_env_LIBS_set=
ac_cv_env_LIBS_value=
ac_cv_env_build_alias_set=
ac_cv_env_build_alias_value=
ac_cv_env_host_alias_set=set
ac_cv_env_host_alias_value=arm-linux-androideabi
ac_cv_env_target_alias_set=
ac_cv_env_target_alias_value=
ac_cv_func_strerror=yes
ac_cv_header_inttypes_h=yes
ac_cv_header_linear_h=no
ac_cv_header_linux_rtnetlink_h=yes
ac_cv_header_memory_h=yes
ac_cv_header_net_if_h=yes
ac_cv_header_pcap_h=no
ac_cv_header_pcre_h=no
ac_cv_header_pcre_pcre_h=no
ac_cv_header_pwd_h=yes
ac_cv_header_stdc=yes
ac_cv_header_stdint_h=yes
ac_cv_header_stdlib_h=yes
ac_cv_header_string_h=yes
ac_cv_header_strings_h=yes
ac_cv_header_subversion_1_svn_client_h=no
ac_cv_header_svn_client_h=no
ac_cv_header_sys_socket_h=yes
ac_cv_header_sys_sockio_h=no
ac_cv_header_sys_stat_h=yes
ac_cv_header_sys_types_h=yes
ac_cv_header_termios_h=yes
ac_cv_header_unistd_h=yes
ac_cv_host=arm-unknown-linux-androideabi
ac_cv_ip_has_ip_sum=yes
ac_cv_linux_vers=2
ac_cv_objext=o
ac_cv_path_EGREP='/usr/bin/grep -E'
ac_cv_path_GREP=/usr/bin/grep
ac_cv_path_STRIP=/tmp/ndk/bin/arm-linux-androideabi-strip
ac_cv_path_install='/usr/bin/install -c'
ac_cv_prog_APR_CONFIG=apr-1-config
ac_cv_prog_CC=arm-linux-androideabi-gcc
ac_cv_prog_CPP='arm-linux-androideabi-gcc -E'
ac_cv_prog_RANLIB=arm-linux-androideabi-ranlib
ac_cv_prog_cc_c89=
ac_cv_prog_cc_g=yes
ac_cv_prog_cxx_g=yes
ac_cv_search_dlopen=-ldl
ac_cv_search_gethostbyname='none required'
ac_cv_search_nl_handle_alloc=no
ac_cv_search_setsockopt='none required'
ac_cv_struct_icmp_exists=yes
ac_cv_struct_ip_exists=yes

## ----------------- ##
## Output variables. ##
## ----------------- ##

APR_CONFIG='apr-1-config'
BUILDNDIFF=''
BUILDNPING=''
BUILDZENMAP=''
CC='arm-linux-androideabi-gcc'
CFLAGS='-g -O2'
COMPAT_OBJS=''
COMPAT_SRCS=''
CPP='arm-linux-androideabi-gcc -E'
CPPFLAGS='-I$(top_srcdir)/liblinear -I$(top_srcdir)/liblua -I$(top_srcdir)/libdnet-stripped/include -I$(top_srcdir)/libpcre -Iinternal/include  -I/home/mogi/nmap/openssl/include -I$(top_srcdir)/libpcap -I$(top_srcdir)/nbase -I$(top_srcdir)/nsock/include'
CXX='arm-linux-androideabi-g++'
CXXFLAGS='-g -O2 -Wall -fno-strict-aliasing'
DEFS='-DHAVE_CONFIG_H'
DNET_BUILD='dnet_build'
DNET_CLEAN='dnet_clean'
DNET_DEPENDS='$(top_srcdir)/libdnet-stripped/src/.libs/libdnet.a'
DNET_DIST_CLEAN='dnet_dist_clean'
ECHO_C=''
ECHO_N='-n'
ECHO_T=''
EGREP='/usr/bin/grep -E'
EXEEXT=''
GREP='/usr/bin/grep'
INSTALLNDIFF=''
INSTALLNPING=''
INSTALLNSE='install-nse'
INSTALLZENMAP=''
INSTALL_DATA='${INSTALL} -m 644'
INSTALL_PROGRAM='${INSTALL}'
INSTALL_SCRIPT='${INSTALL}'
LDFLAGS='-Wl,-E -static -L/home/mogi/nmap/openssl/lib -Lnbase -Lnsock/src/'
LIBDNETDIR='libdnet-stripped'
LIBDNET_LIBS='$(top_srcdir)/libdnet-stripped/src/.libs/libdnet.a'
LIBLINEARDIR='liblinear'
LIBLINEAR_BUILD='liblinear_build'
LIBLINEAR_CLEAN='liblinear_clean'
LIBLINEAR_DEPENDS='$(top_srcdir)/liblinear/liblinear.a'
LIBLINEAR_DIST_CLEAN='liblinear_dist_clean'
LIBLINEAR_LIBS='$(top_srcdir)/liblinear/liblinear.a'
LIBLUADIR='liblua'
LIBLUA_LIBS='$(top_srcdir)/liblua/liblua.a'
LIBNBASE_LIBS='-lnbase'
LIBNSOCK_LIBS='-lnsock'
LIBOBJS=''
LIBPCAP_LIBS='$(LIBPCAPDIR)/libpcap.a'
LIBPCREDIR='libpcre'
LIBPCRE_LIBS='libpcre/libpcre.a'
LIBS='-ldl '
LTLIBOBJS=''
LUA_BUILD='lua_build'
LUA_CFLAGS='-DLUA_USE_POSIX'
LUA_CLEAN='lua_clean'
LUA_DEPENDS='$(top_srcdir)/liblua/liblua.a'
LUA_DIST_CLEAN='lua_dist_clean'
NBASEDIR='nbase'
NBASE_BUILD='nbase_build'
NCATDIR='ncat'
NCAT_BUILD=''
NCAT_CLEAN=''
NCAT_DIST_CLEAN=''
NCAT_INSTALL=''
NCAT_UNINSTALL=''
NDIFFDIR='ndiff'
NDIFF_CLEAN=''
NDIFF_DIST_CLEAN=''
NMAP_UPDATE_BUILD=''
NMAP_UPDATE_CLEAN=''
NMAP_UPDATE_DIST_CLEAN=''
NMAP_UPDATE_INSTALL=''
NMAP_UPDATE_UNINSTALL=''
NPINGDIR='nping'
NPING_CLEAN=''
NPING_DIST_CLEAN=''
NSOCKDIR='nsock'
NSOCK_BUILD='nsock_build'
OBJEXT='o'
OPENSSL_LIBS='-lssl -lcrypto'
PACKAGE_BUGREPORT=''
PACKAGE_NAME=''
PACKAGE_STRING=''
PACKAGE_TARNAME=''
PACKAGE_URL=''
PACKAGE_VERSION=''
PATH_SEPARATOR=':'
PCAP_BUILD='pcap_build'
PCAP_CLEAN='pcap_clean'
PCAP_DEPENDS='$(LIBPCAPDIR)/libpcap.a'
PCAP_DIST_CLEAN='pcap_dist_clean'
PCRE_BUILD='pcre_build'
PCRE_CLEAN='pcre_clean'
PCRE_DEPENDS='libpcre/libpcre.a'
PCRE_DIST_CLEAN='pcre_dist_clean'
PYTHON=''
PYTHON_EXEC_PREFIX=''
PYTHON_PLATFORM=''
PYTHON_PREFIX=''
PYTHON_VERSION=''
RANLIB='arm-linux-androideabi-ranlib'
SHELL='/bin/sh'
STRIP='/tmp/ndk/bin/arm-linux-androideabi-strip'
UNINSTALLNPING=''
UNINSTALLZENMAP=''
USE_NLS='yes'
ZENMAPDIR='zenmap'
ZENMAP_CLEAN=''
ZENMAP_DIST_CLEAN=''
ac_ct_CC=''
ac_ct_CXX=''
bindir='${exec_prefix}/bin'
build='x86_64-unknown-linux-gnu'
build_alias=''
build_cpu='x86_64'
build_os='linux-gnu'
build_vendor='unknown'
datadir='${datarootdir}'
datarootdir='${prefix}/share'
docdir='${datarootdir}/doc/${PACKAGE}'
dvidir='${docdir}'
exec_prefix='${prefix}'
host='arm-unknown-linux-androideabi'
host_alias='arm-linux-androideabi'
host_cpu='arm'
host_os='linux-androideabi'
host_vendor='unknown'
htmldir='${docdir}'
includedir='${prefix}/include'
infodir='${datarootdir}/info'
libdir='${exec_prefix}/lib'
libexecdir='${exec_prefix}/libexec'
libpcapdir='libpcap'
localedir='${datarootdir}/locale'
localstatedir='${prefix}/var'
mandir='${datarootdir}/man'
oldincludedir='/usr/include'
pcredir='libpcre'
pdfdir='${docdir}'
pkgpyexecdir=''
pkgpythondir=''
prefix='/sdcard/opt/nmap'
program_transform_name='s,x,x,'
psdir='${docdir}'
pyexecdir=''
pythondir=''
sbindir='${exec_prefix}/sbin'
sharedstatedir='${prefix}/com'
subdirs=' libpcap libpcre libdnet-stripped nbase nsock/src nmap-update'
sysconfdir='${prefix}/etc'
target_alias=''

## ----------- ##
## confdefs.h. ##
## ----------- ##

/* confdefs.h */
#define PACKAGE_NAME ""
#define PACKAGE_TARNAME ""
#define PACKAGE_VERSION ""
#define PACKAGE_STRING ""
#define PACKAGE_BUGREPORT ""
#define PACKAGE_URL ""
#define LINUX 1
#define STDC_HEADERS 1
#define HAVE_SYS_TYPES_H 1
#define HAVE_SYS_STAT_H 1
#define HAVE_STDLIB_H 1
#define HAVE_STRING_H 1
#define HAVE_MEMORY_H 1
#define HAVE_STRINGS_H 1
#define HAVE_INTTYPES_H 1
#define HAVE_STDINT_H 1
#define HAVE_UNISTD_H 1
#define HAVE_PWD_H 1
#define HAVE_TERMIOS_H 1
#define HAVE_LINUX_RTNETLINK_H 1
#define HAVE_SYS_SOCKET_H 1
#define HAVE_NET_IF_H 1
#define HAVE_IPV6_IPPROTO_RAW 1
#define HAVE_OPENSSL 1
#define PCAP_INCLUDED 1
#define PCRE_INCLUDED 1
#define DNET_INCLUDED 1
#define LIBLINEAR_INCLUDED 1
#define HAVE_STRUCT_ICMP 1
#define HAVE_STRUCT_IP 1
#define HAVE_IP_IP_SUM 1
#define HAVE_STRERROR 1
#define recvfrom6_t socklen_t

configure: exit 0
