This file contains any messages produced by compilers while
running configure, to aid debugging if configure makes a mistake.

It was created by configure, which was
generated by GNU Autoconf 2.68.  Invocation command line was

  $ ./configure --disable-option-checking --prefix=/sdcard/opt/nmap-5.61TEST4 --host=arm-linux-androideabi --without-zenmap --without-nping --without-ncat --without-ndiff --with-liblua=included --with-libpcap=internal --with-pcap=linux --enable-static --with-openssl=/home/mogi/nmap-cc/nmap-5.61TEST4/openssl host_alias=arm-linux-androideabi CC=arm-linux-androideabi-gcc LDFLAGS=-static CXX=arm-linux-androideabi-g++ --cache-file=/dev/null --srcdir=.

## --------- ##
## Platform. ##
## --------- ##

hostname = nomad
uname -m = x86_64
uname -r = 3.3.4-2-ARCH
uname -s = Linux
uname -v = #1 SMP PREEMPT Wed May 2 18:28:42 CEST 2012

/usr/bin/uname -p = unknown
/bin/uname -X     = unknown

/bin/arch              = unknown
/usr/bin/arch -k       = unknown
/usr/convex/getsysinfo = unknown
/usr/bin/hostinfo      = unknown
/bin/machine           = unknown
/usr/bin/oslevel       = unknown
/bin/universe          = unknown

PATH: /tmp/ndk/bin
PATH: /usr/local/bin
PATH: /usr/bin
PATH: /bin
PATH: /usr/local/sbin
PATH: /usr/sbin
PATH: /sbin
PATH: /usr/share/java/apache-ant/bin
PATH: /opt/java/bin
PATH: /opt/java/db/bin
PATH: /opt/java/jre/bin
PATH: /usr/bin/core_perl
PATH: /home/mogi/android-sdks/tools
PATH: /home/mogi/android-sdks/platform-tools
PATH: /home/mogi/android-ndk-r8
PATH: /usr/share/java/apache-ant/bin
PATH: /opt/idea-IC-117.117/bin


## ----------- ##
## Core tests. ##
## ----------- ##

configure:2009: checking for arm-linux-androideabi-gcc
configure:2036: result: arm-linux-androideabi-gcc
configure:2305: checking for C compiler version
configure:2314: arm-linux-androideabi-gcc --version >&5
arm-linux-androideabi-gcc (GCC) 4.4.3
Copyright (C) 2009 Free Software Foundation, Inc.
This is free software; see the source for copying conditions.  There is NO
warranty; not even for MERCHANTABILITY or FITNESS FOR A PARTICULAR PURPOSE.

configure:2325: $? = 0
configure:2314: arm-linux-androideabi-gcc -v >&5
Using built-in specs.
Target: arm-linux-androideabi
Configured with: /tmp/ndk-digit/src/build/../gcc/gcc-4.4.3/configure --prefix=/opt/digit/repo/opensource/ndk/toolchains/arm-linux-androideabi-4.4.3/prebuilt/linux-x86 --target=arm-linux-androideabi --host=x86_64-linux-gnu --build=x86_64-linux-gnu --with-gnu-as --with-gnu-ld --enable-languages=c,c++ --with-gmp=/tmp/ndk-digit/build/toolchain/temp-install --with-mpfr=/tmp/ndk-digit/build/toolchain/temp-install --disable-libssp --enable-threads --disable-nls --disable-libmudflap --disable-libgomp --disable-libstdc__-v3 --disable-sjlj-exceptions --disable-shared --disable-tls --with-float=soft --with-fpu=vfp --with-arch=armv5te --enable-target-optspace --enable-initfini-array --disable-nls --prefix=/opt/digit/repo/opensource/ndk/toolchains/arm-linux-androideabi-4.4.3/prebuilt/linux-x86 --with-sysroot=/opt/digit/repo/opensource/ndk/toolchains/arm-linux-androideabi-4.4.3/prebuilt/linux-x86/sysroot --with-binutils-version=2.19 --with-mpfr-version=2.4.1 --with-gmp-version=4.2.4 --with-gcc-version=4.4.3 --with-gdb-version=6.6 --with-arch=armv5te --program-transform-name='s,^,arm-linux-androideabi-,'
Thread model: posix
gcc version 4.4.3 (GCC) 
configure:2325: $? = 0
configure:2314: arm-linux-androideabi-gcc -V >&5
arm-linux-androideabi-gcc: '-V' option must have argument
configure:2325: $? = 1
configure:2314: arm-linux-androideabi-gcc -qversion >&5
arm-linux-androideabi-gcc: unrecognized option '-qversion'
arm-linux-androideabi-gcc: no input files
configure:2325: $? = 1
configure:2345: checking whether the C compiler works
configure:2367: arm-linux-androideabi-gcc   -static conftest.c  >&5
configure:2371: $? = 0
configure:2419: result: yes
configure:2422: checking for C compiler default output file name
configure:2424: result: a.out
configure:2430: checking for suffix of executables
configure:2437: arm-linux-androideabi-gcc -o conftest   -static conftest.c  >&5
configure:2441: $? = 0
configure:2463: result: 
configure:2485: checking whether we are cross compiling
configure:2493: arm-linux-androideabi-gcc -o conftest   -static conftest.c  >&5
configure:2497: $? = 0
configure:2504: ./conftest
./configure: line 2506: ./conftest: cannot execute binary file
configure:2508: $? = 126
configure:2523: result: yes
configure:2528: checking for suffix of object files
configure:2550: arm-linux-androideabi-gcc -c   conftest.c >&5
configure:2554: $? = 0
configure:2575: result: o
configure:2579: checking whether we are using the GNU C compiler
configure:2598: arm-linux-androideabi-gcc -c   conftest.c >&5
configure:2598: $? = 0
configure:2607: result: yes
configure:2616: checking whether arm-linux-androideabi-gcc accepts -g
configure:2636: arm-linux-androideabi-gcc -c -g  conftest.c >&5
configure:2636: $? = 0
configure:2677: result: yes
configure:2694: checking for arm-linux-androideabi-gcc option to accept ISO C89
configure:2758: arm-linux-androideabi-gcc  -c -g -O2  conftest.c >&5
configure:2758: $? = 0
configure:2771: result: none needed
configure:2834: checking for a BSD-compatible install
configure:2902: result: /usr/bin/install -c
configure:2916: checking for arm-linux-androideabi-strip
configure:2934: found /tmp/ndk/bin/arm-linux-androideabi-strip
configure:2946: result: /tmp/ndk/bin/arm-linux-androideabi-strip
configure:3015: checking for apr-1-config
configure:3031: found /usr/bin/apr-1-config
configure:3042: result: apr-1-config
configure:3056: checking for svn_client_create_context in -lsvn_client-1
configure:3081: arm-linux-androideabi-gcc -o conftest -g -O2  -static conftest.c -lsvn_client-1   >&5
/tmp/ndk/bin/../lib/gcc/arm-linux-androideabi/4.4.3/../../../../arm-linux-androideabi/bin/ld: cannot find -lsvn_client-1
collect2: ld returned 1 exit status
configure:3081: $? = 1
configure: failed program was:
| /* confdefs.h */
| #define PACKAGE_NAME ""
| #define PACKAGE_TARNAME ""
| #define PACKAGE_VERSION ""
| #define PACKAGE_STRING ""
| #define PACKAGE_BUGREPORT ""
| #define PACKAGE_URL ""
| /* end confdefs.h.  */
| 
| /* Override any GCC internal prototype to avoid an error.
|    Use char because int might match the return type of a GCC
|    builtin and then its argument prototype would still apply.  */
| #ifdef __cplusplus
| extern "C"
| #endif
| char svn_client_create_context ();
| int
| main ()
| {
| return svn_client_create_context ();
|   ;
|   return 0;
| }
configure:3090: result: no
configure:3101: checking for svn_handle_error2 in -lsvn_subr-1
configure:3126: arm-linux-androideabi-gcc -o conftest -g -O2  -static conftest.c -lsvn_subr-1   >&5
/tmp/ndk/bin/../lib/gcc/arm-linux-androideabi/4.4.3/../../../../arm-linux-androideabi/bin/ld: cannot find -lsvn_subr-1
collect2: ld returned 1 exit status
configure:3126: $? = 1
configure: failed program was:
| /* confdefs.h */
| #define PACKAGE_NAME ""
| #define PACKAGE_TARNAME ""
| #define PACKAGE_VERSION ""
| #define PACKAGE_STRING ""
| #define PACKAGE_BUGREPORT ""
| #define PACKAGE_URL ""
| /* end confdefs.h.  */
| 
| /* Override any GCC internal prototype to avoid an error.
|    Use char because int might match the return type of a GCC
|    builtin and then its argument prototype would still apply.  */
| #ifdef __cplusplus
| extern "C"
| #endif
| char svn_handle_error2 ();
| int
| main ()
| {
| return svn_handle_error2 ();
|   ;
|   return 0;
| }
configure:3135: result: no
configure:3146: checking for apr_pool_destroy in -lapr-1
configure:3171: arm-linux-androideabi-gcc -o conftest -g -O2  -static conftest.c -lapr-1   >&5
/tmp/ndk/bin/../lib/gcc/arm-linux-androideabi/4.4.3/../../../../arm-linux-androideabi/bin/ld: cannot find -lapr-1
collect2: ld returned 1 exit status
configure:3171: $? = 1
configure: failed program was:
| /* confdefs.h */
| #define PACKAGE_NAME ""
| #define PACKAGE_TARNAME ""
| #define PACKAGE_VERSION ""
| #define PACKAGE_STRING ""
| #define PACKAGE_BUGREPORT ""
| #define PACKAGE_URL ""
| /* end confdefs.h.  */
| 
| /* Override any GCC internal prototype to avoid an error.
|    Use char because int might match the return type of a GCC
|    builtin and then its argument prototype would still apply.  */
| #ifdef __cplusplus
| extern "C"
| #endif
| char apr_pool_destroy ();
| int
| main ()
| {
| return apr_pool_destroy ();
|   ;
|   return 0;
| }
configure:3180: result: no
configure:3199: checking how to run the C preprocessor
configure:3230: arm-linux-androideabi-gcc -E   -D_REENTRANT -D_GNU_SOURCE -I/usr/include/apr-1  conftest.c
configure:3230: $? = 0
configure:3244: arm-linux-androideabi-gcc -E   -D_REENTRANT -D_GNU_SOURCE -I/usr/include/apr-1  conftest.c
conftest.c:9:28: error: ac_nonexistent.h: No such file or directory
configure:3244: $? = 1
configure: failed program was:
| /* confdefs.h */
| #define PACKAGE_NAME ""
| #define PACKAGE_TARNAME ""
| #define PACKAGE_VERSION ""
| #define PACKAGE_STRING ""
| #define PACKAGE_BUGREPORT ""
| #define PACKAGE_URL ""
| /* end confdefs.h.  */
| #include <ac_nonexistent.h>
configure:3269: result: arm-linux-androideabi-gcc -E
configure:3289: arm-linux-androideabi-gcc -E   -D_REENTRANT -D_GNU_SOURCE -I/usr/include/apr-1  conftest.c
configure:3289: $? = 0
configure:3303: arm-linux-androideabi-gcc -E   -D_REENTRANT -D_GNU_SOURCE -I/usr/include/apr-1  conftest.c
conftest.c:9:28: error: ac_nonexistent.h: No such file or directory
configure:3303: $? = 1
configure: failed program was:
| /* confdefs.h */
| #define PACKAGE_NAME ""
| #define PACKAGE_TARNAME ""
| #define PACKAGE_VERSION ""
| #define PACKAGE_STRING ""
| #define PACKAGE_BUGREPORT ""
| #define PACKAGE_URL ""
| /* end confdefs.h.  */
| #include <ac_nonexistent.h>
configure:3332: checking for grep that handles long lines and -e
configure:3390: result: /usr/bin/grep
configure:3395: checking for egrep
configure:3457: result: /usr/bin/grep -E
configure:3462: checking for ANSI C header files
configure:3482: arm-linux-androideabi-gcc -c -g -O2   -D_REENTRANT -D_GNU_SOURCE -I/usr/include/apr-1  conftest.c >&5
configure:3482: $? = 0
configure:3566: result: yes
configure:3579: checking for sys/types.h
configure:3579: arm-linux-androideabi-gcc -c -g -O2   -D_REENTRANT -D_GNU_SOURCE -I/usr/include/apr-1  conftest.c >&5
configure:3579: $? = 0
configure:3579: result: yes
configure:3579: checking for sys/stat.h
configure:3579: arm-linux-androideabi-gcc -c -g -O2   -D_REENTRANT -D_GNU_SOURCE -I/usr/include/apr-1  conftest.c >&5
configure:3579: $? = 0
configure:3579: result: yes
configure:3579: checking for stdlib.h
configure:3579: arm-linux-androideabi-gcc -c -g -O2   -D_REENTRANT -D_GNU_SOURCE -I/usr/include/apr-1  conftest.c >&5
configure:3579: $? = 0
configure:3579: result: yes
configure:3579: checking for string.h
configure:3579: arm-linux-androideabi-gcc -c -g -O2   -D_REENTRANT -D_GNU_SOURCE -I/usr/include/apr-1  conftest.c >&5
configure:3579: $? = 0
configure:3579: result: yes
configure:3579: checking for memory.h
configure:3579: arm-linux-androideabi-gcc -c -g -O2   -D_REENTRANT -D_GNU_SOURCE -I/usr/include/apr-1  conftest.c >&5
configure:3579: $? = 0
configure:3579: result: yes
configure:3579: checking for strings.h
configure:3579: arm-linux-androideabi-gcc -c -g -O2   -D_REENTRANT -D_GNU_SOURCE -I/usr/include/apr-1  conftest.c >&5
configure:3579: $? = 0
configure:3579: result: yes
configure:3579: checking for inttypes.h
configure:3579: arm-linux-androideabi-gcc -c -g -O2   -D_REENTRANT -D_GNU_SOURCE -I/usr/include/apr-1  conftest.c >&5
configure:3579: $? = 0
configure:3579: result: yes
configure:3579: checking for stdint.h
configure:3579: arm-linux-androideabi-gcc -c -g -O2   -D_REENTRANT -D_GNU_SOURCE -I/usr/include/apr-1  conftest.c >&5
configure:3579: $? = 0
configure:3579: result: yes
configure:3579: checking for unistd.h
configure:3579: arm-linux-androideabi-gcc -c -g -O2   -D_REENTRANT -D_GNU_SOURCE -I/usr/include/apr-1  conftest.c >&5
configure:3579: $? = 0
configure:3579: result: yes
configure:3594: checking svn_client.h usability
configure:3594: arm-linux-androideabi-gcc -c -g -O2   -D_REENTRANT -D_GNU_SOURCE -I/usr/include/apr-1  conftest.c >&5
conftest.c:52:24: error: svn_client.h: No such file or directory
configure:3594: $? = 1
configure: failed program was:
| /* confdefs.h */
| #define PACKAGE_NAME ""
| #define PACKAGE_TARNAME ""
| #define PACKAGE_VERSION ""
| #define PACKAGE_STRING ""
| #define PACKAGE_BUGREPORT ""
| #define PACKAGE_URL ""
| #define STDC_HEADERS 1
| #define HAVE_SYS_TYPES_H 1
| #define HAVE_SYS_STAT_H 1
| #define HAVE_STDLIB_H 1
| #define HAVE_STRING_H 1
| #define HAVE_MEMORY_H 1
| #define HAVE_STRINGS_H 1
| #define HAVE_INTTYPES_H 1
| #define HAVE_STDINT_H 1
| #define HAVE_UNISTD_H 1
| /* end confdefs.h.  */
| #include <stdio.h>
| #ifdef HAVE_SYS_TYPES_H
| # include <sys/types.h>
| #endif
| #ifdef HAVE_SYS_STAT_H
| # include <sys/stat.h>
| #endif
| #ifdef STDC_HEADERS
| # include <stdlib.h>
| # include <stddef.h>
| #else
| # ifdef HAVE_STDLIB_H
| #  include <stdlib.h>
| # endif
| #endif
| #ifdef HAVE_STRING_H
| # if !defined STDC_HEADERS && defined HAVE_MEMORY_H
| #  include <memory.h>
| # endif
| # include <string.h>
| #endif
| #ifdef HAVE_STRINGS_H
| # include <strings.h>
| #endif
| #ifdef HAVE_INTTYPES_H
| # include <inttypes.h>
| #endif
| #ifdef HAVE_STDINT_H
| # include <stdint.h>
| #endif
| #ifdef HAVE_UNISTD_H
| # include <unistd.h>
| #endif
| #include <svn_client.h>
configure:3594: result: no
configure:3594: checking svn_client.h presence
configure:3594: arm-linux-androideabi-gcc -E   -D_REENTRANT -D_GNU_SOURCE -I/usr/include/apr-1  conftest.c
conftest.c:19:24: error: svn_client.h: No such file or directory
configure:3594: $? = 1
configure: failed program was:
| /* confdefs.h */
| #define PACKAGE_NAME ""
| #define PACKAGE_TARNAME ""
| #define PACKAGE_VERSION ""
| #define PACKAGE_STRING ""
| #define PACKAGE_BUGREPORT ""
| #define PACKAGE_URL ""
| #define STDC_HEADERS 1
| #define HAVE_SYS_TYPES_H 1
| #define HAVE_SYS_STAT_H 1
| #define HAVE_STDLIB_H 1
| #define HAVE_STRING_H 1
| #define HAVE_MEMORY_H 1
| #define HAVE_STRINGS_H 1
| #define HAVE_INTTYPES_H 1
| #define HAVE_STDINT_H 1
| #define HAVE_UNISTD_H 1
| /* end confdefs.h.  */
| #include <svn_client.h>
configure:3594: result: no
configure:3594: checking for svn_client.h
configure:3594: result: no
configure:3594: checking subversion-1/svn_client.h usability
configure:3594: arm-linux-androideabi-gcc -c -g -O2   -D_REENTRANT -D_GNU_SOURCE -I/usr/include/apr-1  conftest.c >&5
conftest.c:52:37: error: subversion-1/svn_client.h: No such file or directory
configure:3594: $? = 1
configure: failed program was:
| /* confdefs.h */
| #define PACKAGE_NAME ""
| #define PACKAGE_TARNAME ""
| #define PACKAGE_VERSION ""
| #define PACKAGE_STRING ""
| #define PACKAGE_BUGREPORT ""
| #define PACKAGE_URL ""
| #define STDC_HEADERS 1
| #define HAVE_SYS_TYPES_H 1
| #define HAVE_SYS_STAT_H 1
| #define HAVE_STDLIB_H 1
| #define HAVE_STRING_H 1
| #define HAVE_MEMORY_H 1
| #define HAVE_STRINGS_H 1
| #define HAVE_INTTYPES_H 1
| #define HAVE_STDINT_H 1
| #define HAVE_UNISTD_H 1
| /* end confdefs.h.  */
| #include <stdio.h>
| #ifdef HAVE_SYS_TYPES_H
| # include <sys/types.h>
| #endif
| #ifdef HAVE_SYS_STAT_H
| # include <sys/stat.h>
| #endif
| #ifdef STDC_HEADERS
| # include <stdlib.h>
| # include <stddef.h>
| #else
| # ifdef HAVE_STDLIB_H
| #  include <stdlib.h>
| # endif
| #endif
| #ifdef HAVE_STRING_H
| # if !defined STDC_HEADERS && defined HAVE_MEMORY_H
| #  include <memory.h>
| # endif
| # include <string.h>
| #endif
| #ifdef HAVE_STRINGS_H
| # include <strings.h>
| #endif
| #ifdef HAVE_INTTYPES_H
| # include <inttypes.h>
| #endif
| #ifdef HAVE_STDINT_H
| # include <stdint.h>
| #endif
| #ifdef HAVE_UNISTD_H
| # include <unistd.h>
| #endif
| #include <subversion-1/svn_client.h>
configure:3594: result: no
configure:3594: checking subversion-1/svn_client.h presence
configure:3594: arm-linux-androideabi-gcc -E   -D_REENTRANT -D_GNU_SOURCE -I/usr/include/apr-1  conftest.c
conftest.c:19:37: error: subversion-1/svn_client.h: No such file or directory
configure:3594: $? = 1
configure: failed program was:
| /* confdefs.h */
| #define PACKAGE_NAME ""
| #define PACKAGE_TARNAME ""
| #define PACKAGE_VERSION ""
| #define PACKAGE_STRING ""
| #define PACKAGE_BUGREPORT ""
| #define PACKAGE_URL ""
| #define STDC_HEADERS 1
| #define HAVE_SYS_TYPES_H 1
| #define HAVE_SYS_STAT_H 1
| #define HAVE_STDLIB_H 1
| #define HAVE_STRING_H 1
| #define HAVE_MEMORY_H 1
| #define HAVE_STRINGS_H 1
| #define HAVE_INTTYPES_H 1
| #define HAVE_STDINT_H 1
| #define HAVE_UNISTD_H 1
| /* end confdefs.h.  */
| #include <subversion-1/svn_client.h>
configure:3594: result: no
configure:3594: checking for subversion-1/svn_client.h
configure:3594: result: no
configure:3727: creating ./config.status

## ---------------------- ##
## Running config.status. ##
## ---------------------- ##

This file was extended by config.status, which was
generated by GNU Autoconf 2.68.  Invocation command line was

  CONFIG_FILES    = 
  CONFIG_HEADERS  = 
  CONFIG_LINKS    = 
  CONFIG_COMMANDS = 
  $ ./config.status 

on nomad

config.status:815: creating Makefile
config.status:918: WARNING:  'Makefile.in' seems to ignore the --datarootdir setting
config.status:815: creating config.h
config.status:990: config.h is unchanged

## ---------------- ##
## Cache variables. ##
## ---------------- ##

ac_cv_c_compiler_gnu=yes
ac_cv_env_CC_set=set
ac_cv_env_CC_value=arm-linux-androideabi-gcc
ac_cv_env_CFLAGS_set=
ac_cv_env_CFLAGS_value=
ac_cv_env_CPPFLAGS_set=
ac_cv_env_CPPFLAGS_value=
ac_cv_env_CPP_set=
ac_cv_env_CPP_value=
ac_cv_env_LDFLAGS_set=set
ac_cv_env_LDFLAGS_value=-static
ac_cv_env_LIBS_set=
ac_cv_env_LIBS_value=
ac_cv_env_build_alias_set=
ac_cv_env_build_alias_value=
ac_cv_env_host_alias_set=set
ac_cv_env_host_alias_value=arm-linux-androideabi
ac_cv_env_target_alias_set=
ac_cv_env_target_alias_value=
ac_cv_header_inttypes_h=yes
ac_cv_header_memory_h=yes
ac_cv_header_stdc=yes
ac_cv_header_stdint_h=yes
ac_cv_header_stdlib_h=yes
ac_cv_header_string_h=yes
ac_cv_header_strings_h=yes
ac_cv_header_subversion_1_svn_client_h=no
ac_cv_header_svn_client_h=no
ac_cv_header_sys_stat_h=yes
ac_cv_header_sys_types_h=yes
ac_cv_header_unistd_h=yes
ac_cv_lib_apr_1_apr_pool_destroy=no
ac_cv_lib_svn_client_1_svn_client_create_context=no
ac_cv_lib_svn_subr_1_svn_handle_error2=no
ac_cv_linux_vers=2
ac_cv_objext=o
ac_cv_path_EGREP='/usr/bin/grep -E'
ac_cv_path_GREP=/usr/bin/grep
ac_cv_path_STRIP=/tmp/ndk/bin/arm-linux-androideabi-strip
ac_cv_path_install='/usr/bin/install -c'
ac_cv_prog_APR_CONFIG=apr-1-config
ac_cv_prog_CC=arm-linux-androideabi-gcc
ac_cv_prog_CPP='arm-linux-androideabi-gcc -E'
ac_cv_prog_cc_c89=
ac_cv_prog_cc_g=yes

## ----------------- ##
## Output variables. ##
## ----------------- ##

APR_CONFIG='apr-1-config'
CC='arm-linux-androideabi-gcc'
CFLAGS='-g -O2'
CPP='arm-linux-androideabi-gcc -E'
CPPFLAGS='  -D_REENTRANT -D_GNU_SOURCE -I/usr/include/apr-1 '
DEFS='-DHAVE_CONFIG_H'
ECHO_C=''
ECHO_N='-n'
ECHO_T=''
EGREP='/usr/bin/grep -E'
EXEEXT=''
GREP='/usr/bin/grep'
INSTALL_DATA='${INSTALL} -m 644'
INSTALL_PROGRAM='${INSTALL}'
INSTALL_SCRIPT='${INSTALL}'
LDFLAGS='-static'
LIBOBJS=''
LIBS=''
LTLIBOBJS=''
OBJEXT='o'
PACKAGE_BUGREPORT=''
PACKAGE_NAME=''
PACKAGE_STRING=''
PACKAGE_TARNAME=''
PACKAGE_URL=''
PACKAGE_VERSION=''
PATH_SEPARATOR=':'
SHELL='/bin/sh'
STRIP='/tmp/ndk/bin/arm-linux-androideabi-strip'
ac_ct_CC=''
bindir='${exec_prefix}/bin'
build_alias=''
datadir='${datarootdir}'
datarootdir='${prefix}/share'
docdir='${datarootdir}/doc/${PACKAGE}'
dvidir='${docdir}'
exec_prefix='${prefix}'
host_alias='arm-linux-androideabi'
htmldir='${docdir}'
includedir='${prefix}/include'
infodir='${datarootdir}/info'
libdir='${exec_prefix}/lib'
libexecdir='${exec_prefix}/libexec'
localedir='${datarootdir}/locale'
localstatedir='${prefix}/var'
mandir='${datarootdir}/man'
oldincludedir='/usr/include'
pdfdir='${docdir}'
prefix='/sdcard/opt/nmap-5.61TEST4'
program_transform_name='s,x,x,'
psdir='${docdir}'
sbindir='${exec_prefix}/sbin'
sharedstatedir='${prefix}/com'
sysconfdir='${prefix}/etc'
target_alias=''

## ----------- ##
## confdefs.h. ##
## ----------- ##

/* confdefs.h */
#define PACKAGE_NAME ""
#define PACKAGE_TARNAME ""
#define PACKAGE_VERSION ""
#define PACKAGE_STRING ""
#define PACKAGE_BUGREPORT ""
#define PACKAGE_URL ""
#define STDC_HEADERS 1
#define HAVE_SYS_TYPES_H 1
#define HAVE_SYS_STAT_H 1
#define HAVE_STDLIB_H 1
#define HAVE_STRING_H 1
#define HAVE_MEMORY_H 1
#define HAVE_STRINGS_H 1
#define HAVE_INTTYPES_H 1
#define HAVE_STDINT_H 1
#define HAVE_UNISTD_H 1

configure: exit 0
