This file contains any messages produced by compilers while
running configure, to aid debugging if configure makes a mistake.

It was created by configure, which was
generated by GNU Autoconf 2.65.  Invocation command line was

  $ ./configure --disable-option-checking --prefix=/sdcard/opt/nmap-5.61TEST4 --host=arm-linux-androideabi --without-zenmap --without-nping --without-ncat --without-ndiff --with-liblua=included --with-libpcap=internal --with-pcap=linux --enable-static --with-openssl=/home/mogi/nmap-cc/nmap-5.61TEST4/openssl host_alias=arm-linux-androideabi CC=arm-linux-androideabi-gcc LDFLAGS=-static CXX=arm-linux-androideabi-g++ --cache-file=/dev/null --srcdir=.

## --------- ##
## Platform. ##
## --------- ##

hostname = nomad
uname -m = x86_64
uname -r = 3.3.4-2-ARCH
uname -s = Linux
uname -v = #1 SMP PREEMPT Wed May 2 18:28:42 CEST 2012

/usr/bin/uname -p = unknown
/bin/uname -X     = unknown

/bin/arch              = unknown
/usr/bin/arch -k       = unknown
/usr/convex/getsysinfo = unknown
/usr/bin/hostinfo      = unknown
/bin/machine           = unknown
/usr/bin/oslevel       = unknown
/bin/universe          = unknown

PATH: /tmp/ndk/bin
PATH: /usr/local/bin
PATH: /usr/bin
PATH: /bin
PATH: /usr/local/sbin
PATH: /usr/sbin
PATH: /sbin
PATH: /usr/share/java/apache-ant/bin
PATH: /opt/java/bin
PATH: /opt/java/db/bin
PATH: /opt/java/jre/bin
PATH: /usr/bin/core_perl
PATH: /home/mogi/android-sdks/tools
PATH: /home/mogi/android-sdks/platform-tools
PATH: /home/mogi/android-ndk-r8
PATH: /usr/share/java/apache-ant/bin
PATH: /opt/idea-IC-117.117/bin


## ----------- ##
## Core tests. ##
## ----------- ##

configure:2272: checking build system type
configure:2286: result: x86_64-unknown-linux-gnu
configure:2306: checking host system type
configure:2319: result: arm-unknown-linux-androideabi
configure:2339: checking target system type
configure:2352: result: arm-unknown-linux-androideabi
configure:2461: checking for arm-linux-androideabi-gcc
configure:2488: result: arm-linux-androideabi-gcc
configure:2757: checking for C compiler version
configure:2766: arm-linux-androideabi-gcc --version >&5
arm-linux-androideabi-gcc (GCC) 4.4.3
Copyright (C) 2009 Free Software Foundation, Inc.
This is free software; see the source for copying conditions.  There is NO
warranty; not even for MERCHANTABILITY or FITNESS FOR A PARTICULAR PURPOSE.

configure:2777: $? = 0
configure:2766: arm-linux-androideabi-gcc -v >&5
Using built-in specs.
Target: arm-linux-androideabi
Configured with: /tmp/ndk-digit/src/build/../gcc/gcc-4.4.3/configure --prefix=/opt/digit/repo/opensource/ndk/toolchains/arm-linux-androideabi-4.4.3/prebuilt/linux-x86 --target=arm-linux-androideabi --host=x86_64-linux-gnu --build=x86_64-linux-gnu --with-gnu-as --with-gnu-ld --enable-languages=c,c++ --with-gmp=/tmp/ndk-digit/build/toolchain/temp-install --with-mpfr=/tmp/ndk-digit/build/toolchain/temp-install --disable-libssp --enable-threads --disable-nls --disable-libmudflap --disable-libgomp --disable-libstdc__-v3 --disable-sjlj-exceptions --disable-shared --disable-tls --with-float=soft --with-fpu=vfp --with-arch=armv5te --enable-target-optspace --enable-initfini-array --disable-nls --prefix=/opt/digit/repo/opensource/ndk/toolchains/arm-linux-androideabi-4.4.3/prebuilt/linux-x86 --with-sysroot=/opt/digit/repo/opensource/ndk/toolchains/arm-linux-androideabi-4.4.3/prebuilt/linux-x86/sysroot --with-binutils-version=2.19 --with-mpfr-version=2.4.1 --with-gmp-version=4.2.4 --with-gcc-version=4.4.3 --with-gdb-version=6.6 --with-arch=armv5te --program-transform-name='s,^,arm-linux-androideabi-,'
Thread model: posix
gcc version 4.4.3 (GCC) 
configure:2777: $? = 0
configure:2766: arm-linux-androideabi-gcc -V >&5
arm-linux-androideabi-gcc: '-V' option must have argument
configure:2777: $? = 1
configure:2766: arm-linux-androideabi-gcc -qversion >&5
arm-linux-androideabi-gcc: unrecognized option '-qversion'
arm-linux-androideabi-gcc: no input files
configure:2777: $? = 1
configure:2797: checking whether the C compiler works
configure:2819: arm-linux-androideabi-gcc   -static conftest.c  >&5
configure:2823: $? = 0
configure:2872: result: yes
configure:2875: checking for C compiler default output file name
configure:2877: result: a.out
configure:2883: checking for suffix of executables
configure:2890: arm-linux-androideabi-gcc -o conftest   -static conftest.c  >&5
configure:2894: $? = 0
configure:2916: result: 
configure:2938: checking whether we are cross compiling
configure:2946: arm-linux-androideabi-gcc -o conftest   -static conftest.c  >&5
configure:2950: $? = 0
configure:2957: ./conftest
./configure: line 2959: ./conftest: cannot execute binary file
configure:2961: $? = 126
configure:2976: result: yes
configure:2981: checking for suffix of object files
configure:3003: arm-linux-androideabi-gcc -c   conftest.c >&5
configure:3007: $? = 0
configure:3028: result: o
configure:3032: checking whether we are using the GNU C compiler
configure:3051: arm-linux-androideabi-gcc -c   conftest.c >&5
configure:3051: $? = 0
configure:3060: result: yes
configure:3069: checking whether arm-linux-androideabi-gcc accepts -g
configure:3089: arm-linux-androideabi-gcc -c -g  conftest.c >&5
configure:3089: $? = 0
configure:3130: result: yes
configure:3147: checking for arm-linux-androideabi-gcc option to accept ISO C89
configure:3211: arm-linux-androideabi-gcc  -c -g -O2  conftest.c >&5
configure:3211: $? = 0
configure:3224: result: none needed
configure:3253: checking gcc version
configure:3265: result: 4
configure:3566: checking for inline
configure:3602: arm-linux-androideabi-gcc -c -O2 -fpic  conftest.c >&5
configure:3602: $? = 0
configure:3617: result: inline
configure:3629: checking for __attribute__
configure:3655: arm-linux-androideabi-gcc -c -g -O2  conftest.c >&5
configure:3655: $? = 0
configure:3671: result: yes
configure:3680: checking how to run the C preprocessor
configure:3711: arm-linux-androideabi-gcc -E  conftest.c
configure:3711: $? = 0
configure:3725: arm-linux-androideabi-gcc -E  conftest.c
conftest.c:11:28: error: ac_nonexistent.h: No such file or directory
configure:3725: $? = 1
configure: failed program was:
| /* confdefs.h */
| #define PACKAGE_NAME ""
| #define PACKAGE_TARNAME ""
| #define PACKAGE_VERSION ""
| #define PACKAGE_STRING ""
| #define PACKAGE_BUGREPORT ""
| #define PACKAGE_URL ""
| #define inline inline
| #define HAVE___ATTRIBUTE__ 1
| /* end confdefs.h.  */
| #include <ac_nonexistent.h>
configure:3750: result: arm-linux-androideabi-gcc -E
configure:3770: arm-linux-androideabi-gcc -E  conftest.c
configure:3770: $? = 0
configure:3784: arm-linux-androideabi-gcc -E  conftest.c
conftest.c:11:28: error: ac_nonexistent.h: No such file or directory
configure:3784: $? = 1
configure: failed program was:
| /* confdefs.h */
| #define PACKAGE_NAME ""
| #define PACKAGE_TARNAME ""
| #define PACKAGE_VERSION ""
| #define PACKAGE_STRING ""
| #define PACKAGE_BUGREPORT ""
| #define PACKAGE_URL ""
| #define inline inline
| #define HAVE___ATTRIBUTE__ 1
| /* end confdefs.h.  */
| #include <ac_nonexistent.h>
configure:3813: checking for grep that handles long lines and -e
configure:3871: result: /usr/bin/grep
configure:3876: checking for egrep
configure:3938: result: /usr/bin/grep -E
configure:3943: checking for ANSI C header files
configure:3963: arm-linux-androideabi-gcc -c -g -O2  conftest.c >&5
configure:3963: $? = 0
configure:4047: result: yes
configure:4060: checking for sys/types.h
configure:4060: arm-linux-androideabi-gcc -c -g -O2  conftest.c >&5
configure:4060: $? = 0
configure:4060: result: yes
configure:4060: checking for sys/stat.h
configure:4060: arm-linux-androideabi-gcc -c -g -O2  conftest.c >&5
configure:4060: $? = 0
configure:4060: result: yes
configure:4060: checking for stdlib.h
configure:4060: arm-linux-androideabi-gcc -c -g -O2  conftest.c >&5
configure:4060: $? = 0
configure:4060: result: yes
configure:4060: checking for string.h
configure:4060: arm-linux-androideabi-gcc -c -g -O2  conftest.c >&5
configure:4060: $? = 0
configure:4060: result: yes
configure:4060: checking for memory.h
configure:4060: arm-linux-androideabi-gcc -c -g -O2  conftest.c >&5
configure:4060: $? = 0
configure:4060: result: yes
configure:4060: checking for strings.h
configure:4060: arm-linux-androideabi-gcc -c -g -O2  conftest.c >&5
configure:4060: $? = 0
configure:4060: result: yes
configure:4060: checking for inttypes.h
configure:4060: arm-linux-androideabi-gcc -c -g -O2  conftest.c >&5
configure:4060: $? = 0
configure:4060: result: yes
configure:4060: checking for stdint.h
configure:4060: arm-linux-androideabi-gcc -c -g -O2  conftest.c >&5
configure:4060: $? = 0
configure:4060: result: yes
configure:4060: checking for unistd.h
configure:4060: arm-linux-androideabi-gcc -c -g -O2  conftest.c >&5
configure:4060: $? = 0
configure:4060: result: yes
configure:4075: checking sys/bitypes.h usability
configure:4075: arm-linux-androideabi-gcc -c -g -O2  conftest.c >&5
conftest.c:54:25: error: sys/bitypes.h: No such file or directory
configure:4075: $? = 1
configure: failed program was:
| /* confdefs.h */
| #define PACKAGE_NAME ""
| #define PACKAGE_TARNAME ""
| #define PACKAGE_VERSION ""
| #define PACKAGE_STRING ""
| #define PACKAGE_BUGREPORT ""
| #define PACKAGE_URL ""
| #define inline inline
| #define HAVE___ATTRIBUTE__ 1
| #define STDC_HEADERS 1
| #define HAVE_SYS_TYPES_H 1
| #define HAVE_SYS_STAT_H 1
| #define HAVE_STDLIB_H 1
| #define HAVE_STRING_H 1
| #define HAVE_MEMORY_H 1
| #define HAVE_STRINGS_H 1
| #define HAVE_INTTYPES_H 1
| #define HAVE_STDINT_H 1
| #define HAVE_UNISTD_H 1
| /* end confdefs.h.  */
| #include <stdio.h>
| #ifdef HAVE_SYS_TYPES_H
| # include <sys/types.h>
| #endif
| #ifdef HAVE_SYS_STAT_H
| # include <sys/stat.h>
| #endif
| #ifdef STDC_HEADERS
| # include <stdlib.h>
| # include <stddef.h>
| #else
| # ifdef HAVE_STDLIB_H
| #  include <stdlib.h>
| # endif
| #endif
| #ifdef HAVE_STRING_H
| # if !defined STDC_HEADERS && defined HAVE_MEMORY_H
| #  include <memory.h>
| # endif
| # include <string.h>
| #endif
| #ifdef HAVE_STRINGS_H
| # include <strings.h>
| #endif
| #ifdef HAVE_INTTYPES_H
| # include <inttypes.h>
| #endif
| #ifdef HAVE_STDINT_H
| # include <stdint.h>
| #endif
| #ifdef HAVE_UNISTD_H
| # include <unistd.h>
| #endif
| #include <sys/bitypes.h>
configure:4075: result: no
configure:4075: checking sys/bitypes.h presence
configure:4075: arm-linux-androideabi-gcc -E  conftest.c
conftest.c:21:25: error: sys/bitypes.h: No such file or directory
configure:4075: $? = 1
configure: failed program was:
| /* confdefs.h */
| #define PACKAGE_NAME ""
| #define PACKAGE_TARNAME ""
| #define PACKAGE_VERSION ""
| #define PACKAGE_STRING ""
| #define PACKAGE_BUGREPORT ""
| #define PACKAGE_URL ""
| #define inline inline
| #define HAVE___ATTRIBUTE__ 1
| #define STDC_HEADERS 1
| #define HAVE_SYS_TYPES_H 1
| #define HAVE_SYS_STAT_H 1
| #define HAVE_STDLIB_H 1
| #define HAVE_STRING_H 1
| #define HAVE_MEMORY_H 1
| #define HAVE_STRINGS_H 1
| #define HAVE_INTTYPES_H 1
| #define HAVE_STDINT_H 1
| #define HAVE_UNISTD_H 1
| /* end confdefs.h.  */
| #include <sys/bitypes.h>
configure:4075: result: no
configure:4075: checking for sys/bitypes.h
configure:4075: result: no
configure:4086: checking for int8_t
configure:4086: arm-linux-androideabi-gcc -c -g -O2  conftest.c >&5
configure:4086: $? = 0
configure:4086: arm-linux-androideabi-gcc -c -g -O2  conftest.c >&5
conftest.c: In function 'main':
conftest.c:61: error: expected expression before ')' token
configure:4086: $? = 1
configure: failed program was:
| /* confdefs.h */
| #define PACKAGE_NAME ""
| #define PACKAGE_TARNAME ""
| #define PACKAGE_VERSION ""
| #define PACKAGE_STRING ""
| #define PACKAGE_BUGREPORT ""
| #define PACKAGE_URL ""
| #define inline inline
| #define HAVE___ATTRIBUTE__ 1
| #define STDC_HEADERS 1
| #define HAVE_SYS_TYPES_H 1
| #define HAVE_SYS_STAT_H 1
| #define HAVE_STDLIB_H 1
| #define HAVE_STRING_H 1
| #define HAVE_MEMORY_H 1
| #define HAVE_STRINGS_H 1
| #define HAVE_INTTYPES_H 1
| #define HAVE_STDINT_H 1
| #define HAVE_UNISTD_H 1
| /* end confdefs.h.  */
| #include <stdio.h>
| #ifdef HAVE_SYS_TYPES_H
| # include <sys/types.h>
| #endif
| #ifdef HAVE_SYS_STAT_H
| # include <sys/stat.h>
| #endif
| #ifdef STDC_HEADERS
| # include <stdlib.h>
| # include <stddef.h>
| #else
| # ifdef HAVE_STDLIB_H
| #  include <stdlib.h>
| # endif
| #endif
| #ifdef HAVE_STRING_H
| # if !defined STDC_HEADERS && defined HAVE_MEMORY_H
| #  include <memory.h>
| # endif
| # include <string.h>
| #endif
| #ifdef HAVE_STRINGS_H
| # include <strings.h>
| #endif
| #ifdef HAVE_INTTYPES_H
| # include <inttypes.h>
| #endif
| #ifdef HAVE_STDINT_H
| # include <stdint.h>
| #endif
| #ifdef HAVE_UNISTD_H
| # include <unistd.h>
| #endif
| #ifdef HAVE_SYS_BITYPES_H
| #include <sys/bitypes.h>
| #endif
| 
| int
| main ()
| {
| if (sizeof ((int8_t)))
| 	    return 0;
|   ;
|   return 0;
| }
configure:4086: result: yes
configure:4099: checking for u_int8_t
configure:4099: arm-linux-androideabi-gcc -c -g -O2  conftest.c >&5
configure:4099: $? = 0
configure:4099: arm-linux-androideabi-gcc -c -g -O2  conftest.c >&5
conftest.c: In function 'main':
conftest.c:61: error: expected expression before ')' token
configure:4099: $? = 1
configure: failed program was:
| /* confdefs.h */
| #define PACKAGE_NAME ""
| #define PACKAGE_TARNAME ""
| #define PACKAGE_VERSION ""
| #define PACKAGE_STRING ""
| #define PACKAGE_BUGREPORT ""
| #define PACKAGE_URL ""
| #define inline inline
| #define HAVE___ATTRIBUTE__ 1
| #define STDC_HEADERS 1
| #define HAVE_SYS_TYPES_H 1
| #define HAVE_SYS_STAT_H 1
| #define HAVE_STDLIB_H 1
| #define HAVE_STRING_H 1
| #define HAVE_MEMORY_H 1
| #define HAVE_STRINGS_H 1
| #define HAVE_INTTYPES_H 1
| #define HAVE_STDINT_H 1
| #define HAVE_UNISTD_H 1
| /* end confdefs.h.  */
| #include <stdio.h>
| #ifdef HAVE_SYS_TYPES_H
| # include <sys/types.h>
| #endif
| #ifdef HAVE_SYS_STAT_H
| # include <sys/stat.h>
| #endif
| #ifdef STDC_HEADERS
| # include <stdlib.h>
| # include <stddef.h>
| #else
| # ifdef HAVE_STDLIB_H
| #  include <stdlib.h>
| # endif
| #endif
| #ifdef HAVE_STRING_H
| # if !defined STDC_HEADERS && defined HAVE_MEMORY_H
| #  include <memory.h>
| # endif
| # include <string.h>
| #endif
| #ifdef HAVE_STRINGS_H
| # include <strings.h>
| #endif
| #ifdef HAVE_INTTYPES_H
| # include <inttypes.h>
| #endif
| #ifdef HAVE_STDINT_H
| # include <stdint.h>
| #endif
| #ifdef HAVE_UNISTD_H
| # include <unistd.h>
| #endif
| #ifdef HAVE_SYS_BITYPES_H
| #include <sys/bitypes.h>
| #endif
| 
| int
| main ()
| {
| if (sizeof ((u_int8_t)))
| 	    return 0;
|   ;
|   return 0;
| }
configure:4099: result: yes
configure:4112: checking for int16_t
configure:4112: arm-linux-androideabi-gcc -c -g -O2  conftest.c >&5
configure:4112: $? = 0
configure:4112: arm-linux-androideabi-gcc -c -g -O2  conftest.c >&5
conftest.c: In function 'main':
conftest.c:57: error: expected expression before ')' token
configure:4112: $? = 1
configure: failed program was:
| /* confdefs.h */
| #define PACKAGE_NAME ""
| #define PACKAGE_TARNAME ""
| #define PACKAGE_VERSION ""
| #define PACKAGE_STRING ""
| #define PACKAGE_BUGREPORT ""
| #define PACKAGE_URL ""
| #define inline inline
| #define HAVE___ATTRIBUTE__ 1
| #define STDC_HEADERS 1
| #define HAVE_SYS_TYPES_H 1
| #define HAVE_SYS_STAT_H 1
| #define HAVE_STDLIB_H 1
| #define HAVE_STRING_H 1
| #define HAVE_MEMORY_H 1
| #define HAVE_STRINGS_H 1
| #define HAVE_INTTYPES_H 1
| #define HAVE_STDINT_H 1
| #define HAVE_UNISTD_H 1
| /* end confdefs.h.  */
| #include <stdio.h>
| #ifdef HAVE_SYS_TYPES_H
| # include <sys/types.h>
| #endif
| #ifdef HAVE_SYS_STAT_H
| # include <sys/stat.h>
| #endif
| #ifdef STDC_HEADERS
| # include <stdlib.h>
| # include <stddef.h>
| #else
| # ifdef HAVE_STDLIB_H
| #  include <stdlib.h>
| # endif
| #endif
| #ifdef HAVE_STRING_H
| # if !defined STDC_HEADERS && defined HAVE_MEMORY_H
| #  include <memory.h>
| # endif
| # include <string.h>
| #endif
| #ifdef HAVE_STRINGS_H
| # include <strings.h>
| #endif
| #ifdef HAVE_INTTYPES_H
| # include <inttypes.h>
| #endif
| #ifdef HAVE_STDINT_H
| # include <stdint.h>
| #endif
| #ifdef HAVE_UNISTD_H
| # include <unistd.h>
| #endif
| int
| main ()
| {
| if (sizeof ((int16_t)))
| 	    return 0;
|   ;
|   return 0;
| }
configure:4112: result: yes
configure:4125: checking for u_int16_t
configure:4125: arm-linux-androideabi-gcc -c -g -O2  conftest.c >&5
configure:4125: $? = 0
configure:4125: arm-linux-androideabi-gcc -c -g -O2  conftest.c >&5
conftest.c: In function 'main':
conftest.c:61: error: expected expression before ')' token
configure:4125: $? = 1
configure: failed program was:
| /* confdefs.h */
| #define PACKAGE_NAME ""
| #define PACKAGE_TARNAME ""
| #define PACKAGE_VERSION ""
| #define PACKAGE_STRING ""
| #define PACKAGE_BUGREPORT ""
| #define PACKAGE_URL ""
| #define inline inline
| #define HAVE___ATTRIBUTE__ 1
| #define STDC_HEADERS 1
| #define HAVE_SYS_TYPES_H 1
| #define HAVE_SYS_STAT_H 1
| #define HAVE_STDLIB_H 1
| #define HAVE_STRING_H 1
| #define HAVE_MEMORY_H 1
| #define HAVE_STRINGS_H 1
| #define HAVE_INTTYPES_H 1
| #define HAVE_STDINT_H 1
| #define HAVE_UNISTD_H 1
| /* end confdefs.h.  */
| #include <stdio.h>
| #ifdef HAVE_SYS_TYPES_H
| # include <sys/types.h>
| #endif
| #ifdef HAVE_SYS_STAT_H
| # include <sys/stat.h>
| #endif
| #ifdef STDC_HEADERS
| # include <stdlib.h>
| # include <stddef.h>
| #else
| # ifdef HAVE_STDLIB_H
| #  include <stdlib.h>
| # endif
| #endif
| #ifdef HAVE_STRING_H
| # if !defined STDC_HEADERS && defined HAVE_MEMORY_H
| #  include <memory.h>
| # endif
| # include <string.h>
| #endif
| #ifdef HAVE_STRINGS_H
| # include <strings.h>
| #endif
| #ifdef HAVE_INTTYPES_H
| # include <inttypes.h>
| #endif
| #ifdef HAVE_STDINT_H
| # include <stdint.h>
| #endif
| #ifdef HAVE_UNISTD_H
| # include <unistd.h>
| #endif
| #ifdef HAVE_SYS_BITYPES_H
| #include <sys/bitypes.h>
| #endif
| 
| int
| main ()
| {
| if (sizeof ((u_int16_t)))
| 	    return 0;
|   ;
|   return 0;
| }
configure:4125: result: yes
configure:4138: checking for int32_t
configure:4138: arm-linux-androideabi-gcc -c -g -O2  conftest.c >&5
configure:4138: $? = 0
configure:4138: arm-linux-androideabi-gcc -c -g -O2  conftest.c >&5
conftest.c: In function 'main':
conftest.c:61: error: expected expression before ')' token
configure:4138: $? = 1
configure: failed program was:
| /* confdefs.h */
| #define PACKAGE_NAME ""
| #define PACKAGE_TARNAME ""
| #define PACKAGE_VERSION ""
| #define PACKAGE_STRING ""
| #define PACKAGE_BUGREPORT ""
| #define PACKAGE_URL ""
| #define inline inline
| #define HAVE___ATTRIBUTE__ 1
| #define STDC_HEADERS 1
| #define HAVE_SYS_TYPES_H 1
| #define HAVE_SYS_STAT_H 1
| #define HAVE_STDLIB_H 1
| #define HAVE_STRING_H 1
| #define HAVE_MEMORY_H 1
| #define HAVE_STRINGS_H 1
| #define HAVE_INTTYPES_H 1
| #define HAVE_STDINT_H 1
| #define HAVE_UNISTD_H 1
| /* end confdefs.h.  */
| #include <stdio.h>
| #ifdef HAVE_SYS_TYPES_H
| # include <sys/types.h>
| #endif
| #ifdef HAVE_SYS_STAT_H
| # include <sys/stat.h>
| #endif
| #ifdef STDC_HEADERS
| # include <stdlib.h>
| # include <stddef.h>
| #else
| # ifdef HAVE_STDLIB_H
| #  include <stdlib.h>
| # endif
| #endif
| #ifdef HAVE_STRING_H
| # if !defined STDC_HEADERS && defined HAVE_MEMORY_H
| #  include <memory.h>
| # endif
| # include <string.h>
| #endif
| #ifdef HAVE_STRINGS_H
| # include <strings.h>
| #endif
| #ifdef HAVE_INTTYPES_H
| # include <inttypes.h>
| #endif
| #ifdef HAVE_STDINT_H
| # include <stdint.h>
| #endif
| #ifdef HAVE_UNISTD_H
| # include <unistd.h>
| #endif
| #ifdef HAVE_SYS_BITYPES_H
| #include <sys/bitypes.h>
| #endif
| 
| int
| main ()
| {
| if (sizeof ((int32_t)))
| 	    return 0;
|   ;
|   return 0;
| }
configure:4138: result: yes
configure:4151: checking for u_int32_t
configure:4151: arm-linux-androideabi-gcc -c -g -O2  conftest.c >&5
configure:4151: $? = 0
configure:4151: arm-linux-androideabi-gcc -c -g -O2  conftest.c >&5
conftest.c: In function 'main':
conftest.c:61: error: expected expression before ')' token
configure:4151: $? = 1
configure: failed program was:
| /* confdefs.h */
| #define PACKAGE_NAME ""
| #define PACKAGE_TARNAME ""
| #define PACKAGE_VERSION ""
| #define PACKAGE_STRING ""
| #define PACKAGE_BUGREPORT ""
| #define PACKAGE_URL ""
| #define inline inline
| #define HAVE___ATTRIBUTE__ 1
| #define STDC_HEADERS 1
| #define HAVE_SYS_TYPES_H 1
| #define HAVE_SYS_STAT_H 1
| #define HAVE_STDLIB_H 1
| #define HAVE_STRING_H 1
| #define HAVE_MEMORY_H 1
| #define HAVE_STRINGS_H 1
| #define HAVE_INTTYPES_H 1
| #define HAVE_STDINT_H 1
| #define HAVE_UNISTD_H 1
| /* end confdefs.h.  */
| #include <stdio.h>
| #ifdef HAVE_SYS_TYPES_H
| # include <sys/types.h>
| #endif
| #ifdef HAVE_SYS_STAT_H
| # include <sys/stat.h>
| #endif
| #ifdef STDC_HEADERS
| # include <stdlib.h>
| # include <stddef.h>
| #else
| # ifdef HAVE_STDLIB_H
| #  include <stdlib.h>
| # endif
| #endif
| #ifdef HAVE_STRING_H
| # if !defined STDC_HEADERS && defined HAVE_MEMORY_H
| #  include <memory.h>
| # endif
| # include <string.h>
| #endif
| #ifdef HAVE_STRINGS_H
| # include <strings.h>
| #endif
| #ifdef HAVE_INTTYPES_H
| # include <inttypes.h>
| #endif
| #ifdef HAVE_STDINT_H
| # include <stdint.h>
| #endif
| #ifdef HAVE_UNISTD_H
| # include <unistd.h>
| #endif
| #ifdef HAVE_SYS_BITYPES_H
| #include <sys/bitypes.h>
| #endif
| 
| int
| main ()
| {
| if (sizeof ((u_int32_t)))
| 	    return 0;
|   ;
|   return 0;
| }
configure:4151: result: yes
configure:4164: checking for int64_t
configure:4164: arm-linux-androideabi-gcc -c -g -O2  conftest.c >&5
configure:4164: $? = 0
configure:4164: arm-linux-androideabi-gcc -c -g -O2  conftest.c >&5
conftest.c: In function 'main':
conftest.c:61: error: expected expression before ')' token
configure:4164: $? = 1
configure: failed program was:
| /* confdefs.h */
| #define PACKAGE_NAME ""
| #define PACKAGE_TARNAME ""
| #define PACKAGE_VERSION ""
| #define PACKAGE_STRING ""
| #define PACKAGE_BUGREPORT ""
| #define PACKAGE_URL ""
| #define inline inline
| #define HAVE___ATTRIBUTE__ 1
| #define STDC_HEADERS 1
| #define HAVE_SYS_TYPES_H 1
| #define HAVE_SYS_STAT_H 1
| #define HAVE_STDLIB_H 1
| #define HAVE_STRING_H 1
| #define HAVE_MEMORY_H 1
| #define HAVE_STRINGS_H 1
| #define HAVE_INTTYPES_H 1
| #define HAVE_STDINT_H 1
| #define HAVE_UNISTD_H 1
| /* end confdefs.h.  */
| #include <stdio.h>
| #ifdef HAVE_SYS_TYPES_H
| # include <sys/types.h>
| #endif
| #ifdef HAVE_SYS_STAT_H
| # include <sys/stat.h>
| #endif
| #ifdef STDC_HEADERS
| # include <stdlib.h>
| # include <stddef.h>
| #else
| # ifdef HAVE_STDLIB_H
| #  include <stdlib.h>
| # endif
| #endif
| #ifdef HAVE_STRING_H
| # if !defined STDC_HEADERS && defined HAVE_MEMORY_H
| #  include <memory.h>
| # endif
| # include <string.h>
| #endif
| #ifdef HAVE_STRINGS_H
| # include <strings.h>
| #endif
| #ifdef HAVE_INTTYPES_H
| # include <inttypes.h>
| #endif
| #ifdef HAVE_STDINT_H
| # include <stdint.h>
| #endif
| #ifdef HAVE_UNISTD_H
| # include <unistd.h>
| #endif
| #ifdef HAVE_SYS_BITYPES_H
| #include <sys/bitypes.h>
| #endif
| 
| int
| main ()
| {
| if (sizeof ((int64_t)))
| 	    return 0;
|   ;
|   return 0;
| }
configure:4164: result: yes
configure:4177: checking for u_int64_t
configure:4177: arm-linux-androideabi-gcc -c -g -O2  conftest.c >&5
configure:4177: $? = 0
configure:4177: arm-linux-androideabi-gcc -c -g -O2  conftest.c >&5
conftest.c: In function 'main':
conftest.c:61: error: expected expression before ')' token
configure:4177: $? = 1
configure: failed program was:
| /* confdefs.h */
| #define PACKAGE_NAME ""
| #define PACKAGE_TARNAME ""
| #define PACKAGE_VERSION ""
| #define PACKAGE_STRING ""
| #define PACKAGE_BUGREPORT ""
| #define PACKAGE_URL ""
| #define inline inline
| #define HAVE___ATTRIBUTE__ 1
| #define STDC_HEADERS 1
| #define HAVE_SYS_TYPES_H 1
| #define HAVE_SYS_STAT_H 1
| #define HAVE_STDLIB_H 1
| #define HAVE_STRING_H 1
| #define HAVE_MEMORY_H 1
| #define HAVE_STRINGS_H 1
| #define HAVE_INTTYPES_H 1
| #define HAVE_STDINT_H 1
| #define HAVE_UNISTD_H 1
| /* end confdefs.h.  */
| #include <stdio.h>
| #ifdef HAVE_SYS_TYPES_H
| # include <sys/types.h>
| #endif
| #ifdef HAVE_SYS_STAT_H
| # include <sys/stat.h>
| #endif
| #ifdef STDC_HEADERS
| # include <stdlib.h>
| # include <stddef.h>
| #else
| # ifdef HAVE_STDLIB_H
| #  include <stdlib.h>
| # endif
| #endif
| #ifdef HAVE_STRING_H
| # if !defined STDC_HEADERS && defined HAVE_MEMORY_H
| #  include <memory.h>
| # endif
| # include <string.h>
| #endif
| #ifdef HAVE_STRINGS_H
| # include <strings.h>
| #endif
| #ifdef HAVE_INTTYPES_H
| # include <inttypes.h>
| #endif
| #ifdef HAVE_STDINT_H
| # include <stdint.h>
| #endif
| #ifdef HAVE_UNISTD_H
| # include <unistd.h>
| #endif
| #ifdef HAVE_SYS_BITYPES_H
| #include <sys/bitypes.h>
| #endif
| 
| int
| main ()
| {
| if (sizeof ((u_int64_t)))
| 	    return 0;
|   ;
|   return 0;
| }
configure:4177: result: yes
configure:4201: checking for special C compiler options needed for large files
configure:4246: result: no
configure:4252: checking for _FILE_OFFSET_BITS value needed for large files
configure:4277: arm-linux-androideabi-gcc -c -g -O2  conftest.c >&5
conftest.c:27: warning: left shift count >= width of type
conftest.c:27: warning: left shift count >= width of type
conftest.c:29: error: size of array 'off_t_is_large' is negative
configure:4277: $? = 1
configure: failed program was:
| /* confdefs.h */
| #define PACKAGE_NAME ""
| #define PACKAGE_TARNAME ""
| #define PACKAGE_VERSION ""
| #define PACKAGE_STRING ""
| #define PACKAGE_BUGREPORT ""
| #define PACKAGE_URL ""
| #define inline inline
| #define HAVE___ATTRIBUTE__ 1
| #define STDC_HEADERS 1
| #define HAVE_SYS_TYPES_H 1
| #define HAVE_SYS_STAT_H 1
| #define HAVE_STDLIB_H 1
| #define HAVE_STRING_H 1
| #define HAVE_MEMORY_H 1
| #define HAVE_STRINGS_H 1
| #define HAVE_INTTYPES_H 1
| #define HAVE_STDINT_H 1
| #define HAVE_UNISTD_H 1
| /* end confdefs.h.  */
| #include <sys/types.h>
|  /* Check that off_t can represent 2**63 - 1 correctly.
|     We can't simply define LARGE_OFF_T to be 9223372036854775807,
|     since some C++ compilers masquerading as C compilers
|     incorrectly reject 9223372036854775807.  */
| #define LARGE_OFF_T (((off_t) 1 << 62) - 1 + ((off_t) 1 << 62))
|   int off_t_is_large[(LARGE_OFF_T % 2147483629 == 721
| 		       && LARGE_OFF_T % 2147483647 == 1)
| 		      ? 1 : -1];
| int
| main ()
| {
| 
|   ;
|   return 0;
| }
configure:4301: arm-linux-androideabi-gcc -c -g -O2  conftest.c >&5
conftest.c:28: warning: left shift count >= width of type
conftest.c:28: warning: left shift count >= width of type
conftest.c:30: error: size of array 'off_t_is_large' is negative
configure:4301: $? = 1
configure: failed program was:
| /* confdefs.h */
| #define PACKAGE_NAME ""
| #define PACKAGE_TARNAME ""
| #define PACKAGE_VERSION ""
| #define PACKAGE_STRING ""
| #define PACKAGE_BUGREPORT ""
| #define PACKAGE_URL ""
| #define inline inline
| #define HAVE___ATTRIBUTE__ 1
| #define STDC_HEADERS 1
| #define HAVE_SYS_TYPES_H 1
| #define HAVE_SYS_STAT_H 1
| #define HAVE_STDLIB_H 1
| #define HAVE_STRING_H 1
| #define HAVE_MEMORY_H 1
| #define HAVE_STRINGS_H 1
| #define HAVE_INTTYPES_H 1
| #define HAVE_STDINT_H 1
| #define HAVE_UNISTD_H 1
| /* end confdefs.h.  */
| #define _FILE_OFFSET_BITS 64
| #include <sys/types.h>
|  /* Check that off_t can represent 2**63 - 1 correctly.
|     We can't simply define LARGE_OFF_T to be 9223372036854775807,
|     since some C++ compilers masquerading as C compilers
|     incorrectly reject 9223372036854775807.  */
| #define LARGE_OFF_T (((off_t) 1 << 62) - 1 + ((off_t) 1 << 62))
|   int off_t_is_large[(LARGE_OFF_T % 2147483629 == 721
| 		       && LARGE_OFF_T % 2147483647 == 1)
| 		      ? 1 : -1];
| int
| main ()
| {
| 
|   ;
|   return 0;
| }
configure:4309: result: unknown
configure:4321: checking for _LARGE_FILES value needed for large files
configure:4346: arm-linux-androideabi-gcc -c -g -O2  conftest.c >&5
conftest.c:27: warning: left shift count >= width of type
conftest.c:27: warning: left shift count >= width of type
conftest.c:29: error: size of array 'off_t_is_large' is negative
configure:4346: $? = 1
configure: failed program was:
| /* confdefs.h */
| #define PACKAGE_NAME ""
| #define PACKAGE_TARNAME ""
| #define PACKAGE_VERSION ""
| #define PACKAGE_STRING ""
| #define PACKAGE_BUGREPORT ""
| #define PACKAGE_URL ""
| #define inline inline
| #define HAVE___ATTRIBUTE__ 1
| #define STDC_HEADERS 1
| #define HAVE_SYS_TYPES_H 1
| #define HAVE_SYS_STAT_H 1
| #define HAVE_STDLIB_H 1
| #define HAVE_STRING_H 1
| #define HAVE_MEMORY_H 1
| #define HAVE_STRINGS_H 1
| #define HAVE_INTTYPES_H 1
| #define HAVE_STDINT_H 1
| #define HAVE_UNISTD_H 1
| /* end confdefs.h.  */
| #include <sys/types.h>
|  /* Check that off_t can represent 2**63 - 1 correctly.
|     We can't simply define LARGE_OFF_T to be 9223372036854775807,
|     since some C++ compilers masquerading as C compilers
|     incorrectly reject 9223372036854775807.  */
| #define LARGE_OFF_T (((off_t) 1 << 62) - 1 + ((off_t) 1 << 62))
|   int off_t_is_large[(LARGE_OFF_T % 2147483629 == 721
| 		       && LARGE_OFF_T % 2147483647 == 1)
| 		      ? 1 : -1];
| int
| main ()
| {
| 
|   ;
|   return 0;
| }
configure:4370: arm-linux-androideabi-gcc -c -g -O2  conftest.c >&5
conftest.c:28: warning: left shift count >= width of type
conftest.c:28: warning: left shift count >= width of type
conftest.c:30: error: size of array 'off_t_is_large' is negative
configure:4370: $? = 1
configure: failed program was:
| /* confdefs.h */
| #define PACKAGE_NAME ""
| #define PACKAGE_TARNAME ""
| #define PACKAGE_VERSION ""
| #define PACKAGE_STRING ""
| #define PACKAGE_BUGREPORT ""
| #define PACKAGE_URL ""
| #define inline inline
| #define HAVE___ATTRIBUTE__ 1
| #define STDC_HEADERS 1
| #define HAVE_SYS_TYPES_H 1
| #define HAVE_SYS_STAT_H 1
| #define HAVE_STDLIB_H 1
| #define HAVE_STRING_H 1
| #define HAVE_MEMORY_H 1
| #define HAVE_STRINGS_H 1
| #define HAVE_INTTYPES_H 1
| #define HAVE_STDINT_H 1
| #define HAVE_UNISTD_H 1
| /* end confdefs.h.  */
| #define _LARGE_FILES 1
| #include <sys/types.h>
|  /* Check that off_t can represent 2**63 - 1 correctly.
|     We can't simply define LARGE_OFF_T to be 9223372036854775807,
|     since some C++ compilers masquerading as C compilers
|     incorrectly reject 9223372036854775807.  */
| #define LARGE_OFF_T (((off_t) 1 << 62) - 1 + ((off_t) 1 << 62))
|   int off_t_is_large[(LARGE_OFF_T % 2147483629 == 721
| 		       && LARGE_OFF_T % 2147483647 == 1)
| 		      ? 1 : -1];
| int
| main ()
| {
| 
|   ;
|   return 0;
| }
configure:4378: result: unknown
configure:4392: checking for _LARGEFILE_SOURCE value needed for large files
configure:4411: arm-linux-androideabi-gcc -o conftest -g -O2  -static conftest.c  >&5
configure:4411: $? = 0
configure:4439: result: no
configure:4464: checking sys/ioccom.h usability
configure:4464: arm-linux-androideabi-gcc -c -g -O2  conftest.c >&5
conftest.c:55:24: error: sys/ioccom.h: No such file or directory
configure:4464: $? = 1
configure: failed program was:
| /* confdefs.h */
| #define PACKAGE_NAME ""
| #define PACKAGE_TARNAME ""
| #define PACKAGE_VERSION ""
| #define PACKAGE_STRING ""
| #define PACKAGE_BUGREPORT ""
| #define PACKAGE_URL ""
| #define inline inline
| #define HAVE___ATTRIBUTE__ 1
| #define STDC_HEADERS 1
| #define HAVE_SYS_TYPES_H 1
| #define HAVE_SYS_STAT_H 1
| #define HAVE_STDLIB_H 1
| #define HAVE_STRING_H 1
| #define HAVE_MEMORY_H 1
| #define HAVE_STRINGS_H 1
| #define HAVE_INTTYPES_H 1
| #define HAVE_STDINT_H 1
| #define HAVE_UNISTD_H 1
| #define HAVE_FSEEKO 1
| /* end confdefs.h.  */
| #include <stdio.h>
| #ifdef HAVE_SYS_TYPES_H
| # include <sys/types.h>
| #endif
| #ifdef HAVE_SYS_STAT_H
| # include <sys/stat.h>
| #endif
| #ifdef STDC_HEADERS
| # include <stdlib.h>
| # include <stddef.h>
| #else
| # ifdef HAVE_STDLIB_H
| #  include <stdlib.h>
| # endif
| #endif
| #ifdef HAVE_STRING_H
| # if !defined STDC_HEADERS && defined HAVE_MEMORY_H
| #  include <memory.h>
| # endif
| # include <string.h>
| #endif
| #ifdef HAVE_STRINGS_H
| # include <strings.h>
| #endif
| #ifdef HAVE_INTTYPES_H
| # include <inttypes.h>
| #endif
| #ifdef HAVE_STDINT_H
| # include <stdint.h>
| #endif
| #ifdef HAVE_UNISTD_H
| # include <unistd.h>
| #endif
| #include <sys/ioccom.h>
configure:4464: result: no
configure:4464: checking sys/ioccom.h presence
configure:4464: arm-linux-androideabi-gcc -E  conftest.c
conftest.c:22:24: error: sys/ioccom.h: No such file or directory
configure:4464: $? = 1
configure: failed program was:
| /* confdefs.h */
| #define PACKAGE_NAME ""
| #define PACKAGE_TARNAME ""
| #define PACKAGE_VERSION ""
| #define PACKAGE_STRING ""
| #define PACKAGE_BUGREPORT ""
| #define PACKAGE_URL ""
| #define inline inline
| #define HAVE___ATTRIBUTE__ 1
| #define STDC_HEADERS 1
| #define HAVE_SYS_TYPES_H 1
| #define HAVE_SYS_STAT_H 1
| #define HAVE_STDLIB_H 1
| #define HAVE_STRING_H 1
| #define HAVE_MEMORY_H 1
| #define HAVE_STRINGS_H 1
| #define HAVE_INTTYPES_H 1
| #define HAVE_STDINT_H 1
| #define HAVE_UNISTD_H 1
| #define HAVE_FSEEKO 1
| /* end confdefs.h.  */
| #include <sys/ioccom.h>
configure:4464: result: no
configure:4464: checking for sys/ioccom.h
configure:4464: result: no
configure:4464: checking sys/sockio.h usability
configure:4464: arm-linux-androideabi-gcc -c -g -O2  conftest.c >&5
conftest.c:55:24: error: sys/sockio.h: No such file or directory
configure:4464: $? = 1
configure: failed program was:
| /* confdefs.h */
| #define PACKAGE_NAME ""
| #define PACKAGE_TARNAME ""
| #define PACKAGE_VERSION ""
| #define PACKAGE_STRING ""
| #define PACKAGE_BUGREPORT ""
| #define PACKAGE_URL ""
| #define inline inline
| #define HAVE___ATTRIBUTE__ 1
| #define STDC_HEADERS 1
| #define HAVE_SYS_TYPES_H 1
| #define HAVE_SYS_STAT_H 1
| #define HAVE_STDLIB_H 1
| #define HAVE_STRING_H 1
| #define HAVE_MEMORY_H 1
| #define HAVE_STRINGS_H 1
| #define HAVE_INTTYPES_H 1
| #define HAVE_STDINT_H 1
| #define HAVE_UNISTD_H 1
| #define HAVE_FSEEKO 1
| /* end confdefs.h.  */
| #include <stdio.h>
| #ifdef HAVE_SYS_TYPES_H
| # include <sys/types.h>
| #endif
| #ifdef HAVE_SYS_STAT_H
| # include <sys/stat.h>
| #endif
| #ifdef STDC_HEADERS
| # include <stdlib.h>
| # include <stddef.h>
| #else
| # ifdef HAVE_STDLIB_H
| #  include <stdlib.h>
| # endif
| #endif
| #ifdef HAVE_STRING_H
| # if !defined STDC_HEADERS && defined HAVE_MEMORY_H
| #  include <memory.h>
| # endif
| # include <string.h>
| #endif
| #ifdef HAVE_STRINGS_H
| # include <strings.h>
| #endif
| #ifdef HAVE_INTTYPES_H
| # include <inttypes.h>
| #endif
| #ifdef HAVE_STDINT_H
| # include <stdint.h>
| #endif
| #ifdef HAVE_UNISTD_H
| # include <unistd.h>
| #endif
| #include <sys/sockio.h>
configure:4464: result: no
configure:4464: checking sys/sockio.h presence
configure:4464: arm-linux-androideabi-gcc -E  conftest.c
conftest.c:22:24: error: sys/sockio.h: No such file or directory
configure:4464: $? = 1
configure: failed program was:
| /* confdefs.h */
| #define PACKAGE_NAME ""
| #define PACKAGE_TARNAME ""
| #define PACKAGE_VERSION ""
| #define PACKAGE_STRING ""
| #define PACKAGE_BUGREPORT ""
| #define PACKAGE_URL ""
| #define inline inline
| #define HAVE___ATTRIBUTE__ 1
| #define STDC_HEADERS 1
| #define HAVE_SYS_TYPES_H 1
| #define HAVE_SYS_STAT_H 1
| #define HAVE_STDLIB_H 1
| #define HAVE_STRING_H 1
| #define HAVE_MEMORY_H 1
| #define HAVE_STRINGS_H 1
| #define HAVE_INTTYPES_H 1
| #define HAVE_STDINT_H 1
| #define HAVE_UNISTD_H 1
| #define HAVE_FSEEKO 1
| /* end confdefs.h.  */
| #include <sys/sockio.h>
configure:4464: result: no
configure:4464: checking for sys/sockio.h
configure:4464: result: no
configure:4464: checking limits.h usability
configure:4464: arm-linux-androideabi-gcc -c -g -O2  conftest.c >&5
configure:4464: $? = 0
configure:4464: result: yes
configure:4464: checking limits.h presence
configure:4464: arm-linux-androideabi-gcc -E  conftest.c
configure:4464: $? = 0
configure:4464: result: yes
configure:4464: checking for limits.h
configure:4464: result: yes
configure:4464: checking paths.h usability
configure:4464: arm-linux-androideabi-gcc -c -g -O2  conftest.c >&5
configure:4464: $? = 0
configure:4464: result: yes
configure:4464: checking paths.h presence
configure:4464: arm-linux-androideabi-gcc -E  conftest.c
configure:4464: $? = 0
configure:4464: result: yes
configure:4464: checking for paths.h
configure:4464: result: yes
configure:4477: checking for net/pfvar.h
configure:4477: arm-linux-androideabi-gcc -c -g -O2  conftest.c >&5
conftest.c:28:23: error: net/pfvar.h: No such file or directory
configure:4477: $? = 1
configure: failed program was:
| /* confdefs.h */
| #define PACKAGE_NAME ""
| #define PACKAGE_TARNAME ""
| #define PACKAGE_VERSION ""
| #define PACKAGE_STRING ""
| #define PACKAGE_BUGREPORT ""
| #define PACKAGE_URL ""
| #define inline inline
| #define HAVE___ATTRIBUTE__ 1
| #define STDC_HEADERS 1
| #define HAVE_SYS_TYPES_H 1
| #define HAVE_SYS_STAT_H 1
| #define HAVE_STDLIB_H 1
| #define HAVE_STRING_H 1
| #define HAVE_MEMORY_H 1
| #define HAVE_STRINGS_H 1
| #define HAVE_INTTYPES_H 1
| #define HAVE_STDINT_H 1
| #define HAVE_UNISTD_H 1
| #define HAVE_FSEEKO 1
| #define HAVE_LIMITS_H 1
| #define HAVE_PATHS_H 1
| /* end confdefs.h.  */
| #include <sys/types.h>
| #include <sys/socket.h>
| #include <net/if.h>
| 
| #include <net/pfvar.h>
configure:4477: result: no
configure:4526: checking for netinet/if_ether.h
configure:4526: arm-linux-androideabi-gcc -c -g -O2  conftest.c >&5
configure:4526: $? = 0
configure:4526: result: yes
configure:4570: checking for ANSI ioctl definitions
configure:4598: arm-linux-androideabi-gcc -c -g -O2  conftest.c >&5
configure:4598: $? = 0
configure:4606: result: yes
configure:4618: checking for strerror
configure:4618: arm-linux-androideabi-gcc -o conftest -g -O2  -static conftest.c  >&5
configure:4618: $? = 0
configure:4618: result: yes
configure:4618: checking for strlcpy
configure:4618: arm-linux-androideabi-gcc -o conftest -g -O2  -static conftest.c  >&5
configure:4618: $? = 0
configure:4618: result: yes
configure:4633: checking for vsnprintf
configure:4633: arm-linux-androideabi-gcc -o conftest -g -O2  -static conftest.c  >&5
conftest.c:50: warning: conflicting types for built-in function 'vsnprintf'
configure:4633: $? = 0
configure:4633: result: yes
configure:4633: checking for snprintf
configure:4633: arm-linux-androideabi-gcc -o conftest -g -O2  -static conftest.c  >&5
conftest.c:51: warning: conflicting types for built-in function 'snprintf'
configure:4633: $? = 0
configure:4633: result: yes
configure:4663: checking for library containing gethostbyname
configure:4694: arm-linux-androideabi-gcc -o conftest -g -O2  -static conftest.c  >&5
configure:4694: $? = 0
configure:4711: result: none required
configure:4764: checking for library containing socket
configure:4795: arm-linux-androideabi-gcc -o conftest -g -O2  -static conftest.c  >&5
configure:4795: $? = 0
configure:4812: result: none required
configure:4862: checking for library containing putmsg
configure:4893: arm-linux-androideabi-gcc -o conftest -g -O2  -static conftest.c  >&5
/tmp/ccb5AcF3.o: In function `main':
/home/mogi/nmap-cc/nmap-5.61TEST4/libpcap/conftest.c:40: undefined reference to `putmsg'
collect2: ld returned 1 exit status
configure:4893: $? = 1
configure: failed program was:
| /* confdefs.h */
| #define PACKAGE_NAME ""
| #define PACKAGE_TARNAME ""
| #define PACKAGE_VERSION ""
| #define PACKAGE_STRING ""
| #define PACKAGE_BUGREPORT ""
| #define PACKAGE_URL ""
| #define inline inline
| #define HAVE___ATTRIBUTE__ 1
| #define STDC_HEADERS 1
| #define HAVE_SYS_TYPES_H 1
| #define HAVE_SYS_STAT_H 1
| #define HAVE_STDLIB_H 1
| #define HAVE_STRING_H 1
| #define HAVE_MEMORY_H 1
| #define HAVE_STRINGS_H 1
| #define HAVE_INTTYPES_H 1
| #define HAVE_STDINT_H 1
| #define HAVE_UNISTD_H 1
| #define HAVE_FSEEKO 1
| #define HAVE_LIMITS_H 1
| #define HAVE_PATHS_H 1
| #define HAVE_NETINET_IF_ETHER_H 1
| #define HAVE_STRERROR 1
| #define HAVE_STRLCPY 1
| #define HAVE_VSNPRINTF 1
| #define HAVE_SNPRINTF 1
| /* end confdefs.h.  */
| 
| /* Override any GCC internal prototype to avoid an error.
|    Use char because int might match the return type of a GCC
|    builtin and then its argument prototype would still apply.  */
| #ifdef __cplusplus
| extern "C"
| #endif
| char putmsg ();
| int
| main ()
| {
| return putmsg ();
|   ;
|   return 0;
| }
configure:4893: arm-linux-androideabi-gcc -o conftest -g -O2  -static conftest.c -lstr   >&5
/tmp/ndk/bin/../lib/gcc/arm-linux-androideabi/4.4.3/../../../../arm-linux-androideabi/bin/ld: cannot find -lstr
collect2: ld returned 1 exit status
configure:4893: $? = 1
configure: failed program was:
| /* confdefs.h */
| #define PACKAGE_NAME ""
| #define PACKAGE_TARNAME ""
| #define PACKAGE_VERSION ""
| #define PACKAGE_STRING ""
| #define PACKAGE_BUGREPORT ""
| #define PACKAGE_URL ""
| #define inline inline
| #define HAVE___ATTRIBUTE__ 1
| #define STDC_HEADERS 1
| #define HAVE_SYS_TYPES_H 1
| #define HAVE_SYS_STAT_H 1
| #define HAVE_STDLIB_H 1
| #define HAVE_STRING_H 1
| #define HAVE_MEMORY_H 1
| #define HAVE_STRINGS_H 1
| #define HAVE_INTTYPES_H 1
| #define HAVE_STDINT_H 1
| #define HAVE_UNISTD_H 1
| #define HAVE_FSEEKO 1
| #define HAVE_LIMITS_H 1
| #define HAVE_PATHS_H 1
| #define HAVE_NETINET_IF_ETHER_H 1
| #define HAVE_STRERROR 1
| #define HAVE_STRLCPY 1
| #define HAVE_VSNPRINTF 1
| #define HAVE_SNPRINTF 1
| /* end confdefs.h.  */
| 
| /* Override any GCC internal prototype to avoid an error.
|    Use char because int might match the return type of a GCC
|    builtin and then its argument prototype would still apply.  */
| #ifdef __cplusplus
| extern "C"
| #endif
| char putmsg ();
| int
| main ()
| {
| return putmsg ();
|   ;
|   return 0;
| }
configure:4910: result: no
configure:4933: checking for ether_hostton
configure:4933: arm-linux-androideabi-gcc -o conftest -g -O2  -static conftest.c  >&5
/tmp/ccjbLKSe.o: In function `main':
/home/mogi/nmap-cc/nmap-5.61TEST4/libpcap/conftest.c:63: undefined reference to `ether_hostton'
collect2: ld returned 1 exit status
configure:4933: $? = 1
configure: failed program was:
| /* confdefs.h */
| #define PACKAGE_NAME ""
| #define PACKAGE_TARNAME ""
| #define PACKAGE_VERSION ""
| #define PACKAGE_STRING ""
| #define PACKAGE_BUGREPORT ""
| #define PACKAGE_URL ""
| #define inline inline
| #define HAVE___ATTRIBUTE__ 1
| #define STDC_HEADERS 1
| #define HAVE_SYS_TYPES_H 1
| #define HAVE_SYS_STAT_H 1
| #define HAVE_STDLIB_H 1
| #define HAVE_STRING_H 1
| #define HAVE_MEMORY_H 1
| #define HAVE_STRINGS_H 1
| #define HAVE_INTTYPES_H 1
| #define HAVE_STDINT_H 1
| #define HAVE_UNISTD_H 1
| #define HAVE_FSEEKO 1
| #define HAVE_LIMITS_H 1
| #define HAVE_PATHS_H 1
| #define HAVE_NETINET_IF_ETHER_H 1
| #define HAVE_STRERROR 1
| #define HAVE_STRLCPY 1
| #define HAVE_VSNPRINTF 1
| #define HAVE_SNPRINTF 1
| /* end confdefs.h.  */
| /* Define ether_hostton to an innocuous variant, in case <limits.h> declares ether_hostton.
|    For example, HP-UX 11i <limits.h> declares gettimeofday.  */
| #define ether_hostton innocuous_ether_hostton
| 
| /* System header to define __stub macros and hopefully few prototypes,
|     which can conflict with char ether_hostton (); below.
|     Prefer <limits.h> to <assert.h> if __STDC__ is defined, since
|     <limits.h> exists even on freestanding compilers.  */
| 
| #ifdef __STDC__
| # include <limits.h>
| #else
| # include <assert.h>
| #endif
| 
| #undef ether_hostton
| 
| /* Override any GCC internal prototype to avoid an error.
|    Use char because int might match the return type of a GCC
|    builtin and then its argument prototype would still apply.  */
| #ifdef __cplusplus
| extern "C"
| #endif
| char ether_hostton ();
| /* The GNU C library defines this for functions which it implements
|     to always fail with ENOSYS.  Some functions are actually named
|     something starting with __ and the normal name is an alias.  */
| #if defined __stub_ether_hostton || defined __stub___ether_hostton
| choke me
| #endif
| 
| int
| main ()
| {
| return ether_hostton ();
|   ;
|   return 0;
| }
configure:4933: result: no
configure:5049: checking if --disable-protochain option is specified
configure:5067: result: enabled
configure:5099: checking packet capture type
configure:5143: result: linux
configure:5321: checking Linux kernel version
configure:5339: result: 2
configure:5353: checking for linux/wireless.h
configure:5353: arm-linux-androideabi-gcc -c -g -O2  conftest.c >&5
configure:5353: $? = 0
configure:5353: result: yes
configure:5380: checking for nl_handle_alloc in -lnl
configure:5405: arm-linux-androideabi-gcc -o conftest -g -O2  -static conftest.c -lnl   >&5
/tmp/ndk/bin/../lib/gcc/arm-linux-androideabi/4.4.3/../../../../arm-linux-androideabi/bin/ld: cannot find -lnl
collect2: ld returned 1 exit status
configure:5405: $? = 1
configure: failed program was:
| /* confdefs.h */
| #define PACKAGE_NAME ""
| #define PACKAGE_TARNAME ""
| #define PACKAGE_VERSION ""
| #define PACKAGE_STRING ""
| #define PACKAGE_BUGREPORT ""
| #define PACKAGE_URL ""
| #define inline inline
| #define HAVE___ATTRIBUTE__ 1
| #define STDC_HEADERS 1
| #define HAVE_SYS_TYPES_H 1
| #define HAVE_SYS_STAT_H 1
| #define HAVE_STDLIB_H 1
| #define HAVE_STRING_H 1
| #define HAVE_MEMORY_H 1
| #define HAVE_STRINGS_H 1
| #define HAVE_INTTYPES_H 1
| #define HAVE_STDINT_H 1
| #define HAVE_UNISTD_H 1
| #define HAVE_FSEEKO 1
| #define HAVE_LIMITS_H 1
| #define HAVE_PATHS_H 1
| #define HAVE_NETINET_IF_ETHER_H 1
| #define HAVE_STRERROR 1
| #define HAVE_STRLCPY 1
| #define HAVE_VSNPRINTF 1
| #define HAVE_SNPRINTF 1
| #define HAVE_LINUX_WIRELESS_H 1
| /* end confdefs.h.  */
| 
| /* Override any GCC internal prototype to avoid an error.
|    Use char because int might match the return type of a GCC
|    builtin and then its argument prototype would still apply.  */
| #ifdef __cplusplus
| extern "C"
| #endif
| char nl_handle_alloc ();
| int
| main ()
| {
| return nl_handle_alloc ();
|   ;
|   return 0;
| }
configure:5414: result: no
configure:5430: checking if if_packet.h has tpacket_stats defined
configure:5447: arm-linux-androideabi-gcc -c -g -O2  conftest.c >&5
configure:5447: $? = 0
configure:5455: result: yes
configure:5462: checking if tpacket_auxdata struct has tp_vlan_tci member
configure:5479: arm-linux-androideabi-gcc -c -g -O2  conftest.c >&5
conftest.c: In function 'main':
conftest.c:36: error: 'u_int' undeclared (first use in this function)
conftest.c:36: error: (Each undeclared identifier is reported only once
conftest.c:36: error: for each function it appears in.)
conftest.c:36: error: expected ';' before 'i'
configure:5479: $? = 1
configure: failed program was:
| /* confdefs.h */
| #define PACKAGE_NAME ""
| #define PACKAGE_TARNAME ""
| #define PACKAGE_VERSION ""
| #define PACKAGE_STRING ""
| #define PACKAGE_BUGREPORT ""
| #define PACKAGE_URL ""
| #define inline inline
| #define HAVE___ATTRIBUTE__ 1
| #define STDC_HEADERS 1
| #define HAVE_SYS_TYPES_H 1
| #define HAVE_SYS_STAT_H 1
| #define HAVE_STDLIB_H 1
| #define HAVE_STRING_H 1
| #define HAVE_MEMORY_H 1
| #define HAVE_STRINGS_H 1
| #define HAVE_INTTYPES_H 1
| #define HAVE_STDINT_H 1
| #define HAVE_UNISTD_H 1
| #define HAVE_FSEEKO 1
| #define HAVE_LIMITS_H 1
| #define HAVE_PATHS_H 1
| #define HAVE_NETINET_IF_ETHER_H 1
| #define HAVE_STRERROR 1
| #define HAVE_STRLCPY 1
| #define HAVE_VSNPRINTF 1
| #define HAVE_SNPRINTF 1
| #define HAVE_LINUX_WIRELESS_H 1
| #define HAVE_TPACKET_STATS 1
| /* end confdefs.h.  */
| 
| #	include <linux/if_packet.h>
| int
| main ()
| {
| u_int i = sizeof(((struct tpacket_auxdata *)0)->tp_vlan_tci)
|   ;
|   return 0;
| }
configure:5487: result: no
configure:5596: checking for getifaddrs
configure:5596: arm-linux-androideabi-gcc -o conftest -g -O2  -static conftest.c  >&5
/tmp/cc1ePQuq.o: In function `main':
/home/mogi/nmap-cc/nmap-5.61TEST4/libpcap/conftest.c:65: undefined reference to `getifaddrs'
collect2: ld returned 1 exit status
configure:5596: $? = 1
configure: failed program was:
| /* confdefs.h */
| #define PACKAGE_NAME ""
| #define PACKAGE_TARNAME ""
| #define PACKAGE_VERSION ""
| #define PACKAGE_STRING ""
| #define PACKAGE_BUGREPORT ""
| #define PACKAGE_URL ""
| #define inline inline
| #define HAVE___ATTRIBUTE__ 1
| #define STDC_HEADERS 1
| #define HAVE_SYS_TYPES_H 1
| #define HAVE_SYS_STAT_H 1
| #define HAVE_STDLIB_H 1
| #define HAVE_STRING_H 1
| #define HAVE_MEMORY_H 1
| #define HAVE_STRINGS_H 1
| #define HAVE_INTTYPES_H 1
| #define HAVE_STDINT_H 1
| #define HAVE_UNISTD_H 1
| #define HAVE_FSEEKO 1
| #define HAVE_LIMITS_H 1
| #define HAVE_PATHS_H 1
| #define HAVE_NETINET_IF_ETHER_H 1
| #define HAVE_STRERROR 1
| #define HAVE_STRLCPY 1
| #define HAVE_VSNPRINTF 1
| #define HAVE_SNPRINTF 1
| #define HAVE_LINUX_WIRELESS_H 1
| #define HAVE_TPACKET_STATS 1
| /* end confdefs.h.  */
| /* Define getifaddrs to an innocuous variant, in case <limits.h> declares getifaddrs.
|    For example, HP-UX 11i <limits.h> declares gettimeofday.  */
| #define getifaddrs innocuous_getifaddrs
| 
| /* System header to define __stub macros and hopefully few prototypes,
|     which can conflict with char getifaddrs (); below.
|     Prefer <limits.h> to <assert.h> if __STDC__ is defined, since
|     <limits.h> exists even on freestanding compilers.  */
| 
| #ifdef __STDC__
| # include <limits.h>
| #else
| # include <assert.h>
| #endif
| 
| #undef getifaddrs
| 
| /* Override any GCC internal prototype to avoid an error.
|    Use char because int might match the return type of a GCC
|    builtin and then its argument prototype would still apply.  */
| #ifdef __cplusplus
| extern "C"
| #endif
| char getifaddrs ();
| /* The GNU C library defines this for functions which it implements
|     to always fail with ENOSYS.  Some functions are actually named
|     something starting with __ and the normal name is an alias.  */
| #if defined __stub_getifaddrs || defined __stub___getifaddrs
| choke me
| #endif
| 
| int
| main ()
| {
| return getifaddrs ();
|   ;
|   return 0;
| }
configure:5596: result: no
configure:5719: checking for socklen_t
configure:5735: arm-linux-androideabi-gcc -c -g -O2  conftest.c >&5
configure:5735: $? = 0
configure:5746: result: yes
configure:5757: checking for getaddrinfo
configure:5757: arm-linux-androideabi-gcc -o conftest -g -O2  -static conftest.c  >&5
configure:5757: $? = 0
configure:5757: result: yes
configure:5777: checking whether to build optimizer debugging code
configure:5789: result: no
configure:5792: checking whether to build parser debugging code
configure:5804: result: no
configure:5883: checking whether we have DAG API headers
configure:5906: result: no (/usr/local/include)
configure:6198: checking whether we have the DAG API
configure:6202: result: no
configure:6269: checking whether we have Septel API
configure:6291: result: no
configure:6384: checking whether we have Myricom Sniffer API
configure:6402: result: no (/opt/snf)
configure:6672: checking for arm-linux-androideabi-ranlib
configure:6699: result: arm-linux-androideabi-ranlib
configure:6801: checking if sockaddr struct has the sa_len member
configure:6819: arm-linux-androideabi-gcc -c -g -O2  conftest.c >&5
conftest.c: In function 'main':
conftest.c:39: error: 'struct sockaddr' has no member named 'sa_len'
configure:6819: $? = 1
configure: failed program was:
| /* confdefs.h */
| #define PACKAGE_NAME ""
| #define PACKAGE_TARNAME ""
| #define PACKAGE_VERSION ""
| #define PACKAGE_STRING ""
| #define PACKAGE_BUGREPORT ""
| #define PACKAGE_URL ""
| #define inline inline
| #define HAVE___ATTRIBUTE__ 1
| #define STDC_HEADERS 1
| #define HAVE_SYS_TYPES_H 1
| #define HAVE_SYS_STAT_H 1
| #define HAVE_STDLIB_H 1
| #define HAVE_STRING_H 1
| #define HAVE_MEMORY_H 1
| #define HAVE_STRINGS_H 1
| #define HAVE_INTTYPES_H 1
| #define HAVE_STDINT_H 1
| #define HAVE_UNISTD_H 1
| #define HAVE_FSEEKO 1
| #define HAVE_LIMITS_H 1
| #define HAVE_PATHS_H 1
| #define HAVE_NETINET_IF_ETHER_H 1
| #define HAVE_STRERROR 1
| #define HAVE_STRLCPY 1
| #define HAVE_VSNPRINTF 1
| #define HAVE_SNPRINTF 1
| #define HAVE_LINUX_WIRELESS_H 1
| #define HAVE_TPACKET_STATS 1
| #define HAVE_SOCKLEN_T 1
| #define INET6 1
| /* end confdefs.h.  */
| 
| #	include <sys/types.h>
| #	include <sys/socket.h>
| int
| main ()
| {
| u_int i = sizeof(((struct sockaddr *)0)->sa_len)
|   ;
|   return 0;
| }
configure:6827: result: no
configure:6835: checking if sockaddr_storage struct exists
configure:6853: arm-linux-androideabi-gcc -c -g -O2  conftest.c >&5
configure:6853: $? = 0
configure:6861: result: yes
configure:6869: checking if dl_hp_ppa_info_t struct has dl_module_id_1 member
configure:6888: arm-linux-androideabi-gcc -c -g -O2  conftest.c >&5
conftest.c:36:23: error: sys/dlpi.h: No such file or directory
conftest.c:37:27: error: sys/dlpi_ext.h: No such file or directory
conftest.c: In function 'main':
conftest.c:41: error: 'dl_hp_ppa_info_t' undeclared (first use in this function)
conftest.c:41: error: (Each undeclared identifier is reported only once
conftest.c:41: error: for each function it appears in.)
conftest.c:41: error: expected expression before ')' token
configure:6888: $? = 1
configure: failed program was:
| /* confdefs.h */
| #define PACKAGE_NAME ""
| #define PACKAGE_TARNAME ""
| #define PACKAGE_VERSION ""
| #define PACKAGE_STRING ""
| #define PACKAGE_BUGREPORT ""
| #define PACKAGE_URL ""
| #define inline inline
| #define HAVE___ATTRIBUTE__ 1
| #define STDC_HEADERS 1
| #define HAVE_SYS_TYPES_H 1
| #define HAVE_SYS_STAT_H 1
| #define HAVE_STDLIB_H 1
| #define HAVE_STRING_H 1
| #define HAVE_MEMORY_H 1
| #define HAVE_STRINGS_H 1
| #define HAVE_INTTYPES_H 1
| #define HAVE_STDINT_H 1
| #define HAVE_UNISTD_H 1
| #define HAVE_FSEEKO 1
| #define HAVE_LIMITS_H 1
| #define HAVE_PATHS_H 1
| #define HAVE_NETINET_IF_ETHER_H 1
| #define HAVE_STRERROR 1
| #define HAVE_STRLCPY 1
| #define HAVE_VSNPRINTF 1
| #define HAVE_SNPRINTF 1
| #define HAVE_LINUX_WIRELESS_H 1
| #define HAVE_TPACKET_STATS 1
| #define HAVE_SOCKLEN_T 1
| #define INET6 1
| #define HAVE_SOCKADDR_STORAGE 1
| /* end confdefs.h.  */
| 
| #	include <sys/types.h>
| #	include <sys/dlpi.h>
| #	include <sys/dlpi_ext.h>
| int
| main ()
| {
| u_int i = sizeof(((dl_hp_ppa_info_t *)0)->dl_module_id_1)
|   ;
|   return 0;
| }
configure:6896: result: no
configure:6904: checking if unaligned accesses fail
configure:6991: result: yes
configure:7026: checking for USB sniffing support
configure:7034: result: yes
configure:7045: Device for USB sniffing is /dev/usbmon
configure:7053: checking linux/compiler.h usability
configure:7053: arm-linux-androideabi-gcc -c -g -O2  conftest.c >&5
configure:7053: $? = 0
configure:7053: result: yes
configure:7053: checking linux/compiler.h presence
configure:7053: arm-linux-androideabi-gcc -E  conftest.c
configure:7053: $? = 0
configure:7053: result: yes
configure:7053: checking for linux/compiler.h
configure:7053: result: yes
configure:7069: checking for linux/usbdevice_fs.h
configure:7069: arm-linux-androideabi-gcc -c -g -O2  conftest.c >&5
configure:7069: $? = 0
configure:7069: result: yes
configure:7101: checking if usbdevfs_ctrltransfer struct has bRequestType member
configure:7125: arm-linux-androideabi-gcc -c -g -O2  conftest.c >&5
configure:7125: $? = 0
configure:7133: result: yes
configure:7161: checking bluetooth/bluetooth.h usability
configure:7161: arm-linux-androideabi-gcc -c -g -O2  conftest.c >&5
conftest.c:74:33: error: bluetooth/bluetooth.h: No such file or directory
configure:7161: $? = 1
configure: failed program was:
| /* confdefs.h */
| #define PACKAGE_NAME ""
| #define PACKAGE_TARNAME ""
| #define PACKAGE_VERSION ""
| #define PACKAGE_STRING ""
| #define PACKAGE_BUGREPORT ""
| #define PACKAGE_URL ""
| #define inline inline
| #define HAVE___ATTRIBUTE__ 1
| #define STDC_HEADERS 1
| #define HAVE_SYS_TYPES_H 1
| #define HAVE_SYS_STAT_H 1
| #define HAVE_STDLIB_H 1
| #define HAVE_STRING_H 1
| #define HAVE_MEMORY_H 1
| #define HAVE_STRINGS_H 1
| #define HAVE_INTTYPES_H 1
| #define HAVE_STDINT_H 1
| #define HAVE_UNISTD_H 1
| #define HAVE_FSEEKO 1
| #define HAVE_LIMITS_H 1
| #define HAVE_PATHS_H 1
| #define HAVE_NETINET_IF_ETHER_H 1
| #define HAVE_STRERROR 1
| #define HAVE_STRLCPY 1
| #define HAVE_VSNPRINTF 1
| #define HAVE_SNPRINTF 1
| #define HAVE_LINUX_WIRELESS_H 1
| #define HAVE_TPACKET_STATS 1
| #define HAVE_SOCKLEN_T 1
| #define INET6 1
| #define HAVE_SOCKADDR_STORAGE 1
| #define LBL_ALIGN 1
| #define HAVE_VERSION_H 1
| #define PCAP_SUPPORT_USB 1
| #define LINUX_USB_MON_DEV "/dev/usbmon"
| #define HAVE_LINUX_COMPILER_H 1
| #define HAVE_LINUX_USBDEVICE_FS_H 1
| #define HAVE_USBDEVFS_CTRLTRANSFER_BREQUESTTYPE 1
| /* end confdefs.h.  */
| #include <stdio.h>
| #ifdef HAVE_SYS_TYPES_H
| # include <sys/types.h>
| #endif
| #ifdef HAVE_SYS_STAT_H
| # include <sys/stat.h>
| #endif
| #ifdef STDC_HEADERS
| # include <stdlib.h>
| # include <stddef.h>
| #else
| # ifdef HAVE_STDLIB_H
| #  include <stdlib.h>
| # endif
| #endif
| #ifdef HAVE_STRING_H
| # if !defined STDC_HEADERS && defined HAVE_MEMORY_H
| #  include <memory.h>
| # endif
| # include <string.h>
| #endif
| #ifdef HAVE_STRINGS_H
| # include <strings.h>
| #endif
| #ifdef HAVE_INTTYPES_H
| # include <inttypes.h>
| #endif
| #ifdef HAVE_STDINT_H
| # include <stdint.h>
| #endif
| #ifdef HAVE_UNISTD_H
| # include <unistd.h>
| #endif
| #include <bluetooth/bluetooth.h>
configure:7161: result: no
configure:7161: checking bluetooth/bluetooth.h presence
configure:7161: arm-linux-androideabi-gcc -E  conftest.c
conftest.c:41:33: error: bluetooth/bluetooth.h: No such file or directory
configure:7161: $? = 1
configure: failed program was:
| /* confdefs.h */
| #define PACKAGE_NAME ""
| #define PACKAGE_TARNAME ""
| #define PACKAGE_VERSION ""
| #define PACKAGE_STRING ""
| #define PACKAGE_BUGREPORT ""
| #define PACKAGE_URL ""
| #define inline inline
| #define HAVE___ATTRIBUTE__ 1
| #define STDC_HEADERS 1
| #define HAVE_SYS_TYPES_H 1
| #define HAVE_SYS_STAT_H 1
| #define HAVE_STDLIB_H 1
| #define HAVE_STRING_H 1
| #define HAVE_MEMORY_H 1
| #define HAVE_STRINGS_H 1
| #define HAVE_INTTYPES_H 1
| #define HAVE_STDINT_H 1
| #define HAVE_UNISTD_H 1
| #define HAVE_FSEEKO 1
| #define HAVE_LIMITS_H 1
| #define HAVE_PATHS_H 1
| #define HAVE_NETINET_IF_ETHER_H 1
| #define HAVE_STRERROR 1
| #define HAVE_STRLCPY 1
| #define HAVE_VSNPRINTF 1
| #define HAVE_SNPRINTF 1
| #define HAVE_LINUX_WIRELESS_H 1
| #define HAVE_TPACKET_STATS 1
| #define HAVE_SOCKLEN_T 1
| #define INET6 1
| #define HAVE_SOCKADDR_STORAGE 1
| #define LBL_ALIGN 1
| #define HAVE_VERSION_H 1
| #define PCAP_SUPPORT_USB 1
| #define LINUX_USB_MON_DEV "/dev/usbmon"
| #define HAVE_LINUX_COMPILER_H 1
| #define HAVE_LINUX_USBDEVICE_FS_H 1
| #define HAVE_USBDEVFS_CTRLTRANSFER_BREQUESTTYPE 1
| /* end confdefs.h.  */
| #include <bluetooth/bluetooth.h>
configure:7161: result: no
configure:7161: checking for bluetooth/bluetooth.h
configure:7161: result: no
configure:7172: Bluetooth sniffing is not supported; install bluez-lib devel to enable it
configure:7199: checking for linux/can.h
configure:7199: arm-linux-androideabi-gcc -c -g -O2  conftest.c >&5
conftest.c:44:23: error: linux/can.h: No such file or directory
configure:7199: $? = 1
configure: failed program was:
| /* confdefs.h */
| #define PACKAGE_NAME ""
| #define PACKAGE_TARNAME ""
| #define PACKAGE_VERSION ""
| #define PACKAGE_STRING ""
| #define PACKAGE_BUGREPORT ""
| #define PACKAGE_URL ""
| #define inline inline
| #define HAVE___ATTRIBUTE__ 1
| #define STDC_HEADERS 1
| #define HAVE_SYS_TYPES_H 1
| #define HAVE_SYS_STAT_H 1
| #define HAVE_STDLIB_H 1
| #define HAVE_STRING_H 1
| #define HAVE_MEMORY_H 1
| #define HAVE_STRINGS_H 1
| #define HAVE_INTTYPES_H 1
| #define HAVE_STDINT_H 1
| #define HAVE_UNISTD_H 1
| #define HAVE_FSEEKO 1
| #define HAVE_LIMITS_H 1
| #define HAVE_PATHS_H 1
| #define HAVE_NETINET_IF_ETHER_H 1
| #define HAVE_STRERROR 1
| #define HAVE_STRLCPY 1
| #define HAVE_VSNPRINTF 1
| #define HAVE_SNPRINTF 1
| #define HAVE_LINUX_WIRELESS_H 1
| #define HAVE_TPACKET_STATS 1
| #define HAVE_SOCKLEN_T 1
| #define INET6 1
| #define HAVE_SOCKADDR_STORAGE 1
| #define LBL_ALIGN 1
| #define HAVE_VERSION_H 1
| #define PCAP_SUPPORT_USB 1
| #define LINUX_USB_MON_DEV "/dev/usbmon"
| #define HAVE_LINUX_COMPILER_H 1
| #define HAVE_LINUX_USBDEVICE_FS_H 1
| #define HAVE_USBDEVFS_CTRLTRANSFER_BREQUESTTYPE 1
| /* end confdefs.h.  */
| #include <sys/socket.h>
| 
| 
| #include <linux/can.h>
configure:7199: result: no
configure:7210: CAN sniffing is not supported
configure:7254: checking for a BSD-compatible install
configure:7322: result: /usr/bin/install -c
configure:7441: creating ./config.status

## ---------------------- ##
## Running config.status. ##
## ---------------------- ##

This file was extended by config.status, which was
generated by GNU Autoconf 2.65.  Invocation command line was

  CONFIG_FILES    = 
  CONFIG_HEADERS  = 
  CONFIG_LINKS    = 
  CONFIG_COMMANDS = 
  $ ./config.status 

on nomad

config.status:874: creating Makefile
config.status:874: creating pcap-filter.manmisc
config.status:874: creating pcap-linktype.manmisc
config.status:874: creating pcap-savefile.manfile
config.status:874: creating pcap.3pcap
config.status:874: creating pcap_compile.3pcap
config.status:874: creating pcap_datalink.3pcap
config.status:874: creating pcap_dump_open.3pcap
config.status:874: creating pcap_list_datalinks.3pcap
config.status:874: creating pcap_open_dead.3pcap
config.status:874: creating pcap_open_offline.3pcap
config.status:874: creating config.h
config.status:1040: config.h is unchanged

## ---------------- ##
## Cache variables. ##
## ---------------- ##

ac_cv___attribute__=yes
ac_cv_build=x86_64-unknown-linux-gnu
ac_cv_c_compiler_gnu=yes
ac_cv_env_CC_set=set
ac_cv_env_CC_value=arm-linux-androideabi-gcc
ac_cv_env_CFLAGS_set=
ac_cv_env_CFLAGS_value=
ac_cv_env_CPPFLAGS_set=
ac_cv_env_CPPFLAGS_value=
ac_cv_env_CPP_set=
ac_cv_env_CPP_value=
ac_cv_env_LDFLAGS_set=set
ac_cv_env_LDFLAGS_value=-static
ac_cv_env_LIBS_set=
ac_cv_env_LIBS_value=
ac_cv_env_build_alias_set=
ac_cv_env_build_alias_value=
ac_cv_env_host_alias_set=set
ac_cv_env_host_alias_value=arm-linux-androideabi
ac_cv_env_target_alias_set=
ac_cv_env_target_alias_value=
ac_cv_func_ether_hostton=no
ac_cv_func_getaddrinfo=yes
ac_cv_func_getifaddrs=no
ac_cv_func_snprintf=yes
ac_cv_func_strerror=yes
ac_cv_func_strlcpy=yes
ac_cv_func_vsnprintf=yes
ac_cv_header_bluetooth_bluetooth_h=no
ac_cv_header_inttypes_h=yes
ac_cv_header_limits_h=yes
ac_cv_header_linux_can_h=no
ac_cv_header_linux_compiler_h=yes
ac_cv_header_linux_usbdevice_fs_h=yes
ac_cv_header_linux_wireless_h=yes
ac_cv_header_memory_h=yes
ac_cv_header_net_pfvar_h=no
ac_cv_header_netinet_if_ether_h=yes
ac_cv_header_paths_h=yes
ac_cv_header_stdc=yes
ac_cv_header_stdint_h=yes
ac_cv_header_stdlib_h=yes
ac_cv_header_string_h=yes
ac_cv_header_strings_h=yes
ac_cv_header_sys_bitypes_h=no
ac_cv_header_sys_ioccom_h=no
ac_cv_header_sys_sockio_h=no
ac_cv_header_sys_stat_h=yes
ac_cv_header_sys_types_h=yes
ac_cv_header_unistd_h=yes
ac_cv_host=arm-unknown-linux-androideabi
ac_cv_lbl_dag_api=no
ac_cv_lbl_dl_hp_ppa_info_t_has_dl_module_id_1=no
ac_cv_lbl_gcc_fixincludes=yes
ac_cv_lbl_gcc_vers=4
ac_cv_lbl_has_sockaddr_storage=yes
ac_cv_lbl_inline=inline
ac_cv_lbl_linux_tpacket_auxdata_tp_vlan_tci=no
ac_cv_lbl_septel_api=no
ac_cv_lbl_snf_api=no
ac_cv_lbl_sockaddr_has_sa_len=no
ac_cv_lbl_tpacket_stats=yes
ac_cv_lbl_unaligned_fail=yes
ac_cv_lib_nl_nl_handle_alloc=no
ac_cv_linux_vers=2
ac_cv_objext=o
ac_cv_path_EGREP='/usr/bin/grep -E'
ac_cv_path_GREP=/usr/bin/grep
ac_cv_path_install='/usr/bin/install -c'
ac_cv_prog_CC=arm-linux-androideabi-gcc
ac_cv_prog_CPP='arm-linux-androideabi-gcc -E'
ac_cv_prog_RANLIB=arm-linux-androideabi-ranlib
ac_cv_prog_cc_c89=
ac_cv_prog_cc_g=yes
ac_cv_search_gethostbyname='none required'
ac_cv_search_putmsg=no
ac_cv_search_socket='none required'
ac_cv_sys_file_offset_bits=unknown
ac_cv_sys_large_files=unknown
ac_cv_sys_largefile_CC=no
ac_cv_sys_largefile_source=no
ac_cv_target=arm-unknown-linux-androideabi
ac_cv_type_int16_t=yes
ac_cv_type_int32_t=yes
ac_cv_type_int64_t=yes
ac_cv_type_int8_t=yes
ac_cv_type_u_int16_t=yes
ac_cv_type_u_int32_t=yes
ac_cv_type_u_int64_t=yes
ac_cv_type_u_int8_t=yes
ac_cv_usbdevfs_ctrltransfer_has_bRequestType=yes

## ----------------- ##
## Output variables. ##
## ----------------- ##

ADDLARCHIVEOBJS=''
ADDLOBJS=''
BT_SRC=''
CAN_SRC=''
CC='arm-linux-androideabi-gcc'
CFLAGS='-g -O2'
CPP='arm-linux-androideabi-gcc -E'
CPPFLAGS=''
DEFS='-DHAVE_CONFIG_H'
DYEXT='so'
ECHO_C=''
ECHO_N='-n'
ECHO_T=''
EGREP='/usr/bin/grep -E'
EXEEXT=''
GREP='/usr/bin/grep'
HAVE_LINUX_TPACKET_AUXDATA=''
INSTALL_DATA='${INSTALL} -m 644'
INSTALL_PROGRAM='${INSTALL}'
INSTALL_SCRIPT='${INSTALL}'
LDFLAGS='-static'
LIBOBJS=''
LIBS=''
LTLIBOBJS=''
MAN_FILE_FORMATS='5'
MAN_MISC_INFO='7'
OBJEXT='o'
PACKAGE_BUGREPORT=''
PACKAGE_NAME=''
PACKAGE_STRING=''
PACKAGE_TARNAME=''
PACKAGE_URL=''
PACKAGE_VERSION=''
PATH_SEPARATOR=':'
PCAP_SUPPORT_BT=''
PCAP_SUPPORT_CAN=''
PCAP_SUPPORT_PACKET_RING=''
PCAP_SUPPORT_USB=''
RANLIB='arm-linux-androideabi-ranlib'
SHELL='/bin/sh'
SHLICC2=''
SSRC=''
USB_SRC='pcap-usb-linux.c'
V_CCOPT='-O2 -fpic'
V_DEFS=' -D_U_="__attribute__((unused))"'
V_FINDALLDEVS='gifc'
V_INCLS=''
V_PCAP='linux'
V_RPATH_OPT='-Wl,-rpath,'
V_SHLIB_CMD='$(CC)'
V_SHLIB_OPT='-shared'
V_SONAME_OPT='-Wl,-soname,'
ac_ct_CC=''
bindir='${exec_prefix}/bin'
build='x86_64-unknown-linux-gnu'
build_alias=''
build_cpu='x86_64'
build_os='linux-gnu'
build_vendor='unknown'
datadir='${datarootdir}'
datarootdir='${prefix}/share'
docdir='${datarootdir}/doc/${PACKAGE}'
dvidir='${docdir}'
exec_prefix='${prefix}'
host='arm-unknown-linux-androideabi'
host_alias='arm-linux-androideabi'
host_cpu='arm'
host_os='linux-androideabi'
host_vendor='unknown'
htmldir='${docdir}'
includedir='${prefix}/include'
infodir='${datarootdir}/info'
libdir='${exec_prefix}/lib'
libexecdir='${exec_prefix}/libexec'
localedir='${datarootdir}/locale'
localstatedir='${prefix}/var'
mandir='${datarootdir}/man'
oldincludedir='/usr/include'
pdfdir='${docdir}'
prefix='/sdcard/opt/nmap-5.61TEST4'
program_transform_name='s,x,x,'
psdir='${docdir}'
sbindir='${exec_prefix}/sbin'
sharedstatedir='${prefix}/com'
sysconfdir='${prefix}/etc'
target='arm-unknown-linux-androideabi'
target_alias=''
target_cpu='arm'
target_os='linux-androideabi'
target_vendor='unknown'

## ----------- ##
## confdefs.h. ##
## ----------- ##

/* confdefs.h */
#define PACKAGE_NAME ""
#define PACKAGE_TARNAME ""
#define PACKAGE_VERSION ""
#define PACKAGE_STRING ""
#define PACKAGE_BUGREPORT ""
#define PACKAGE_URL ""
#define inline inline
#define HAVE___ATTRIBUTE__ 1
#define STDC_HEADERS 1
#define HAVE_SYS_TYPES_H 1
#define HAVE_SYS_STAT_H 1
#define HAVE_STDLIB_H 1
#define HAVE_STRING_H 1
#define HAVE_MEMORY_H 1
#define HAVE_STRINGS_H 1
#define HAVE_INTTYPES_H 1
#define HAVE_STDINT_H 1
#define HAVE_UNISTD_H 1
#define HAVE_FSEEKO 1
#define HAVE_LIMITS_H 1
#define HAVE_PATHS_H 1
#define HAVE_NETINET_IF_ETHER_H 1
#define HAVE_STRERROR 1
#define HAVE_STRLCPY 1
#define HAVE_VSNPRINTF 1
#define HAVE_SNPRINTF 1
#define HAVE_LINUX_WIRELESS_H 1
#define HAVE_TPACKET_STATS 1
#define HAVE_SOCKLEN_T 1
#define INET6 1
#define HAVE_SOCKADDR_STORAGE 1
#define LBL_ALIGN 1
#define HAVE_VERSION_H 1
#define PCAP_SUPPORT_USB 1
#define LINUX_USB_MON_DEV "/dev/usbmon"
#define HAVE_LINUX_COMPILER_H 1
#define HAVE_LINUX_USBDEVICE_FS_H 1
#define HAVE_USBDEVFS_CTRLTRANSFER_BREQUESTTYPE 1
#define PCAP_SUPPORT_PACKET_RING 1

configure: exit 0
